INFO - 2025-05-05 08:32:10 --> Session: Class initialized using 'CodeIgniter\Session\Handlers\FileHandler' driver.
INFO - 2025-05-05 08:32:12 --> Session: Class initialized using 'CodeIgniter\Session\Handlers\FileHandler' driver.
INFO - 2025-05-05 08:32:21 --> Session: Class initialized using 'CodeIgniter\Session\Handlers\FileHandler' driver.
WARNING - 2025-05-05 08:32:21 --> [DEPRECATED] Creation of dynamic property App\Controllers\Empresa::$indexdeto is deprecated in APPPATH\Controllers\Empresa.php on line 1098.
 1 APPPATH\Controllers\Empresa.php(1057): App\Controllers\Empresa->_index()
 2 APPPATH\Controllers\Empresa.php(38): App\Controllers\Empresa->_param('1-110301')
 3 SYSTEMPATH\CodeIgniter.php(943): App\Controllers\Empresa->index('1-110301')
 4 SYSTEMPATH\CodeIgniter.php(503): CodeIgniter\CodeIgniter->runController(Object(App\Controllers\Empresa))
 5 SYSTEMPATH\CodeIgniter.php(361): CodeIgniter\CodeIgniter->handleRequest(null, Object(Config\Cache), false)
 6 FCPATH\index.php(79): CodeIgniter\CodeIgniter->run()
INFO - 2025-05-05 08:32:25 --> Session: Class initialized using 'CodeIgniter\Session\Handlers\FileHandler' driver.
INFO - 2025-05-05 08:32:45 --> Session: Class initialized using 'CodeIgniter\Session\Handlers\FileHandler' driver.
WARNING - 2025-05-05 08:32:45 --> [DEPRECATED] Creation of dynamic property App\Controllers\Empresa::$indexdeto is deprecated in APPPATH\Controllers\Empresa.php on line 1098.
 1 APPPATH\Controllers\Empresa.php(1057): App\Controllers\Empresa->_index()
 2 APPPATH\Controllers\Empresa.php(600): App\Controllers\Empresa->_param('1-110301')
 3 SYSTEMPATH\CodeIgniter.php(943): App\Controllers\Empresa->actualizar('1-110301', '1', '1--', 'B', '0')
 4 SYSTEMPATH\CodeIgniter.php(503): CodeIgniter\CodeIgniter->runController(Object(App\Controllers\Empresa))
 5 SYSTEMPATH\CodeIgniter.php(361): CodeIgniter\CodeIgniter->handleRequest(null, Object(Config\Cache), false)
 6 FCPATH\index.php(79): CodeIgniter\CodeIgniter->run()
CRITICAL - 2025-05-05 08:32:45 --> ErrorException: Undefined array key "prm"
in APPPATH\Controllers\Empresa.php on line 789.
 1 APPPATH\Controllers\Empresa.php(789): CodeIgniter\Debug\Exceptions->errorHandler(2, 'Undefined array key "prm"', 'C:\\inetpub\\wwwroot\\HCbpms\\app\\Controllers\\Empresa.php', 789)
 2 APPPATH\Controllers\Empresa.php(616): App\Controllers\Empresa->getCamposConfig('B', '0')
 3 SYSTEMPATH\CodeIgniter.php(943): App\Controllers\Empresa->actualizar('1-110301', '1', '1--', 'B', '0')
 4 SYSTEMPATH\CodeIgniter.php(503): CodeIgniter\CodeIgniter->runController(Object(App\Controllers\Empresa))
 5 SYSTEMPATH\CodeIgniter.php(361): CodeIgniter\CodeIgniter->handleRequest(null, Object(Config\Cache), false)
 6 FCPATH\index.php(79): CodeIgniter\CodeIgniter->run()
INFO - 2025-05-05 08:32:47 --> Session: Class initialized using 'CodeIgniter\Session\Handlers\FileHandler' driver.
INFO - 2025-05-05 08:34:00 --> Session: Class initialized using 'CodeIgniter\Session\Handlers\FileHandler' driver.
WARNING - 2025-05-05 08:34:00 --> [DEPRECATED] Creation of dynamic property App\Controllers\Empresa::$indexdeto is deprecated in APPPATH\Controllers\Empresa.php on line 1098.
 1 APPPATH\Controllers\Empresa.php(1057): App\Controllers\Empresa->_index()
 2 APPPATH\Controllers\Empresa.php(600): App\Controllers\Empresa->_param('1-110301')
 3 SYSTEMPATH\CodeIgniter.php(943): App\Controllers\Empresa->actualizar('1-110301', '2', '2--', 'B', '0')
 4 SYSTEMPATH\CodeIgniter.php(503): CodeIgniter\CodeIgniter->runController(Object(App\Controllers\Empresa))
 5 SYSTEMPATH\CodeIgniter.php(361): CodeIgniter\CodeIgniter->handleRequest(null, Object(Config\Cache), false)
 6 FCPATH\index.php(79): CodeIgniter\CodeIgniter->run()
CRITICAL - 2025-05-05 08:34:00 --> ErrorException: Undefined array key "prm"
in APPPATH\Controllers\Empresa.php on line 789.
 1 APPPATH\Controllers\Empresa.php(789): CodeIgniter\Debug\Exceptions->errorHandler(2, 'Undefined array key "prm"', 'C:\\inetpub\\wwwroot\\HCbpms\\app\\Controllers\\Empresa.php', 789)
 2 APPPATH\Controllers\Empresa.php(616): App\Controllers\Empresa->getCamposConfig('B', '0')
 3 SYSTEMPATH\CodeIgniter.php(943): App\Controllers\Empresa->actualizar('1-110301', '2', '2--', 'B', '0')
 4 SYSTEMPATH\CodeIgniter.php(503): CodeIgniter\CodeIgniter->runController(Object(App\Controllers\Empresa))
 5 SYSTEMPATH\CodeIgniter.php(361): CodeIgniter\CodeIgniter->handleRequest(null, Object(Config\Cache), false)
 6 FCPATH\index.php(79): CodeIgniter\CodeIgniter->run()
INFO - 2025-05-05 08:34:03 --> Session: Class initialized using 'CodeIgniter\Session\Handlers\FileHandler' driver.
INFO - 2025-05-05 08:39:04 --> Session: Class initialized using 'CodeIgniter\Session\Handlers\FileHandler' driver.
INFO - 2025-05-05 08:39:04 --> Session: Class initialized using 'CodeIgniter\Session\Handlers\FileHandler' driver.
INFO - 2025-05-05 08:43:49 --> Session: Class initialized using 'CodeIgniter\Session\Handlers\FileHandler' driver.
INFO - 2025-05-05 14:03:15 --> Session: Class initialized using 'CodeIgniter\Session\Handlers\FileHandler' driver.
INFO - 2025-05-05 14:03:22 --> Session: Class initialized using 'CodeIgniter\Session\Handlers\FileHandler' driver.
INFO - 2025-05-05 14:03:22 --> Session: Class initialized using 'CodeIgniter\Session\Handlers\FileHandler' driver.
INFO - 2025-05-05 14:04:12 --> Session: Class initialized using 'CodeIgniter\Session\Handlers\FileHandler' driver.
INFO - 2025-05-05 14:04:22 --> Session: Class initialized using 'CodeIgniter\Session\Handlers\FileHandler' driver.
WARNING - 2025-05-05 14:04:22 --> [DEPRECATED] Creation of dynamic property App\Controllers\Empresa::$indexdeto is deprecated in APPPATH\Controllers\Empresa.php on line 1098.
 1 APPPATH\Controllers\Empresa.php(1057): App\Controllers\Empresa->_index()
 2 APPPATH\Controllers\Empresa.php(38): App\Controllers\Empresa->_param('1-110301')
 3 SYSTEMPATH\CodeIgniter.php(943): App\Controllers\Empresa->index('1-110301')
 4 SYSTEMPATH\CodeIgniter.php(503): CodeIgniter\CodeIgniter->runController(Object(App\Controllers\Empresa))
 5 SYSTEMPATH\CodeIgniter.php(361): CodeIgniter\CodeIgniter->handleRequest(null, Object(Config\Cache), false)
 6 FCPATH\index.php(79): CodeIgniter\CodeIgniter->run()
INFO - 2025-05-05 14:04:25 --> Session: Class initialized using 'CodeIgniter\Session\Handlers\FileHandler' driver.
INFO - 2025-05-05 14:04:51 --> Session: Class initialized using 'CodeIgniter\Session\Handlers\FileHandler' driver.
WARNING - 2025-05-05 14:04:51 --> [DEPRECATED] Creation of dynamic property App\Controllers\Empresa::$indexdeto is deprecated in APPPATH\Controllers\Empresa.php on line 1098.
 1 APPPATH\Controllers\Empresa.php(1057): App\Controllers\Empresa->_index()
 2 APPPATH\Controllers\Empresa.php(600): App\Controllers\Empresa->_param('1-110301')
 3 SYSTEMPATH\CodeIgniter.php(943): App\Controllers\Empresa->actualizar('1-110301', '2', '2--', 'B', '0')
 4 SYSTEMPATH\CodeIgniter.php(503): CodeIgniter\CodeIgniter->runController(Object(App\Controllers\Empresa))
 5 SYSTEMPATH\CodeIgniter.php(361): CodeIgniter\CodeIgniter->handleRequest(null, Object(Config\Cache), false)
 6 FCPATH\index.php(79): CodeIgniter\CodeIgniter->run()
CRITICAL - 2025-05-05 14:04:51 --> ErrorException: Undefined array key "prm"
in APPPATH\Controllers\Empresa.php on line 789.
 1 APPPATH\Controllers\Empresa.php(789): CodeIgniter\Debug\Exceptions->errorHandler(2, 'Undefined array key "prm"', 'C:\\inetpub\\wwwroot\\HCbpms\\app\\Controllers\\Empresa.php', 789)
 2 APPPATH\Controllers\Empresa.php(616): App\Controllers\Empresa->getCamposConfig('B', '0')
 3 SYSTEMPATH\CodeIgniter.php(943): App\Controllers\Empresa->actualizar('1-110301', '2', '2--', 'B', '0')
 4 SYSTEMPATH\CodeIgniter.php(503): CodeIgniter\CodeIgniter->runController(Object(App\Controllers\Empresa))
 5 SYSTEMPATH\CodeIgniter.php(361): CodeIgniter\CodeIgniter->handleRequest(null, Object(Config\Cache), false)
 6 FCPATH\index.php(79): CodeIgniter\CodeIgniter->run()
INFO - 2025-05-05 14:04:52 --> Session: Class initialized using 'CodeIgniter\Session\Handlers\FileHandler' driver.
INFO - 2025-05-05 14:09:56 --> Session: Class initialized using 'CodeIgniter\Session\Handlers\FileHandler' driver.
INFO - 2025-05-05 14:09:56 --> Session: Class initialized using 'CodeIgniter\Session\Handlers\FileHandler' driver.
INFO - 2025-05-05 14:30:28 --> Session: Class initialized using 'CodeIgniter\Session\Handlers\FileHandler' driver.
INFO - 2025-05-05 14:30:28 --> Session: Class initialized using 'CodeIgniter\Session\Handlers\FileHandler' driver.
INFO - 2025-05-05 14:30:39 --> Session: Class initialized using 'CodeIgniter\Session\Handlers\FileHandler' driver.
WARNING - 2025-05-05 14:30:39 --> [DEPRECATED] Creation of dynamic property App\Controllers\Empresa::$indexdeto is deprecated in APPPATH\Controllers\Empresa.php on line 1098.
 1 APPPATH\Controllers\Empresa.php(1057): App\Controllers\Empresa->_index()
 2 APPPATH\Controllers\Empresa.php(38): App\Controllers\Empresa->_param('1-110301')
 3 SYSTEMPATH\CodeIgniter.php(943): App\Controllers\Empresa->index('1-110301')
 4 SYSTEMPATH\CodeIgniter.php(503): CodeIgniter\CodeIgniter->runController(Object(App\Controllers\Empresa))
 5 SYSTEMPATH\CodeIgniter.php(361): CodeIgniter\CodeIgniter->handleRequest(null, Object(Config\Cache), false)
 6 FCPATH\index.php(79): CodeIgniter\CodeIgniter->run()
INFO - 2025-05-05 14:30:40 --> Session: Class initialized using 'CodeIgniter\Session\Handlers\FileHandler' driver.
INFO - 2025-05-05 14:30:57 --> Session: Class initialized using 'CodeIgniter\Session\Handlers\FileHandler' driver.
WARNING - 2025-05-05 14:30:57 --> [DEPRECATED] Creation of dynamic property App\Controllers\Empresa::$indexdeto is deprecated in APPPATH\Controllers\Empresa.php on line 1098.
 1 APPPATH\Controllers\Empresa.php(1057): App\Controllers\Empresa->_index()
 2 APPPATH\Controllers\Empresa.php(600): App\Controllers\Empresa->_param('1-110301')
 3 SYSTEMPATH\CodeIgniter.php(943): App\Controllers\Empresa->actualizar('1-110301', '1', '1--', 'B', '0')
 4 SYSTEMPATH\CodeIgniter.php(503): CodeIgniter\CodeIgniter->runController(Object(App\Controllers\Empresa))
 5 SYSTEMPATH\CodeIgniter.php(361): CodeIgniter\CodeIgniter->handleRequest(null, Object(Config\Cache), false)
 6 FCPATH\index.php(79): CodeIgniter\CodeIgniter->run()
CRITICAL - 2025-05-05 14:30:57 --> ErrorException: Undefined array key "prm"
in APPPATH\Controllers\Empresa.php on line 789.
 1 APPPATH\Controllers\Empresa.php(789): CodeIgniter\Debug\Exceptions->errorHandler(2, 'Undefined array key "prm"', 'C:\\inetpub\\wwwroot\\HCbpms\\app\\Controllers\\Empresa.php', 789)
 2 APPPATH\Controllers\Empresa.php(616): App\Controllers\Empresa->getCamposConfig('B', '0')
 3 SYSTEMPATH\CodeIgniter.php(943): App\Controllers\Empresa->actualizar('1-110301', '1', '1--', 'B', '0')
 4 SYSTEMPATH\CodeIgniter.php(503): CodeIgniter\CodeIgniter->runController(Object(App\Controllers\Empresa))
 5 SYSTEMPATH\CodeIgniter.php(361): CodeIgniter\CodeIgniter->handleRequest(null, Object(Config\Cache), false)
 6 FCPATH\index.php(79): CodeIgniter\CodeIgniter->run()
INFO - 2025-05-05 14:30:59 --> Session: Class initialized using 'CodeIgniter\Session\Handlers\FileHandler' driver.
INFO - 2025-05-05 14:35:44 --> Session: Class initialized using 'CodeIgniter\Session\Handlers\FileHandler' driver.
WARNING - 2025-05-05 14:35:44 --> [DEPRECATED] Creation of dynamic property App\Controllers\Empresa::$indexdeto is deprecated in APPPATH\Controllers\Empresa.php on line 1098.
 1 APPPATH\Controllers\Empresa.php(1057): App\Controllers\Empresa->_index()
 2 APPPATH\Controllers\Empresa.php(600): App\Controllers\Empresa->_param('1-110301')
 3 SYSTEMPATH\CodeIgniter.php(943): App\Controllers\Empresa->actualizar('1-110301', '1', '1--', 'B', '0')
 4 SYSTEMPATH\CodeIgniter.php(503): CodeIgniter\CodeIgniter->runController(Object(App\Controllers\Empresa))
 5 SYSTEMPATH\CodeIgniter.php(361): CodeIgniter\CodeIgniter->handleRequest(null, Object(Config\Cache), false)
 6 FCPATH\index.php(79): CodeIgniter\CodeIgniter->run()
CRITICAL - 2025-05-05 14:35:44 --> ErrorException: Undefined array key "prm"
in APPPATH\Controllers\Empresa.php on line 789.
 1 APPPATH\Controllers\Empresa.php(789): CodeIgniter\Debug\Exceptions->errorHandler(2, 'Undefined array key "prm"', 'C:\\inetpub\\wwwroot\\HCbpms\\app\\Controllers\\Empresa.php', 789)
 2 APPPATH\Controllers\Empresa.php(616): App\Controllers\Empresa->getCamposConfig('B', '0')
 3 SYSTEMPATH\CodeIgniter.php(943): App\Controllers\Empresa->actualizar('1-110301', '1', '1--', 'B', '0')
 4 SYSTEMPATH\CodeIgniter.php(503): CodeIgniter\CodeIgniter->runController(Object(App\Controllers\Empresa))
 5 SYSTEMPATH\CodeIgniter.php(361): CodeIgniter\CodeIgniter->handleRequest(null, Object(Config\Cache), false)
 6 FCPATH\index.php(79): CodeIgniter\CodeIgniter->run()
INFO - 2025-05-05 14:35:45 --> Session: Class initialized using 'CodeIgniter\Session\Handlers\FileHandler' driver.
INFO - 2025-05-05 14:44:44 --> Session: Class initialized using 'CodeIgniter\Session\Handlers\FileHandler' driver.
INFO - 2025-05-05 14:44:44 --> Session: Class initialized using 'CodeIgniter\Session\Handlers\FileHandler' driver.
