INFO - 2025-03-14 07:07:59 --> Session: Class initialized using 'CodeIgniter\Session\Handlers\FileHandler' driver.
INFO - 2025-03-14 07:09:37 --> Session: Class initialized using 'CodeIgniter\Session\Handlers\FileHandler' driver.
INFO - 2025-03-14 07:09:39 --> Session: Class initialized using 'CodeIgniter\Session\Handlers\FileHandler' driver.
INFO - 2025-03-14 07:09:44 --> Session: Class initialized using 'CodeIgniter\Session\Handlers\FileHandler' driver.
WARNING - 2025-03-14 07:09:44 --> [DEPRECATED] Creation of dynamic property App\Controllers\Empresa::$indexdeto is deprecated in APPPATH\Controllers\Empresa.php on line 1177.
 1 APPPATH\Controllers\Empresa.php(1156): App\Controllers\Empresa->_index()
 2 APPPATH\Controllers\Empresa.php(40): App\Controllers\Empresa->_param('2-220101')
 3 SYSTEMPATH\CodeIgniter.php(943): App\Controllers\Empresa->index('2-220101')
 4 SYSTEMPATH\CodeIgniter.php(503): CodeIgniter\CodeIgniter->runController(Object(App\Controllers\Empresa))
 5 SYSTEMPATH\CodeIgniter.php(361): CodeIgniter\CodeIgniter->handleRequest(null, Object(Config\Cache), false)
 6 FCPATH\index.php(79): CodeIgniter\CodeIgniter->run()
INFO - 2025-03-14 07:09:47 --> Session: Class initialized using 'CodeIgniter\Session\Handlers\FileHandler' driver.
INFO - 2025-03-14 07:10:54 --> Session: Class initialized using 'CodeIgniter\Session\Handlers\FileHandler' driver.
WARNING - 2025-03-14 07:10:54 --> [DEPRECATED] Creation of dynamic property App\Controllers\Empresa::$indexdeto is deprecated in APPPATH\Controllers\Empresa.php on line 1177.
 1 APPPATH\Controllers\Empresa.php(1156): App\Controllers\Empresa->_index()
 2 APPPATH\Controllers\Empresa.php(40): App\Controllers\Empresa->_param('2-220101')
 3 SYSTEMPATH\CodeIgniter.php(943): App\Controllers\Empresa->index('2-220101')
 4 SYSTEMPATH\CodeIgniter.php(503): CodeIgniter\CodeIgniter->runController(Object(App\Controllers\Empresa))
 5 SYSTEMPATH\CodeIgniter.php(361): CodeIgniter\CodeIgniter->handleRequest(null, Object(Config\Cache), false)
 6 FCPATH\index.php(79): CodeIgniter\CodeIgniter->run()
INFO - 2025-03-14 07:10:54 --> Session: Class initialized using 'CodeIgniter\Session\Handlers\FileHandler' driver.
INFO - 2025-03-14 07:11:09 --> Session: Class initialized using 'CodeIgniter\Session\Handlers\FileHandler' driver.
INFO - 2025-03-14 07:11:09 --> Session: Class initialized using 'CodeIgniter\Session\Handlers\FileHandler' driver.
INFO - 2025-03-14 07:11:13 --> Session: Class initialized using 'CodeIgniter\Session\Handlers\FileHandler' driver.
WARNING - 2025-03-14 07:11:13 --> [DEPRECATED] Creation of dynamic property App\Controllers\Empresa::$indexdeto is deprecated in APPPATH\Controllers\Empresa.php on line 1177.
 1 APPPATH\Controllers\Empresa.php(1156): App\Controllers\Empresa->_index()
 2 APPPATH\Controllers\Empresa.php(40): App\Controllers\Empresa->_param('2-220101')
 3 SYSTEMPATH\CodeIgniter.php(943): App\Controllers\Empresa->index('2-220101')
 4 SYSTEMPATH\CodeIgniter.php(503): CodeIgniter\CodeIgniter->runController(Object(App\Controllers\Empresa))
 5 SYSTEMPATH\CodeIgniter.php(361): CodeIgniter\CodeIgniter->handleRequest(null, Object(Config\Cache), false)
 6 FCPATH\index.php(79): CodeIgniter\CodeIgniter->run()
INFO - 2025-03-14 07:11:13 --> Session: Class initialized using 'CodeIgniter\Session\Handlers\FileHandler' driver.
INFO - 2025-03-14 07:11:21 --> Session: Class initialized using 'CodeIgniter\Session\Handlers\FileHandler' driver.
WARNING - 2025-03-14 07:11:21 --> [DEPRECATED] Creation of dynamic property App\Controllers\Empresa::$indexdeto is deprecated in APPPATH\Controllers\Empresa.php on line 1177.
 1 APPPATH\Controllers\Empresa.php(1156): App\Controllers\Empresa->_index()
 2 APPPATH\Controllers\Empresa.php(621): App\Controllers\Empresa->_param('2-220101')
 3 SYSTEMPATH\CodeIgniter.php(943): App\Controllers\Empresa->actualizar('2-220101', '1', '25--')
 4 SYSTEMPATH\CodeIgniter.php(503): CodeIgniter\CodeIgniter->runController(Object(App\Controllers\Empresa))
 5 SYSTEMPATH\CodeIgniter.php(361): CodeIgniter\CodeIgniter->handleRequest(null, Object(Config\Cache), false)
 6 FCPATH\index.php(79): CodeIgniter\CodeIgniter->run()
INFO - 2025-03-14 07:11:23 --> Session: Class initialized using 'CodeIgniter\Session\Handlers\FileHandler' driver.
INFO - 2025-03-14 07:18:27 --> Session: Class initialized using 'CodeIgniter\Session\Handlers\FileHandler' driver.
INFO - 2025-03-14 07:18:27 --> Session: Class initialized using 'CodeIgniter\Session\Handlers\FileHandler' driver.
INFO - 2025-03-14 07:19:55 --> Session: Class initialized using 'CodeIgniter\Session\Handlers\FileHandler' driver.
INFO - 2025-03-14 07:19:56 --> Session: Class initialized using 'CodeIgniter\Session\Handlers\FileHandler' driver.
INFO - 2025-03-14 07:20:01 --> Session: Class initialized using 'CodeIgniter\Session\Handlers\FileHandler' driver.
WARNING - 2025-03-14 07:20:01 --> [DEPRECATED] Creation of dynamic property App\Controllers\Empresa::$indexdeto is deprecated in APPPATH\Controllers\Empresa.php on line 1177.
 1 APPPATH\Controllers\Empresa.php(1156): App\Controllers\Empresa->_index()
 2 APPPATH\Controllers\Empresa.php(40): App\Controllers\Empresa->_param('2-220101')
 3 SYSTEMPATH\CodeIgniter.php(943): App\Controllers\Empresa->index('2-220101')
 4 SYSTEMPATH\CodeIgniter.php(503): CodeIgniter\CodeIgniter->runController(Object(App\Controllers\Empresa))
 5 SYSTEMPATH\CodeIgniter.php(361): CodeIgniter\CodeIgniter->handleRequest(null, Object(Config\Cache), false)
 6 FCPATH\index.php(79): CodeIgniter\CodeIgniter->run()
INFO - 2025-03-14 07:20:01 --> Session: Class initialized using 'CodeIgniter\Session\Handlers\FileHandler' driver.
INFO - 2025-03-14 07:20:22 --> Session: Class initialized using 'CodeIgniter\Session\Handlers\FileHandler' driver.
WARNING - 2025-03-14 07:20:22 --> [DEPRECATED] Creation of dynamic property App\Controllers\Empresa::$indexdeto is deprecated in APPPATH\Controllers\Empresa.php on line 1177.
 1 APPPATH\Controllers\Empresa.php(1156): App\Controllers\Empresa->_index()
 2 APPPATH\Controllers\Empresa.php(621): App\Controllers\Empresa->_param('2-220101')
 3 SYSTEMPATH\CodeIgniter.php(943): App\Controllers\Empresa->actualizar('2-220101', '1', '25--')
 4 SYSTEMPATH\CodeIgniter.php(503): CodeIgniter\CodeIgniter->runController(Object(App\Controllers\Empresa))
 5 SYSTEMPATH\CodeIgniter.php(361): CodeIgniter\CodeIgniter->handleRequest(null, Object(Config\Cache), false)
 6 FCPATH\index.php(79): CodeIgniter\CodeIgniter->run()
INFO - 2025-03-14 07:20:23 --> Session: Class initialized using 'CodeIgniter\Session\Handlers\FileHandler' driver.
INFO - 2025-03-14 07:22:14 --> Session: Class initialized using 'CodeIgniter\Session\Handlers\FileHandler' driver.
WARNING - 2025-03-14 07:22:14 --> [DEPRECATED] Creation of dynamic property App\Controllers\Empresa::$indexdeto is deprecated in APPPATH\Controllers\Empresa.php on line 1177.
 1 APPPATH\Controllers\Empresa.php(1156): App\Controllers\Empresa->_index()
 2 APPPATH\Controllers\Empresa.php(621): App\Controllers\Empresa->_param('2-220101')
 3 SYSTEMPATH\CodeIgniter.php(943): App\Controllers\Empresa->actualizar('2-220101', '1', '25--')
 4 SYSTEMPATH\CodeIgniter.php(503): CodeIgniter\CodeIgniter->runController(Object(App\Controllers\Empresa))
 5 SYSTEMPATH\CodeIgniter.php(361): CodeIgniter\CodeIgniter->handleRequest(null, Object(Config\Cache), false)
 6 FCPATH\index.php(79): CodeIgniter\CodeIgniter->run()
INFO - 2025-03-14 07:22:15 --> Session: Class initialized using 'CodeIgniter\Session\Handlers\FileHandler' driver.
INFO - 2025-03-14 07:24:57 --> Session: Class initialized using 'CodeIgniter\Session\Handlers\FileHandler' driver.
ERROR - 2025-03-14 07:24:57 --> Sesión expirada por inactividad
INFO - 2025-03-14 07:24:57 --> Session: Class initialized using 'CodeIgniter\Session\Handlers\FileHandler' driver.
INFO - 2025-03-14 07:25:03 --> Session: Class initialized using 'CodeIgniter\Session\Handlers\FileHandler' driver.
INFO - 2025-03-14 07:25:03 --> Session: Class initialized using 'CodeIgniter\Session\Handlers\FileHandler' driver.
INFO - 2025-03-14 07:25:08 --> Session: Class initialized using 'CodeIgniter\Session\Handlers\FileHandler' driver.
INFO - 2025-03-14 07:25:08 --> Session: Class initialized using 'CodeIgniter\Session\Handlers\FileHandler' driver.
INFO - 2025-03-14 07:25:12 --> Session: Class initialized using 'CodeIgniter\Session\Handlers\FileHandler' driver.
WARNING - 2025-03-14 07:25:12 --> [DEPRECATED] Creation of dynamic property App\Controllers\Empresa::$indexdeto is deprecated in APPPATH\Controllers\Empresa.php on line 1177.
 1 APPPATH\Controllers\Empresa.php(1156): App\Controllers\Empresa->_index()
 2 APPPATH\Controllers\Empresa.php(40): App\Controllers\Empresa->_param('2-220101')
 3 SYSTEMPATH\CodeIgniter.php(943): App\Controllers\Empresa->index('2-220101')
 4 SYSTEMPATH\CodeIgniter.php(503): CodeIgniter\CodeIgniter->runController(Object(App\Controllers\Empresa))
 5 SYSTEMPATH\CodeIgniter.php(361): CodeIgniter\CodeIgniter->handleRequest(null, Object(Config\Cache), false)
 6 FCPATH\index.php(79): CodeIgniter\CodeIgniter->run()
INFO - 2025-03-14 07:25:13 --> Session: Class initialized using 'CodeIgniter\Session\Handlers\FileHandler' driver.
INFO - 2025-03-14 07:25:17 --> Session: Class initialized using 'CodeIgniter\Session\Handlers\FileHandler' driver.
WARNING - 2025-03-14 07:25:17 --> [DEPRECATED] Creation of dynamic property App\Controllers\Empresa::$indexdeto is deprecated in APPPATH\Controllers\Empresa.php on line 1177.
 1 APPPATH\Controllers\Empresa.php(1156): App\Controllers\Empresa->_index()
 2 APPPATH\Controllers\Empresa.php(621): App\Controllers\Empresa->_param('2-220101')
 3 SYSTEMPATH\CodeIgniter.php(943): App\Controllers\Empresa->actualizar('2-220101', '1', '25--')
 4 SYSTEMPATH\CodeIgniter.php(503): CodeIgniter\CodeIgniter->runController(Object(App\Controllers\Empresa))
 5 SYSTEMPATH\CodeIgniter.php(361): CodeIgniter\CodeIgniter->handleRequest(null, Object(Config\Cache), false)
 6 FCPATH\index.php(79): CodeIgniter\CodeIgniter->run()
INFO - 2025-03-14 07:25:18 --> Session: Class initialized using 'CodeIgniter\Session\Handlers\FileHandler' driver.
INFO - 2025-03-14 07:25:34 --> Session: Class initialized using 'CodeIgniter\Session\Handlers\FileHandler' driver.
WARNING - 2025-03-14 07:25:34 --> [DEPRECATED] Creation of dynamic property App\Controllers\Empresa::$indexdeto is deprecated in APPPATH\Controllers\Empresa.php on line 1177.
 1 APPPATH\Controllers\Empresa.php(1156): App\Controllers\Empresa->_index()
 2 APPPATH\Controllers\Empresa.php(621): App\Controllers\Empresa->_param('2-220101')
 3 SYSTEMPATH\CodeIgniter.php(943): App\Controllers\Empresa->actualizar('2-220101', '11', '6--')
 4 SYSTEMPATH\CodeIgniter.php(503): CodeIgniter\CodeIgniter->runController(Object(App\Controllers\Empresa))
 5 SYSTEMPATH\CodeIgniter.php(361): CodeIgniter\CodeIgniter->handleRequest(null, Object(Config\Cache), false)
 6 FCPATH\index.php(79): CodeIgniter\CodeIgniter->run()
INFO - 2025-03-14 07:25:36 --> Session: Class initialized using 'CodeIgniter\Session\Handlers\FileHandler' driver.
INFO - 2025-03-14 07:25:47 --> Session: Class initialized using 'CodeIgniter\Session\Handlers\FileHandler' driver.
WARNING - 2025-03-14 07:25:47 --> [DEPRECATED] Creation of dynamic property App\Controllers\Empresa::$indexdeto is deprecated in APPPATH\Controllers\Empresa.php on line 1177.
 1 APPPATH\Controllers\Empresa.php(1156): App\Controllers\Empresa->_index()
 2 APPPATH\Controllers\Empresa.php(621): App\Controllers\Empresa->_param('2-220101')
 3 SYSTEMPATH\CodeIgniter.php(943): App\Controllers\Empresa->actualizar('2-220101', '15', '10--')
 4 SYSTEMPATH\CodeIgniter.php(503): CodeIgniter\CodeIgniter->runController(Object(App\Controllers\Empresa))
 5 SYSTEMPATH\CodeIgniter.php(361): CodeIgniter\CodeIgniter->handleRequest(null, Object(Config\Cache), false)
 6 FCPATH\index.php(79): CodeIgniter\CodeIgniter->run()
INFO - 2025-03-14 07:25:48 --> Session: Class initialized using 'CodeIgniter\Session\Handlers\FileHandler' driver.
INFO - 2025-03-14 07:25:57 --> Session: Class initialized using 'CodeIgniter\Session\Handlers\FileHandler' driver.
INFO - 2025-03-14 07:25:57 --> Session: Class initialized using 'CodeIgniter\Session\Handlers\FileHandler' driver.
INFO - 2025-03-14 07:26:03 --> Session: Class initialized using 'CodeIgniter\Session\Handlers\FileHandler' driver.
INFO - 2025-03-14 07:26:03 --> Session: Class initialized using 'CodeIgniter\Session\Handlers\FileHandler' driver.
INFO - 2025-03-14 07:26:12 --> Session: Class initialized using 'CodeIgniter\Session\Handlers\FileHandler' driver.
WARNING - 2025-03-14 07:26:12 --> [DEPRECATED] Creation of dynamic property App\Controllers\Empresa::$indexdeto is deprecated in APPPATH\Controllers\Empresa.php on line 1177.
 1 APPPATH\Controllers\Empresa.php(1156): App\Controllers\Empresa->_index()
 2 APPPATH\Controllers\Empresa.php(40): App\Controllers\Empresa->_param('2-220101')
 3 SYSTEMPATH\CodeIgniter.php(943): App\Controllers\Empresa->index('2-220101')
 4 SYSTEMPATH\CodeIgniter.php(503): CodeIgniter\CodeIgniter->runController(Object(App\Controllers\Empresa))
 5 SYSTEMPATH\CodeIgniter.php(361): CodeIgniter\CodeIgniter->handleRequest(null, Object(Config\Cache), false)
 6 FCPATH\index.php(79): CodeIgniter\CodeIgniter->run()
INFO - 2025-03-14 07:26:12 --> Session: Class initialized using 'CodeIgniter\Session\Handlers\FileHandler' driver.
INFO - 2025-03-14 07:27:02 --> Session: Class initialized using 'CodeIgniter\Session\Handlers\FileHandler' driver.
WARNING - 2025-03-14 07:27:02 --> [DEPRECATED] Creation of dynamic property App\Controllers\Empresa::$indexdeto is deprecated in APPPATH\Controllers\Empresa.php on line 1177.
 1 APPPATH\Controllers\Empresa.php(1156): App\Controllers\Empresa->_index()
 2 APPPATH\Controllers\Empresa.php(256): App\Controllers\Empresa->_param('2-220101')
 3 SYSTEMPATH\CodeIgniter.php(943): App\Controllers\Empresa->nuevo('2-220101')
 4 SYSTEMPATH\CodeIgniter.php(503): CodeIgniter\CodeIgniter->runController(Object(App\Controllers\Empresa))
 5 SYSTEMPATH\CodeIgniter.php(361): CodeIgniter\CodeIgniter->handleRequest(null, Object(Config\Cache), false)
 6 FCPATH\index.php(79): CodeIgniter\CodeIgniter->run()
INFO - 2025-03-14 07:27:03 --> Session: Class initialized using 'CodeIgniter\Session\Handlers\FileHandler' driver.
INFO - 2025-03-14 07:27:07 --> Session: Class initialized using 'CodeIgniter\Session\Handlers\FileHandler' driver.
WARNING - 2025-03-14 07:27:07 --> [DEPRECATED] Creation of dynamic property App\Controllers\Empresa::$indexdeto is deprecated in APPPATH\Controllers\Empresa.php on line 1177.
 1 APPPATH\Controllers\Empresa.php(1156): App\Controllers\Empresa->_index()
 2 APPPATH\Controllers\Empresa.php(179): App\Controllers\Empresa->_param('2-220101')
 3 SYSTEMPATH\CodeIgniter.php(943): App\Controllers\Empresa->detalle('2-220101', '1', '25--')
 4 SYSTEMPATH\CodeIgniter.php(503): CodeIgniter\CodeIgniter->runController(Object(App\Controllers\Empresa))
 5 SYSTEMPATH\CodeIgniter.php(361): CodeIgniter\CodeIgniter->handleRequest(null, Object(Config\Cache), false)
 6 FCPATH\index.php(79): CodeIgniter\CodeIgniter->run()
INFO - 2025-03-14 07:27:10 --> Session: Class initialized using 'CodeIgniter\Session\Handlers\FileHandler' driver.
WARNING - 2025-03-14 07:27:10 --> [DEPRECATED] Creation of dynamic property App\Controllers\Empresa::$indexdeto is deprecated in APPPATH\Controllers\Empresa.php on line 1177.
 1 APPPATH\Controllers\Empresa.php(1156): App\Controllers\Empresa->_index()
 2 APPPATH\Controllers\Empresa.php(621): App\Controllers\Empresa->_param('2-220101')
 3 SYSTEMPATH\CodeIgniter.php(943): App\Controllers\Empresa->actualizar('2-220101', '1', '25--9--', 'D', '0', 'catalogo|1|25--')
 4 SYSTEMPATH\CodeIgniter.php(503): CodeIgniter\CodeIgniter->runController(Object(App\Controllers\Empresa))
 5 SYSTEMPATH\CodeIgniter.php(361): CodeIgniter\CodeIgniter->handleRequest(null, Object(Config\Cache), false)
 6 FCPATH\index.php(79): CodeIgniter\CodeIgniter->run()
INFO - 2025-03-14 07:27:12 --> Session: Class initialized using 'CodeIgniter\Session\Handlers\FileHandler' driver.
INFO - 2025-03-14 07:27:39 --> Session: Class initialized using 'CodeIgniter\Session\Handlers\FileHandler' driver.
WARNING - 2025-03-14 07:27:39 --> [DEPRECATED] Creation of dynamic property App\Controllers\Empresa::$indexdeto is deprecated in APPPATH\Controllers\Empresa.php on line 1177.
 1 APPPATH\Controllers\Empresa.php(1156): App\Controllers\Empresa->_index()
 2 APPPATH\Controllers\Empresa.php(256): App\Controllers\Empresa->_param('2-220101')
 3 SYSTEMPATH\CodeIgniter.php(943): App\Controllers\Empresa->nuevo('2-220101')
 4 SYSTEMPATH\CodeIgniter.php(503): CodeIgniter\CodeIgniter->runController(Object(App\Controllers\Empresa))
 5 SYSTEMPATH\CodeIgniter.php(361): CodeIgniter\CodeIgniter->handleRequest(null, Object(Config\Cache), false)
 6 FCPATH\index.php(79): CodeIgniter\CodeIgniter->run()
INFO - 2025-03-14 07:27:40 --> Session: Class initialized using 'CodeIgniter\Session\Handlers\FileHandler' driver.
INFO - 2025-03-14 07:28:19 --> Session: Class initialized using 'CodeIgniter\Session\Handlers\FileHandler' driver.
INFO - 2025-03-14 07:28:19 --> Session: Class initialized using 'CodeIgniter\Session\Handlers\FileHandler' driver.
INFO - 2025-03-14 07:34:03 --> Session: Class initialized using 'CodeIgniter\Session\Handlers\FileHandler' driver.
INFO - 2025-03-14 07:34:03 --> Session: Class initialized using 'CodeIgniter\Session\Handlers\FileHandler' driver.
INFO - 2025-03-14 08:08:22 --> Session: Class initialized using 'CodeIgniter\Session\Handlers\FileHandler' driver.
INFO - 2025-03-14 08:08:22 --> Session: Class initialized using 'CodeIgniter\Session\Handlers\FileHandler' driver.
INFO - 2025-03-14 08:08:32 --> Session: Class initialized using 'CodeIgniter\Session\Handlers\FileHandler' driver.
WARNING - 2025-03-14 08:08:32 --> [DEPRECATED] Creation of dynamic property App\Controllers\Empresa::$indexdeto is deprecated in APPPATH\Controllers\Empresa.php on line 1177.
 1 APPPATH\Controllers\Empresa.php(1156): App\Controllers\Empresa->_index()
 2 APPPATH\Controllers\Empresa.php(40): App\Controllers\Empresa->_param('2-220101')
 3 SYSTEMPATH\CodeIgniter.php(943): App\Controllers\Empresa->index('2-220101')
 4 SYSTEMPATH\CodeIgniter.php(503): CodeIgniter\CodeIgniter->runController(Object(App\Controllers\Empresa))
 5 SYSTEMPATH\CodeIgniter.php(361): CodeIgniter\CodeIgniter->handleRequest(null, Object(Config\Cache), false)
 6 FCPATH\index.php(79): CodeIgniter\CodeIgniter->run()
INFO - 2025-03-14 08:08:32 --> Session: Class initialized using 'CodeIgniter\Session\Handlers\FileHandler' driver.
INFO - 2025-03-14 08:08:44 --> Session: Class initialized using 'CodeIgniter\Session\Handlers\FileHandler' driver.
WARNING - 2025-03-14 08:08:44 --> [DEPRECATED] Creation of dynamic property App\Controllers\Empresa::$indexdeto is deprecated in APPPATH\Controllers\Empresa.php on line 1177.
 1 APPPATH\Controllers\Empresa.php(1156): App\Controllers\Empresa->_index()
 2 APPPATH\Controllers\Empresa.php(256): App\Controllers\Empresa->_param('2-220101')
 3 SYSTEMPATH\CodeIgniter.php(943): App\Controllers\Empresa->nuevo('2-220101')
 4 SYSTEMPATH\CodeIgniter.php(503): CodeIgniter\CodeIgniter->runController(Object(App\Controllers\Empresa))
 5 SYSTEMPATH\CodeIgniter.php(361): CodeIgniter\CodeIgniter->handleRequest(null, Object(Config\Cache), false)
 6 FCPATH\index.php(79): CodeIgniter\CodeIgniter->run()
INFO - 2025-03-14 08:08:45 --> Session: Class initialized using 'CodeIgniter\Session\Handlers\FileHandler' driver.
INFO - 2025-03-14 08:09:58 --> Session: Class initialized using 'CodeIgniter\Session\Handlers\FileHandler' driver.
WARNING - 2025-03-14 08:09:58 --> [DEPRECATED] Creation of dynamic property App\Controllers\Empresa::$indexdeto is deprecated in APPPATH\Controllers\Empresa.php on line 1177.
 1 APPPATH\Controllers\Empresa.php(1156): App\Controllers\Empresa->_index()
 2 APPPATH\Controllers\Empresa.php(256): App\Controllers\Empresa->_param('2-220101')
 3 SYSTEMPATH\CodeIgniter.php(943): App\Controllers\Empresa->nuevo('2-220101')
 4 SYSTEMPATH\CodeIgniter.php(503): CodeIgniter\CodeIgniter->runController(Object(App\Controllers\Empresa))
 5 SYSTEMPATH\CodeIgniter.php(361): CodeIgniter\CodeIgniter->handleRequest(null, Object(Config\Cache), false)
 6 FCPATH\index.php(79): CodeIgniter\CodeIgniter->run()
INFO - 2025-03-14 08:09:59 --> Session: Class initialized using 'CodeIgniter\Session\Handlers\FileHandler' driver.
INFO - 2025-03-14 08:15:07 --> Session: Class initialized using 'CodeIgniter\Session\Handlers\FileHandler' driver.
INFO - 2025-03-14 08:15:07 --> Session: Class initialized using 'CodeIgniter\Session\Handlers\FileHandler' driver.
INFO - 2025-03-14 08:21:20 --> Session: Class initialized using 'CodeIgniter\Session\Handlers\FileHandler' driver.
INFO - 2025-03-14 08:21:27 --> Session: Class initialized using 'CodeIgniter\Session\Handlers\FileHandler' driver.
INFO - 2025-03-14 08:21:28 --> Session: Class initialized using 'CodeIgniter\Session\Handlers\FileHandler' driver.
INFO - 2025-03-14 08:21:49 --> Session: Class initialized using 'CodeIgniter\Session\Handlers\FileHandler' driver.
WARNING - 2025-03-14 08:21:49 --> [DEPRECATED] Creation of dynamic property App\Controllers\Empresa::$indexdeto is deprecated in APPPATH\Controllers\Empresa.php on line 1177.
 1 APPPATH\Controllers\Empresa.php(1156): App\Controllers\Empresa->_index()
 2 APPPATH\Controllers\Empresa.php(40): App\Controllers\Empresa->_param('2-220101')
 3 SYSTEMPATH\CodeIgniter.php(943): App\Controllers\Empresa->index('2-220101')
 4 SYSTEMPATH\CodeIgniter.php(503): CodeIgniter\CodeIgniter->runController(Object(App\Controllers\Empresa))
 5 SYSTEMPATH\CodeIgniter.php(361): CodeIgniter\CodeIgniter->handleRequest(null, Object(Config\Cache), false)
 6 FCPATH\index.php(79): CodeIgniter\CodeIgniter->run()
INFO - 2025-03-14 08:21:49 --> Session: Class initialized using 'CodeIgniter\Session\Handlers\FileHandler' driver.
INFO - 2025-03-14 08:21:57 --> Session: Class initialized using 'CodeIgniter\Session\Handlers\FileHandler' driver.
WARNING - 2025-03-14 08:21:57 --> [DEPRECATED] Creation of dynamic property App\Controllers\Empresa::$indexdeto is deprecated in APPPATH\Controllers\Empresa.php on line 1177.
 1 APPPATH\Controllers\Empresa.php(1156): App\Controllers\Empresa->_index()
 2 APPPATH\Controllers\Empresa.php(256): App\Controllers\Empresa->_param('2-220101')
 3 SYSTEMPATH\CodeIgniter.php(943): App\Controllers\Empresa->nuevo('2-220101')
 4 SYSTEMPATH\CodeIgniter.php(503): CodeIgniter\CodeIgniter->runController(Object(App\Controllers\Empresa))
 5 SYSTEMPATH\CodeIgniter.php(361): CodeIgniter\CodeIgniter->handleRequest(null, Object(Config\Cache), false)
 6 FCPATH\index.php(79): CodeIgniter\CodeIgniter->run()
INFO - 2025-03-14 08:21:59 --> Session: Class initialized using 'CodeIgniter\Session\Handlers\FileHandler' driver.
INFO - 2025-03-14 08:22:36 --> Session: Class initialized using 'CodeIgniter\Session\Handlers\FileHandler' driver.
WARNING - 2025-03-14 08:22:36 --> [DEPRECATED] Creation of dynamic property App\Controllers\Empresa::$indexdeto is deprecated in APPPATH\Controllers\Empresa.php on line 1177.
 1 APPPATH\Controllers\Empresa.php(1156): App\Controllers\Empresa->_index()
 2 APPPATH\Controllers\Empresa.php(621): App\Controllers\Empresa->_param('2-220101')
 3 SYSTEMPATH\CodeIgniter.php(943): App\Controllers\Empresa->actualizar('2-220101', '2', '27--')
 4 SYSTEMPATH\CodeIgniter.php(503): CodeIgniter\CodeIgniter->runController(Object(App\Controllers\Empresa))
 5 SYSTEMPATH\CodeIgniter.php(361): CodeIgniter\CodeIgniter->handleRequest(null, Object(Config\Cache), false)
 6 FCPATH\index.php(79): CodeIgniter\CodeIgniter->run()
INFO - 2025-03-14 08:22:38 --> Session: Class initialized using 'CodeIgniter\Session\Handlers\FileHandler' driver.
INFO - 2025-03-14 08:24:44 --> Session: Class initialized using 'CodeIgniter\Session\Handlers\FileHandler' driver.
WARNING - 2025-03-14 08:24:44 --> [DEPRECATED] Creation of dynamic property App\Controllers\Empresa::$indexdeto is deprecated in APPPATH\Controllers\Empresa.php on line 1177.
 1 APPPATH\Controllers\Empresa.php(1156): App\Controllers\Empresa->_index()
 2 APPPATH\Controllers\Empresa.php(40): App\Controllers\Empresa->_param('2-220101')
 3 SYSTEMPATH\CodeIgniter.php(943): App\Controllers\Empresa->index('2-220101')
 4 SYSTEMPATH\CodeIgniter.php(503): CodeIgniter\CodeIgniter->runController(Object(App\Controllers\Empresa))
 5 SYSTEMPATH\CodeIgniter.php(361): CodeIgniter\CodeIgniter->handleRequest(null, Object(Config\Cache), false)
 6 FCPATH\index.php(79): CodeIgniter\CodeIgniter->run()
INFO - 2025-03-14 08:24:44 --> Session: Class initialized using 'CodeIgniter\Session\Handlers\FileHandler' driver.
INFO - 2025-03-14 08:25:11 --> Session: Class initialized using 'CodeIgniter\Session\Handlers\FileHandler' driver.
INFO - 2025-03-14 08:25:11 --> Session: Class initialized using 'CodeIgniter\Session\Handlers\FileHandler' driver.
INFO - 2025-03-14 08:25:15 --> Session: Class initialized using 'CodeIgniter\Session\Handlers\FileHandler' driver.
INFO - 2025-03-14 08:25:15 --> Session: Class initialized using 'CodeIgniter\Session\Handlers\FileHandler' driver.
INFO - 2025-03-14 08:25:18 --> Session: Class initialized using 'CodeIgniter\Session\Handlers\FileHandler' driver.
INFO - 2025-03-14 08:25:18 --> Session: Class initialized using 'CodeIgniter\Session\Handlers\FileHandler' driver.
INFO - 2025-03-14 08:25:21 --> Session: Class initialized using 'CodeIgniter\Session\Handlers\FileHandler' driver.
WARNING - 2025-03-14 08:25:21 --> [DEPRECATED] Creation of dynamic property App\Controllers\Empresa::$indexdeto is deprecated in APPPATH\Controllers\Empresa.php on line 1177.
 1 APPPATH\Controllers\Empresa.php(1156): App\Controllers\Empresa->_index()
 2 APPPATH\Controllers\Empresa.php(40): App\Controllers\Empresa->_param('2-220101')
 3 SYSTEMPATH\CodeIgniter.php(943): App\Controllers\Empresa->index('2-220101')
 4 SYSTEMPATH\CodeIgniter.php(503): CodeIgniter\CodeIgniter->runController(Object(App\Controllers\Empresa))
 5 SYSTEMPATH\CodeIgniter.php(361): CodeIgniter\CodeIgniter->handleRequest(null, Object(Config\Cache), false)
 6 FCPATH\index.php(79): CodeIgniter\CodeIgniter->run()
INFO - 2025-03-14 08:25:21 --> Session: Class initialized using 'CodeIgniter\Session\Handlers\FileHandler' driver.
INFO - 2025-03-14 08:26:48 --> Session: Class initialized using 'CodeIgniter\Session\Handlers\FileHandler' driver.
WARNING - 2025-03-14 08:26:48 --> [DEPRECATED] Creation of dynamic property App\Controllers\Empresa::$indexdeto is deprecated in APPPATH\Controllers\Empresa.php on line 1177.
 1 APPPATH\Controllers\Empresa.php(1156): App\Controllers\Empresa->_index()
 2 APPPATH\Controllers\Empresa.php(621): App\Controllers\Empresa->_param('2-220101')
 3 SYSTEMPATH\CodeIgniter.php(943): App\Controllers\Empresa->actualizar('2-220101', '1', '25--')
 4 SYSTEMPATH\CodeIgniter.php(503): CodeIgniter\CodeIgniter->runController(Object(App\Controllers\Empresa))
 5 SYSTEMPATH\CodeIgniter.php(361): CodeIgniter\CodeIgniter->handleRequest(null, Object(Config\Cache), false)
 6 FCPATH\index.php(79): CodeIgniter\CodeIgniter->run()
INFO - 2025-03-14 08:26:50 --> Session: Class initialized using 'CodeIgniter\Session\Handlers\FileHandler' driver.
INFO - 2025-03-14 08:33:14 --> Session: Class initialized using 'CodeIgniter\Session\Handlers\FileHandler' driver.
INFO - 2025-03-14 08:33:14 --> Session: Class initialized using 'CodeIgniter\Session\Handlers\FileHandler' driver.
INFO - 2025-03-14 08:51:59 --> Session: Class initialized using 'CodeIgniter\Session\Handlers\FileHandler' driver.
INFO - 2025-03-14 08:52:38 --> Session: Class initialized using 'CodeIgniter\Session\Handlers\FileHandler' driver.
ERROR - 2025-03-14 08:52:38 --> mysqli_sql_exception: Table 'hc.sesionmenu' doesn't exist in C:\inetpub\wwwroot\HCbpms\system\Database\MySQLi\Connection.php:306
Stack trace:
#0 C:\inetpub\wwwroot\HCbpms\system\Database\MySQLi\Connection.php(306): mysqli->query('SELECT `p`.`NOM...', 0)
#1 C:\inetpub\wwwroot\HCbpms\system\Database\BaseConnection.php(693): CodeIgniter\Database\MySQLi\Connection->execute('SELECT `p`.`NOM...')
#2 C:\inetpub\wwwroot\HCbpms\system\Database\BaseConnection.php(607): CodeIgniter\Database\BaseConnection->simpleQuery('SELECT `p`.`NOM...')
#3 C:\inetpub\wwwroot\HCbpms\system\Database\BaseBuilder.php(1616): CodeIgniter\Database\BaseConnection->query('SELECT `p`.`NOM...', Array, false)
#4 C:\inetpub\wwwroot\HCbpms\app\Models\SesionMenuModel.php(106): CodeIgniter\Database\BaseBuilder->get()
#5 C:\inetpub\wwwroot\HCbpms\app\Controllers\Login.php(64): App\Models\SesionMenuModel->getMenuByUser(348)
#6 C:\inetpub\wwwroot\HCbpms\system\CodeIgniter.php(943): App\Controllers\Login->auth()
#7 C:\inetpub\wwwroot\HCbpms\system\CodeIgniter.php(503): CodeIgniter\CodeIgniter->runController(Object(App\Controllers\Login))
#8 C:\inetpub\wwwroot\HCbpms\system\CodeIgniter.php(361): CodeIgniter\CodeIgniter->handleRequest(NULL, Object(Config\Cache), false)
#9 C:\inetpub\wwwroot\HCbpms\index.php(79): CodeIgniter\CodeIgniter->run()
#10 {main}
CRITICAL - 2025-03-14 08:52:38 --> CodeIgniter\Database\Exceptions\DatabaseException: Table 'hc.sesionmenu' doesn't exist
in SYSTEMPATH\Database\BaseConnection.php on line 647.
 1 SYSTEMPATH\Database\BaseBuilder.php(1616): CodeIgniter\Database\BaseConnection->query('SELECT `p`.`NOMBRE` `NOMBRE_PRODUCTO`, `m`.`NOMBRE` `NOMBRE_MODULO`, `t`.`NOMBRE`, `t`.`RUTA`, `t`.`IDTRANSACCION`, `t`.`IDPRODUCTO`, `t`.`IDMODULO`
FROM `SESIONMENU` `sm`
JOIN `ADMIN_TRANSACCION` `t` ON `sm`.`IDTRANSACCION` = `t`.`IDTRANSACCION`
LEFT JOIN `ADMIN_MODULO` `m` ON `t`.`IDMODULO` = `m`.`IDMODULO`
LEFT JOIN `ADMIN_PRODUCTO` `p` ON `t`.`IDPRODUCTO` = `p`.`IDPRODUCTO`
WHERE `sm`.`IDSESION` = :sm.IDSESION:
AND `sm`.`ESTADO` = :sm.ESTADO:
GROUP BY `p`.`NOMBRE`, `m`.`NOMBRE`, `t`.`NOMBRE`, `t`.`RUTA`, `t`.`IDTRANSACCION`, `t`.`IDPRODUCTO`, `t`.`IDMODULO`', [...], false)
 2 APPPATH\Models\SesionMenuModel.php(106): CodeIgniter\Database\BaseBuilder->get()
 3 APPPATH\Controllers\Login.php(64): App\Models\SesionMenuModel->getMenuByUser(348)
 4 SYSTEMPATH\CodeIgniter.php(943): App\Controllers\Login->auth()
 5 SYSTEMPATH\CodeIgniter.php(503): CodeIgniter\CodeIgniter->runController(Object(App\Controllers\Login))
 6 SYSTEMPATH\CodeIgniter.php(361): CodeIgniter\CodeIgniter->handleRequest(null, Object(Config\Cache), false)
 7 FCPATH\index.php(79): CodeIgniter\CodeIgniter->run()
CRITICAL - 2025-03-14 08:52:38 --> [Caused by] CodeIgniter\Database\Exceptions\DatabaseException: Table 'hc.sesionmenu' doesn't exist
in SYSTEMPATH\Database\MySQLi\Connection.php on line 311.
 1 SYSTEMPATH\Database\BaseConnection.php(693): CodeIgniter\Database\MySQLi\Connection->execute('SELECT `p`.`NOMBRE` `NOMBRE_PRODUCTO`, `m`.`NOMBRE` `NOMBRE_MODULO`, `t`.`NOMBRE`, `t`.`RUTA`, `t`.`IDTRANSACCION`, `t`.`IDPRODUCTO`, `t`.`IDMODULO`
FROM `SESIONMENU` `sm`
JOIN `ADMIN_TRANSACCION` `t` ON `sm`.`IDTRANSACCION` = `t`.`IDTRANSACCION`
LEFT JOIN `ADMIN_MODULO` `m` ON `t`.`IDMODULO` = `m`.`IDMODULO`
LEFT JOIN `ADMIN_PRODUCTO` `p` ON `t`.`IDPRODUCTO` = `p`.`IDPRODUCTO`
WHERE `sm`.`IDSESION` = 348
AND `sm`.`ESTADO` = \'A\'
GROUP BY `p`.`NOMBRE`, `m`.`NOMBRE`, `t`.`NOMBRE`, `t`.`RUTA`, `t`.`IDTRANSACCION`, `t`.`IDPRODUCTO`, `t`.`IDMODULO`')
 2 SYSTEMPATH\Database\BaseConnection.php(607): CodeIgniter\Database\BaseConnection->simpleQuery('SELECT `p`.`NOMBRE` `NOMBRE_PRODUCTO`, `m`.`NOMBRE` `NOMBRE_MODULO`, `t`.`NOMBRE`, `t`.`RUTA`, `t`.`IDTRANSACCION`, `t`.`IDPRODUCTO`, `t`.`IDMODULO`
FROM `SESIONMENU` `sm`
JOIN `ADMIN_TRANSACCION` `t` ON `sm`.`IDTRANSACCION` = `t`.`IDTRANSACCION`
LEFT JOIN `ADMIN_MODULO` `m` ON `t`.`IDMODULO` = `m`.`IDMODULO`
LEFT JOIN `ADMIN_PRODUCTO` `p` ON `t`.`IDPRODUCTO` = `p`.`IDPRODUCTO`
WHERE `sm`.`IDSESION` = 348
AND `sm`.`ESTADO` = \'A\'
GROUP BY `p`.`NOMBRE`, `m`.`NOMBRE`, `t`.`NOMBRE`, `t`.`RUTA`, `t`.`IDTRANSACCION`, `t`.`IDPRODUCTO`, `t`.`IDMODULO`')
 3 SYSTEMPATH\Database\BaseBuilder.php(1616): CodeIgniter\Database\BaseConnection->query('SELECT `p`.`NOMBRE` `NOMBRE_PRODUCTO`, `m`.`NOMBRE` `NOMBRE_MODULO`, `t`.`NOMBRE`, `t`.`RUTA`, `t`.`IDTRANSACCION`, `t`.`IDPRODUCTO`, `t`.`IDMODULO`
FROM `SESIONMENU` `sm`
JOIN `ADMIN_TRANSACCION` `t` ON `sm`.`IDTRANSACCION` = `t`.`IDTRANSACCION`
LEFT JOIN `ADMIN_MODULO` `m` ON `t`.`IDMODULO` = `m`.`IDMODULO`
LEFT JOIN `ADMIN_PRODUCTO` `p` ON `t`.`IDPRODUCTO` = `p`.`IDPRODUCTO`
WHERE `sm`.`IDSESION` = :sm.IDSESION:
AND `sm`.`ESTADO` = :sm.ESTADO:
GROUP BY `p`.`NOMBRE`, `m`.`NOMBRE`, `t`.`NOMBRE`, `t`.`RUTA`, `t`.`IDTRANSACCION`, `t`.`IDPRODUCTO`, `t`.`IDMODULO`', [...], false)
 4 APPPATH\Models\SesionMenuModel.php(106): CodeIgniter\Database\BaseBuilder->get()
 5 APPPATH\Controllers\Login.php(64): App\Models\SesionMenuModel->getMenuByUser(348)
 6 SYSTEMPATH\CodeIgniter.php(943): App\Controllers\Login->auth()
 7 SYSTEMPATH\CodeIgniter.php(503): CodeIgniter\CodeIgniter->runController(Object(App\Controllers\Login))
 8 SYSTEMPATH\CodeIgniter.php(361): CodeIgniter\CodeIgniter->handleRequest(null, Object(Config\Cache), false)
 9 FCPATH\index.php(79): CodeIgniter\CodeIgniter->run()
CRITICAL - 2025-03-14 08:52:38 --> [Caused by] mysqli_sql_exception: Table 'hc.sesionmenu' doesn't exist
in SYSTEMPATH\Database\MySQLi\Connection.php on line 306.
 1 SYSTEMPATH\Database\MySQLi\Connection.php(306): mysqli->query('SELECT `p`.`NOMBRE` `NOMBRE_PRODUCTO`, `m`.`NOMBRE` `NOMBRE_MODULO`, `t`.`NOMBRE`, `t`.`RUTA`, `t`.`IDTRANSACCION`, `t`.`IDPRODUCTO`, `t`.`IDMODULO`
FROM `SESIONMENU` `sm`
JOIN `ADMIN_TRANSACCION` `t` ON `sm`.`IDTRANSACCION` = `t`.`IDTRANSACCION`
LEFT JOIN `ADMIN_MODULO` `m` ON `t`.`IDMODULO` = `m`.`IDMODULO`
LEFT JOIN `ADMIN_PRODUCTO` `p` ON `t`.`IDPRODUCTO` = `p`.`IDPRODUCTO`
WHERE `sm`.`IDSESION` = 348
AND `sm`.`ESTADO` = \'A\'
GROUP BY `p`.`NOMBRE`, `m`.`NOMBRE`, `t`.`NOMBRE`, `t`.`RUTA`, `t`.`IDTRANSACCION`, `t`.`IDPRODUCTO`, `t`.`IDMODULO`', 0)
 2 SYSTEMPATH\Database\BaseConnection.php(693): CodeIgniter\Database\MySQLi\Connection->execute('SELECT `p`.`NOMBRE` `NOMBRE_PRODUCTO`, `m`.`NOMBRE` `NOMBRE_MODULO`, `t`.`NOMBRE`, `t`.`RUTA`, `t`.`IDTRANSACCION`, `t`.`IDPRODUCTO`, `t`.`IDMODULO`
FROM `SESIONMENU` `sm`
JOIN `ADMIN_TRANSACCION` `t` ON `sm`.`IDTRANSACCION` = `t`.`IDTRANSACCION`
LEFT JOIN `ADMIN_MODULO` `m` ON `t`.`IDMODULO` = `m`.`IDMODULO`
LEFT JOIN `ADMIN_PRODUCTO` `p` ON `t`.`IDPRODUCTO` = `p`.`IDPRODUCTO`
WHERE `sm`.`IDSESION` = 348
AND `sm`.`ESTADO` = \'A\'
GROUP BY `p`.`NOMBRE`, `m`.`NOMBRE`, `t`.`NOMBRE`, `t`.`RUTA`, `t`.`IDTRANSACCION`, `t`.`IDPRODUCTO`, `t`.`IDMODULO`')
 3 SYSTEMPATH\Database\BaseConnection.php(607): CodeIgniter\Database\BaseConnection->simpleQuery('SELECT `p`.`NOMBRE` `NOMBRE_PRODUCTO`, `m`.`NOMBRE` `NOMBRE_MODULO`, `t`.`NOMBRE`, `t`.`RUTA`, `t`.`IDTRANSACCION`, `t`.`IDPRODUCTO`, `t`.`IDMODULO`
FROM `SESIONMENU` `sm`
JOIN `ADMIN_TRANSACCION` `t` ON `sm`.`IDTRANSACCION` = `t`.`IDTRANSACCION`
LEFT JOIN `ADMIN_MODULO` `m` ON `t`.`IDMODULO` = `m`.`IDMODULO`
LEFT JOIN `ADMIN_PRODUCTO` `p` ON `t`.`IDPRODUCTO` = `p`.`IDPRODUCTO`
WHERE `sm`.`IDSESION` = 348
AND `sm`.`ESTADO` = \'A\'
GROUP BY `p`.`NOMBRE`, `m`.`NOMBRE`, `t`.`NOMBRE`, `t`.`RUTA`, `t`.`IDTRANSACCION`, `t`.`IDPRODUCTO`, `t`.`IDMODULO`')
 4 SYSTEMPATH\Database\BaseBuilder.php(1616): CodeIgniter\Database\BaseConnection->query('SELECT `p`.`NOMBRE` `NOMBRE_PRODUCTO`, `m`.`NOMBRE` `NOMBRE_MODULO`, `t`.`NOMBRE`, `t`.`RUTA`, `t`.`IDTRANSACCION`, `t`.`IDPRODUCTO`, `t`.`IDMODULO`
FROM `SESIONMENU` `sm`
JOIN `ADMIN_TRANSACCION` `t` ON `sm`.`IDTRANSACCION` = `t`.`IDTRANSACCION`
LEFT JOIN `ADMIN_MODULO` `m` ON `t`.`IDMODULO` = `m`.`IDMODULO`
LEFT JOIN `ADMIN_PRODUCTO` `p` ON `t`.`IDPRODUCTO` = `p`.`IDPRODUCTO`
WHERE `sm`.`IDSESION` = :sm.IDSESION:
AND `sm`.`ESTADO` = :sm.ESTADO:
GROUP BY `p`.`NOMBRE`, `m`.`NOMBRE`, `t`.`NOMBRE`, `t`.`RUTA`, `t`.`IDTRANSACCION`, `t`.`IDPRODUCTO`, `t`.`IDMODULO`', [...], false)
 5 APPPATH\Models\SesionMenuModel.php(106): CodeIgniter\Database\BaseBuilder->get()
 6 APPPATH\Controllers\Login.php(64): App\Models\SesionMenuModel->getMenuByUser(348)
 7 SYSTEMPATH\CodeIgniter.php(943): App\Controllers\Login->auth()
 8 SYSTEMPATH\CodeIgniter.php(503): CodeIgniter\CodeIgniter->runController(Object(App\Controllers\Login))
 9 SYSTEMPATH\CodeIgniter.php(361): CodeIgniter\CodeIgniter->handleRequest(null, Object(Config\Cache), false)
10 FCPATH\index.php(79): CodeIgniter\CodeIgniter->run()
INFO - 2025-03-14 08:54:00 --> Session: Class initialized using 'CodeIgniter\Session\Handlers\FileHandler' driver.
INFO - 2025-03-14 08:54:00 --> Session: Class initialized using 'CodeIgniter\Session\Handlers\FileHandler' driver.
INFO - 2025-03-14 08:54:04 --> Session: Class initialized using 'CodeIgniter\Session\Handlers\FileHandler' driver.
INFO - 2025-03-14 08:54:04 --> Session: Class initialized using 'CodeIgniter\Session\Handlers\FileHandler' driver.
INFO - 2025-03-14 08:54:09 --> Session: Class initialized using 'CodeIgniter\Session\Handlers\FileHandler' driver.
INFO - 2025-03-14 08:54:10 --> Session: Class initialized using 'CodeIgniter\Session\Handlers\FileHandler' driver.
INFO - 2025-03-14 08:54:15 --> Session: Class initialized using 'CodeIgniter\Session\Handlers\FileHandler' driver.
INFO - 2025-03-14 08:54:15 --> Session: Class initialized using 'CodeIgniter\Session\Handlers\FileHandler' driver.
INFO - 2025-03-14 08:54:20 --> Session: Class initialized using 'CodeIgniter\Session\Handlers\FileHandler' driver.
WARNING - 2025-03-14 08:54:20 --> [DEPRECATED] Creation of dynamic property App\Controllers\Empresa::$indexdeto is deprecated in APPPATH\Controllers\Empresa.php on line 1177.
 1 APPPATH\Controllers\Empresa.php(1156): App\Controllers\Empresa->_index()
 2 APPPATH\Controllers\Empresa.php(40): App\Controllers\Empresa->_param('2-220101')
 3 SYSTEMPATH\CodeIgniter.php(943): App\Controllers\Empresa->index('2-220101')
 4 SYSTEMPATH\CodeIgniter.php(503): CodeIgniter\CodeIgniter->runController(Object(App\Controllers\Empresa))
 5 SYSTEMPATH\CodeIgniter.php(361): CodeIgniter\CodeIgniter->handleRequest(null, Object(Config\Cache), false)
 6 FCPATH\index.php(79): CodeIgniter\CodeIgniter->run()
INFO - 2025-03-14 08:54:20 --> Session: Class initialized using 'CodeIgniter\Session\Handlers\FileHandler' driver.
INFO - 2025-03-14 08:54:25 --> Session: Class initialized using 'CodeIgniter\Session\Handlers\FileHandler' driver.
WARNING - 2025-03-14 08:54:25 --> [DEPRECATED] Creation of dynamic property App\Controllers\Empresa::$indexdeto is deprecated in APPPATH\Controllers\Empresa.php on line 1177.
 1 APPPATH\Controllers\Empresa.php(1156): App\Controllers\Empresa->_index()
 2 APPPATH\Controllers\Empresa.php(256): App\Controllers\Empresa->_param('2-220101')
 3 SYSTEMPATH\CodeIgniter.php(943): App\Controllers\Empresa->nuevo('2-220101')
 4 SYSTEMPATH\CodeIgniter.php(503): CodeIgniter\CodeIgniter->runController(Object(App\Controllers\Empresa))
 5 SYSTEMPATH\CodeIgniter.php(361): CodeIgniter\CodeIgniter->handleRequest(null, Object(Config\Cache), false)
 6 FCPATH\index.php(79): CodeIgniter\CodeIgniter->run()
INFO - 2025-03-14 08:54:26 --> Session: Class initialized using 'CodeIgniter\Session\Handlers\FileHandler' driver.
INFO - 2025-03-14 08:54:35 --> Session: Class initialized using 'CodeIgniter\Session\Handlers\FileHandler' driver.
INFO - 2025-03-14 08:54:35 --> Session: Class initialized using 'CodeIgniter\Session\Handlers\FileHandler' driver.
INFO - 2025-03-14 08:54:51 --> Session: Class initialized using 'CodeIgniter\Session\Handlers\FileHandler' driver.
INFO - 2025-03-14 08:54:51 --> Session: Class initialized using 'CodeIgniter\Session\Handlers\FileHandler' driver.
INFO - 2025-03-14 08:55:00 --> Session: Class initialized using 'CodeIgniter\Session\Handlers\FileHandler' driver.
WARNING - 2025-03-14 08:55:00 --> [DEPRECATED] Creation of dynamic property App\Controllers\Empresa::$indexdeto is deprecated in APPPATH\Controllers\Empresa.php on line 1177.
 1 APPPATH\Controllers\Empresa.php(1156): App\Controllers\Empresa->_index()
 2 APPPATH\Controllers\Empresa.php(40): App\Controllers\Empresa->_param('2-220101')
 3 SYSTEMPATH\CodeIgniter.php(943): App\Controllers\Empresa->index('2-220101')
 4 SYSTEMPATH\CodeIgniter.php(503): CodeIgniter\CodeIgniter->runController(Object(App\Controllers\Empresa))
 5 SYSTEMPATH\CodeIgniter.php(361): CodeIgniter\CodeIgniter->handleRequest(null, Object(Config\Cache), false)
 6 FCPATH\index.php(79): CodeIgniter\CodeIgniter->run()
INFO - 2025-03-14 08:55:00 --> Session: Class initialized using 'CodeIgniter\Session\Handlers\FileHandler' driver.
INFO - 2025-03-14 08:56:08 --> Session: Class initialized using 'CodeIgniter\Session\Handlers\FileHandler' driver.
WARNING - 2025-03-14 08:56:08 --> [DEPRECATED] Creation of dynamic property App\Controllers\Empresa::$indexdeto is deprecated in APPPATH\Controllers\Empresa.php on line 1177.
 1 APPPATH\Controllers\Empresa.php(1156): App\Controllers\Empresa->_index()
 2 APPPATH\Controllers\Empresa.php(256): App\Controllers\Empresa->_param('2-220101')
 3 SYSTEMPATH\CodeIgniter.php(943): App\Controllers\Empresa->nuevo('2-220101')
 4 SYSTEMPATH\CodeIgniter.php(503): CodeIgniter\CodeIgniter->runController(Object(App\Controllers\Empresa))
 5 SYSTEMPATH\CodeIgniter.php(361): CodeIgniter\CodeIgniter->handleRequest(null, Object(Config\Cache), false)
 6 FCPATH\index.php(79): CodeIgniter\CodeIgniter->run()
INFO - 2025-03-14 08:56:09 --> Session: Class initialized using 'CodeIgniter\Session\Handlers\FileHandler' driver.
INFO - 2025-03-14 09:01:13 --> Session: Class initialized using 'CodeIgniter\Session\Handlers\FileHandler' driver.
INFO - 2025-03-14 09:01:13 --> Session: Class initialized using 'CodeIgniter\Session\Handlers\FileHandler' driver.
INFO - 2025-03-14 14:03:49 --> Session: Class initialized using 'CodeIgniter\Session\Handlers\FileHandler' driver.
INFO - 2025-03-14 14:03:49 --> Session: Class initialized using 'CodeIgniter\Session\Handlers\FileHandler' driver.
INFO - 2025-03-14 14:03:53 --> Session: Class initialized using 'CodeIgniter\Session\Handlers\FileHandler' driver.
WARNING - 2025-03-14 14:03:53 --> [DEPRECATED] Creation of dynamic property App\Controllers\Empresa::$indexdeto is deprecated in APPPATH\Controllers\Empresa.php on line 1177.
 1 APPPATH\Controllers\Empresa.php(1156): App\Controllers\Empresa->_index()
 2 APPPATH\Controllers\Empresa.php(40): App\Controllers\Empresa->_param('2-220101')
 3 SYSTEMPATH\CodeIgniter.php(943): App\Controllers\Empresa->index('2-220101')
 4 SYSTEMPATH\CodeIgniter.php(503): CodeIgniter\CodeIgniter->runController(Object(App\Controllers\Empresa))
 5 SYSTEMPATH\CodeIgniter.php(361): CodeIgniter\CodeIgniter->handleRequest(null, Object(Config\Cache), false)
 6 FCPATH\index.php(79): CodeIgniter\CodeIgniter->run()
INFO - 2025-03-14 14:03:53 --> Session: Class initialized using 'CodeIgniter\Session\Handlers\FileHandler' driver.
INFO - 2025-03-14 14:05:45 --> Session: Class initialized using 'CodeIgniter\Session\Handlers\FileHandler' driver.
INFO - 2025-03-14 14:05:45 --> Session: Class initialized using 'CodeIgniter\Session\Handlers\FileHandler' driver.
INFO - 2025-03-14 14:09:18 --> Session: Class initialized using 'CodeIgniter\Session\Handlers\FileHandler' driver.
INFO - 2025-03-14 14:09:18 --> Session: Class initialized using 'CodeIgniter\Session\Handlers\FileHandler' driver.
INFO - 2025-03-14 14:15:58 --> Session: Class initialized using 'CodeIgniter\Session\Handlers\FileHandler' driver.
INFO - 2025-03-14 14:15:58 --> Session: Class initialized using 'CodeIgniter\Session\Handlers\FileHandler' driver.
INFO - 2025-03-14 22:59:21 --> Session: Class initialized using 'CodeIgniter\Session\Handlers\FileHandler' driver.
INFO - 2025-03-14 22:59:24 --> Session: Class initialized using 'CodeIgniter\Session\Handlers\FileHandler' driver.
INFO - 2025-03-14 22:59:32 --> Session: Class initialized using 'CodeIgniter\Session\Handlers\FileHandler' driver.
WARNING - 2025-03-14 22:59:32 --> [DEPRECATED] Creation of dynamic property App\Controllers\Empresa::$indexdeto is deprecated in APPPATH\Controllers\Empresa.php on line 1177.
 1 APPPATH\Controllers\Empresa.php(1156): App\Controllers\Empresa->_index()
 2 APPPATH\Controllers\Empresa.php(40): App\Controllers\Empresa->_param('1-110301')
 3 SYSTEMPATH\CodeIgniter.php(943): App\Controllers\Empresa->index('1-110301')
 4 SYSTEMPATH\CodeIgniter.php(503): CodeIgniter\CodeIgniter->runController(Object(App\Controllers\Empresa))
 5 SYSTEMPATH\CodeIgniter.php(361): CodeIgniter\CodeIgniter->handleRequest(null, Object(Config\Cache), false)
 6 FCPATH\index.php(79): CodeIgniter\CodeIgniter->run()
INFO - 2025-03-14 22:59:35 --> Session: Class initialized using 'CodeIgniter\Session\Handlers\FileHandler' driver.
INFO - 2025-03-14 23:05:15 --> Session: Class initialized using 'CodeIgniter\Session\Handlers\FileHandler' driver.
INFO - 2025-03-14 23:05:15 --> Session: Class initialized using 'CodeIgniter\Session\Handlers\FileHandler' driver.
INFO - 2025-03-14 23:39:21 --> Session: Class initialized using 'CodeIgniter\Session\Handlers\FileHandler' driver.
INFO - 2025-03-14 23:39:21 --> Session: Class initialized using 'CodeIgniter\Session\Handlers\FileHandler' driver.
INFO - 2025-03-14 23:39:26 --> Session: Class initialized using 'CodeIgniter\Session\Handlers\FileHandler' driver.
CRITICAL - 2025-03-14 23:39:26 --> ErrorException: Undefined array key "idtransaccion"
in APPPATH\Views\empresa\emp_lst.php on line 457.
 1 APPPATH\Views\empresa\emp_lst.php(457): CodeIgniter\Debug\Exceptions->errorHandler(2, 'Undefined array key "idtransaccion"', 'C:\\inetpub\\wwwroot\\HCbpms\\app\\Views\\empresa\\emp_lst.php', 457)
 2 SYSTEMPATH\View\View.php(228): include('C:\\inetpub\\wwwroot\\HCbpms\\app\\Views\\empresa\\emp_lst.php')
 3 SYSTEMPATH\View\View.php(231): CodeIgniter\View\View->CodeIgniter\View\{closure}()
 4 SYSTEMPATH\Common.php(1178): CodeIgniter\View\View->render('empresa/emp_lst', [], true)
 5 APPPATH\Controllers\Empresa.php(67): view('empresa/emp_lst', [...])
 6 APPPATH\Controllers\Empresa.php(42): App\Controllers\Empresa->___index()
 7 SYSTEMPATH\CodeIgniter.php(943): App\Controllers\Empresa->index('1-110301')
 8 SYSTEMPATH\CodeIgniter.php(503): CodeIgniter\CodeIgniter->runController(Object(App\Controllers\Empresa))
 9 SYSTEMPATH\CodeIgniter.php(361): CodeIgniter\CodeIgniter->handleRequest(null, Object(Config\Cache), false)
10 FCPATH\index.php(79): CodeIgniter\CodeIgniter->run()
INFO - 2025-03-14 23:39:26 --> Session: Class initialized using 'CodeIgniter\Session\Handlers\FileHandler' driver.
INFO - 2025-03-14 23:41:06 --> Session: Class initialized using 'CodeIgniter\Session\Handlers\FileHandler' driver.
CRITICAL - 2025-03-14 23:41:06 --> ErrorException: Undefined array key "idtransaccion"
in APPPATH\Views\empresa\emp_lst.php on line 457.
 1 APPPATH\Views\empresa\emp_lst.php(457): CodeIgniter\Debug\Exceptions->errorHandler(2, 'Undefined array key "idtransaccion"', 'C:\\inetpub\\wwwroot\\HCbpms\\app\\Views\\empresa\\emp_lst.php', 457)
 2 SYSTEMPATH\View\View.php(228): include('C:\\inetpub\\wwwroot\\HCbpms\\app\\Views\\empresa\\emp_lst.php')
 3 SYSTEMPATH\View\View.php(231): CodeIgniter\View\View->CodeIgniter\View\{closure}()
 4 SYSTEMPATH\Common.php(1178): CodeIgniter\View\View->render('empresa/emp_lst', [], true)
 5 APPPATH\Controllers\Empresa.php(67): view('empresa/emp_lst', [...])
 6 APPPATH\Controllers\Empresa.php(42): App\Controllers\Empresa->___index()
 7 SYSTEMPATH\CodeIgniter.php(943): App\Controllers\Empresa->index('1-110301')
 8 SYSTEMPATH\CodeIgniter.php(503): CodeIgniter\CodeIgniter->runController(Object(App\Controllers\Empresa))
 9 SYSTEMPATH\CodeIgniter.php(361): CodeIgniter\CodeIgniter->handleRequest(null, Object(Config\Cache), false)
10 FCPATH\index.php(79): CodeIgniter\CodeIgniter->run()
INFO - 2025-03-14 23:41:06 --> Session: Class initialized using 'CodeIgniter\Session\Handlers\FileHandler' driver.
INFO - 2025-03-14 23:43:53 --> Session: Class initialized using 'CodeIgniter\Session\Handlers\FileHandler' driver.
WARNING - 2025-03-14 23:43:53 --> [DEPRECATED] Creation of dynamic property App\Controllers\Empresa::$indexdeto is deprecated in APPPATH\Controllers\Empresa.php on line 1177.
 1 APPPATH\Controllers\Empresa.php(1156): App\Controllers\Empresa->_index()
 2 APPPATH\Controllers\Empresa.php(40): App\Controllers\Empresa->_param('2-220101')
 3 SYSTEMPATH\CodeIgniter.php(943): App\Controllers\Empresa->index('2-220101')
 4 SYSTEMPATH\CodeIgniter.php(503): CodeIgniter\CodeIgniter->runController(Object(App\Controllers\Empresa))
 5 SYSTEMPATH\CodeIgniter.php(361): CodeIgniter\CodeIgniter->handleRequest(null, Object(Config\Cache), false)
 6 FCPATH\index.php(79): CodeIgniter\CodeIgniter->run()
INFO - 2025-03-14 23:43:53 --> Session: Class initialized using 'CodeIgniter\Session\Handlers\FileHandler' driver.
INFO - 2025-03-14 23:44:00 --> Session: Class initialized using 'CodeIgniter\Session\Handlers\FileHandler' driver.
WARNING - 2025-03-14 23:44:00 --> [DEPRECATED] Creation of dynamic property App\Controllers\Empresa::$indexdeto is deprecated in APPPATH\Controllers\Empresa.php on line 1177.
 1 APPPATH\Controllers\Empresa.php(1156): App\Controllers\Empresa->_index()
 2 APPPATH\Controllers\Empresa.php(256): App\Controllers\Empresa->_param('2-220101')
 3 SYSTEMPATH\CodeIgniter.php(943): App\Controllers\Empresa->nuevo('2-220101')
 4 SYSTEMPATH\CodeIgniter.php(503): CodeIgniter\CodeIgniter->runController(Object(App\Controllers\Empresa))
 5 SYSTEMPATH\CodeIgniter.php(361): CodeIgniter\CodeIgniter->handleRequest(null, Object(Config\Cache), false)
 6 FCPATH\index.php(79): CodeIgniter\CodeIgniter->run()
INFO - 2025-03-14 23:44:02 --> Session: Class initialized using 'CodeIgniter\Session\Handlers\FileHandler' driver.
INFO - 2025-03-14 23:44:41 --> Session: Class initialized using 'CodeIgniter\Session\Handlers\FileHandler' driver.
WARNING - 2025-03-14 23:44:41 --> [DEPRECATED] Creation of dynamic property App\Controllers\Empresa::$indexdeto is deprecated in APPPATH\Controllers\Empresa.php on line 1177.
 1 APPPATH\Controllers\Empresa.php(1156): App\Controllers\Empresa->_index()
 2 APPPATH\Controllers\Empresa.php(397): App\Controllers\Empresa->_param('2-220101')
 3 SYSTEMPATH\CodeIgniter.php(943): App\Controllers\Empresa->recibirdatos('2-220101', '0', '0', '0', '0')
 4 SYSTEMPATH\CodeIgniter.php(503): CodeIgniter\CodeIgniter->runController(Object(App\Controllers\Empresa))
 5 SYSTEMPATH\CodeIgniter.php(361): CodeIgniter\CodeIgniter->handleRequest(null, Object(Config\Cache), false)
 6 FCPATH\index.php(79): CodeIgniter\CodeIgniter->run()
INFO - 2025-03-14 23:44:48 --> Session: Class initialized using 'CodeIgniter\Session\Handlers\FileHandler' driver.
WARNING - 2025-03-14 23:44:48 --> [DEPRECATED] Creation of dynamic property App\Controllers\Empresa::$indexdeto is deprecated in APPPATH\Controllers\Empresa.php on line 1177.
 1 APPPATH\Controllers\Empresa.php(1156): App\Controllers\Empresa->_index()
 2 APPPATH\Controllers\Empresa.php(397): App\Controllers\Empresa->_param('2-220101')
 3 SYSTEMPATH\CodeIgniter.php(943): App\Controllers\Empresa->recibirdatos('2-220101', '0', '0', '0', '0')
 4 SYSTEMPATH\CodeIgniter.php(503): CodeIgniter\CodeIgniter->runController(Object(App\Controllers\Empresa))
 5 SYSTEMPATH\CodeIgniter.php(361): CodeIgniter\CodeIgniter->handleRequest(null, Object(Config\Cache), false)
 6 FCPATH\index.php(79): CodeIgniter\CodeIgniter->run()
INFO - 2025-03-14 23:44:50 --> Session: Class initialized using 'CodeIgniter\Session\Handlers\FileHandler' driver.
WARNING - 2025-03-14 23:44:50 --> [DEPRECATED] Creation of dynamic property App\Controllers\Empresa::$indexdeto is deprecated in APPPATH\Controllers\Empresa.php on line 1177.
 1 APPPATH\Controllers\Empresa.php(1156): App\Controllers\Empresa->_index()
 2 APPPATH\Controllers\Empresa.php(40): App\Controllers\Empresa->_param('2-220101')
 3 SYSTEMPATH\CodeIgniter.php(943): App\Controllers\Empresa->index('2-220101')
 4 SYSTEMPATH\CodeIgniter.php(503): CodeIgniter\CodeIgniter->runController(Object(App\Controllers\Empresa))
 5 SYSTEMPATH\CodeIgniter.php(361): CodeIgniter\CodeIgniter->handleRequest(null, Object(Config\Cache), false)
 6 FCPATH\index.php(79): CodeIgniter\CodeIgniter->run()
INFO - 2025-03-14 23:44:50 --> Session: Class initialized using 'CodeIgniter\Session\Handlers\FileHandler' driver.
INFO - 2025-03-14 23:45:02 --> Session: Class initialized using 'CodeIgniter\Session\Handlers\FileHandler' driver.
WARNING - 2025-03-14 23:45:02 --> [DEPRECATED] Creation of dynamic property App\Controllers\Empresa::$indexdeto is deprecated in APPPATH\Controllers\Empresa.php on line 1177.
 1 APPPATH\Controllers\Empresa.php(1156): App\Controllers\Empresa->_index()
 2 APPPATH\Controllers\Empresa.php(179): App\Controllers\Empresa->_param('2-220101')
 3 SYSTEMPATH\CodeIgniter.php(943): App\Controllers\Empresa->detalle('2-220101', '33', '33--')
 4 SYSTEMPATH\CodeIgniter.php(503): CodeIgniter\CodeIgniter->runController(Object(App\Controllers\Empresa))
 5 SYSTEMPATH\CodeIgniter.php(361): CodeIgniter\CodeIgniter->handleRequest(null, Object(Config\Cache), false)
 6 FCPATH\index.php(79): CodeIgniter\CodeIgniter->run()
INFO - 2025-03-14 23:45:05 --> Session: Class initialized using 'CodeIgniter\Session\Handlers\FileHandler' driver.
WARNING - 2025-03-14 23:45:05 --> [DEPRECATED] Creation of dynamic property App\Controllers\Empresa::$indexdeto is deprecated in APPPATH\Controllers\Empresa.php on line 1177.
 1 APPPATH\Controllers\Empresa.php(1156): App\Controllers\Empresa->_index()
 2 APPPATH\Controllers\Empresa.php(256): App\Controllers\Empresa->_param('2-220101')
 3 SYSTEMPATH\CodeIgniter.php(943): App\Controllers\Empresa->nuevo('2-220101', '0', '33--', 'D', '0', 'catalogo|33|33--')
 4 SYSTEMPATH\CodeIgniter.php(503): CodeIgniter\CodeIgniter->runController(Object(App\Controllers\Empresa))
 5 SYSTEMPATH\CodeIgniter.php(361): CodeIgniter\CodeIgniter->handleRequest(null, Object(Config\Cache), false)
 6 FCPATH\index.php(79): CodeIgniter\CodeIgniter->run()
INFO - 2025-03-14 23:45:06 --> Session: Class initialized using 'CodeIgniter\Session\Handlers\FileHandler' driver.
INFO - 2025-03-14 23:45:16 --> Session: Class initialized using 'CodeIgniter\Session\Handlers\FileHandler' driver.
WARNING - 2025-03-14 23:45:16 --> [DEPRECATED] Creation of dynamic property App\Controllers\Empresa::$indexdeto is deprecated in APPPATH\Controllers\Empresa.php on line 1177.
 1 APPPATH\Controllers\Empresa.php(1156): App\Controllers\Empresa->_index()
 2 APPPATH\Controllers\Empresa.php(397): App\Controllers\Empresa->_param('2-220101')
 3 SYSTEMPATH\CodeIgniter.php(943): App\Controllers\Empresa->recibirdatos('2-220101', '0', '33--', 'D', '0')
 4 SYSTEMPATH\CodeIgniter.php(503): CodeIgniter\CodeIgniter->runController(Object(App\Controllers\Empresa))
 5 SYSTEMPATH\CodeIgniter.php(361): CodeIgniter\CodeIgniter->handleRequest(null, Object(Config\Cache), false)
 6 FCPATH\index.php(79): CodeIgniter\CodeIgniter->run()
INFO - 2025-03-14 23:45:37 --> Session: Class initialized using 'CodeIgniter\Session\Handlers\FileHandler' driver.
WARNING - 2025-03-14 23:45:37 --> [DEPRECATED] Creation of dynamic property App\Controllers\Empresa::$indexdeto is deprecated in APPPATH\Controllers\Empresa.php on line 1177.
 1 APPPATH\Controllers\Empresa.php(1156): App\Controllers\Empresa->_index()
 2 APPPATH\Controllers\Empresa.php(397): App\Controllers\Empresa->_param('2-220101')
 3 SYSTEMPATH\CodeIgniter.php(943): App\Controllers\Empresa->recibirdatos('2-220101', '0', '33--', 'D', '0')
 4 SYSTEMPATH\CodeIgniter.php(503): CodeIgniter\CodeIgniter->runController(Object(App\Controllers\Empresa))
 5 SYSTEMPATH\CodeIgniter.php(361): CodeIgniter\CodeIgniter->handleRequest(null, Object(Config\Cache), false)
 6 FCPATH\index.php(79): CodeIgniter\CodeIgniter->run()
INFO - 2025-03-14 23:45:42 --> Session: Class initialized using 'CodeIgniter\Session\Handlers\FileHandler' driver.
WARNING - 2025-03-14 23:45:42 --> [DEPRECATED] Creation of dynamic property App\Controllers\Empresa::$indexdeto is deprecated in APPPATH\Controllers\Empresa.php on line 1177.
 1 APPPATH\Controllers\Empresa.php(1156): App\Controllers\Empresa->_index()
 2 APPPATH\Controllers\Empresa.php(397): App\Controllers\Empresa->_param('2-220101')
 3 SYSTEMPATH\CodeIgniter.php(943): App\Controllers\Empresa->recibirdatos('2-220101', '0', '33--', 'D', '0')
 4 SYSTEMPATH\CodeIgniter.php(503): CodeIgniter\CodeIgniter->runController(Object(App\Controllers\Empresa))
 5 SYSTEMPATH\CodeIgniter.php(361): CodeIgniter\CodeIgniter->handleRequest(null, Object(Config\Cache), false)
 6 FCPATH\index.php(79): CodeIgniter\CodeIgniter->run()
INFO - 2025-03-14 23:46:47 --> Session: Class initialized using 'CodeIgniter\Session\Handlers\FileHandler' driver.
WARNING - 2025-03-14 23:46:47 --> [DEPRECATED] Creation of dynamic property App\Controllers\Empresa::$indexdeto is deprecated in APPPATH\Controllers\Empresa.php on line 1177.
 1 APPPATH\Controllers\Empresa.php(1156): App\Controllers\Empresa->_index()
 2 APPPATH\Controllers\Empresa.php(179): App\Controllers\Empresa->_param('2-220101')
 3 SYSTEMPATH\CodeIgniter.php(943): App\Controllers\Empresa->detalle('2-220101', '33', '33--')
 4 SYSTEMPATH\CodeIgniter.php(503): CodeIgniter\CodeIgniter->runController(Object(App\Controllers\Empresa))
 5 SYSTEMPATH\CodeIgniter.php(361): CodeIgniter\CodeIgniter->handleRequest(null, Object(Config\Cache), false)
 6 FCPATH\index.php(79): CodeIgniter\CodeIgniter->run()
INFO - 2025-03-14 23:46:48 --> Session: Class initialized using 'CodeIgniter\Session\Handlers\FileHandler' driver.
WARNING - 2025-03-14 23:46:48 --> [DEPRECATED] Creation of dynamic property App\Controllers\Empresa::$indexdeto is deprecated in APPPATH\Controllers\Empresa.php on line 1177.
 1 APPPATH\Controllers\Empresa.php(1156): App\Controllers\Empresa->_index()
 2 APPPATH\Controllers\Empresa.php(179): App\Controllers\Empresa->_param('2-220101')
 3 SYSTEMPATH\CodeIgniter.php(943): App\Controllers\Empresa->detalle('2-220101', '33', '33--')
 4 SYSTEMPATH\CodeIgniter.php(503): CodeIgniter\CodeIgniter->runController(Object(App\Controllers\Empresa))
 5 SYSTEMPATH\CodeIgniter.php(361): CodeIgniter\CodeIgniter->handleRequest(null, Object(Config\Cache), false)
 6 FCPATH\index.php(79): CodeIgniter\CodeIgniter->run()
INFO - 2025-03-14 23:46:52 --> Session: Class initialized using 'CodeIgniter\Session\Handlers\FileHandler' driver.
WARNING - 2025-03-14 23:46:52 --> [DEPRECATED] Creation of dynamic property App\Controllers\Empresa::$indexdeto is deprecated in APPPATH\Controllers\Empresa.php on line 1177.
 1 APPPATH\Controllers\Empresa.php(1156): App\Controllers\Empresa->_index()
 2 APPPATH\Controllers\Empresa.php(256): App\Controllers\Empresa->_param('2-220101')
 3 SYSTEMPATH\CodeIgniter.php(943): App\Controllers\Empresa->nuevo('2-220101', '0', '33--', 'D', '0', 'catalogo|33|33--')
 4 SYSTEMPATH\CodeIgniter.php(503): CodeIgniter\CodeIgniter->runController(Object(App\Controllers\Empresa))
 5 SYSTEMPATH\CodeIgniter.php(361): CodeIgniter\CodeIgniter->handleRequest(null, Object(Config\Cache), false)
 6 FCPATH\index.php(79): CodeIgniter\CodeIgniter->run()
INFO - 2025-03-14 23:46:54 --> Session: Class initialized using 'CodeIgniter\Session\Handlers\FileHandler' driver.
INFO - 2025-03-14 23:47:47 --> Session: Class initialized using 'CodeIgniter\Session\Handlers\FileHandler' driver.
WARNING - 2025-03-14 23:47:47 --> [DEPRECATED] Creation of dynamic property App\Controllers\Empresa::$indexdeto is deprecated in APPPATH\Controllers\Empresa.php on line 1177.
 1 APPPATH\Controllers\Empresa.php(1156): App\Controllers\Empresa->_index()
 2 APPPATH\Controllers\Empresa.php(397): App\Controllers\Empresa->_param('2-220101')
 3 SYSTEMPATH\CodeIgniter.php(943): App\Controllers\Empresa->recibirdatos('2-220101', '0', '33--', 'D', '0')
 4 SYSTEMPATH\CodeIgniter.php(503): CodeIgniter\CodeIgniter->runController(Object(App\Controllers\Empresa))
 5 SYSTEMPATH\CodeIgniter.php(361): CodeIgniter\CodeIgniter->handleRequest(null, Object(Config\Cache), false)
 6 FCPATH\index.php(79): CodeIgniter\CodeIgniter->run()
INFO - 2025-03-14 23:48:15 --> Session: Class initialized using 'CodeIgniter\Session\Handlers\FileHandler' driver.
WARNING - 2025-03-14 23:48:15 --> [DEPRECATED] Creation of dynamic property App\Controllers\Empresa::$indexdeto is deprecated in APPPATH\Controllers\Empresa.php on line 1177.
 1 APPPATH\Controllers\Empresa.php(1156): App\Controllers\Empresa->_index()
 2 APPPATH\Controllers\Empresa.php(256): App\Controllers\Empresa->_param('2-220101')
 3 SYSTEMPATH\CodeIgniter.php(943): App\Controllers\Empresa->nuevo('2-220101', '0', '33--', 'D', '0', 'catalogo|33|33--')
 4 SYSTEMPATH\CodeIgniter.php(503): CodeIgniter\CodeIgniter->runController(Object(App\Controllers\Empresa))
 5 SYSTEMPATH\CodeIgniter.php(361): CodeIgniter\CodeIgniter->handleRequest(null, Object(Config\Cache), false)
 6 FCPATH\index.php(79): CodeIgniter\CodeIgniter->run()
INFO - 2025-03-14 23:48:18 --> Session: Class initialized using 'CodeIgniter\Session\Handlers\FileHandler' driver.
INFO - 2025-03-14 23:48:34 --> Session: Class initialized using 'CodeIgniter\Session\Handlers\FileHandler' driver.
WARNING - 2025-03-14 23:48:34 --> [DEPRECATED] Creation of dynamic property App\Controllers\Empresa::$indexdeto is deprecated in APPPATH\Controllers\Empresa.php on line 1177.
 1 APPPATH\Controllers\Empresa.php(1156): App\Controllers\Empresa->_index()
 2 APPPATH\Controllers\Empresa.php(397): App\Controllers\Empresa->_param('2-220101')
 3 SYSTEMPATH\CodeIgniter.php(943): App\Controllers\Empresa->recibirdatos('2-220101', '0', '33--', 'D', '0')
 4 SYSTEMPATH\CodeIgniter.php(503): CodeIgniter\CodeIgniter->runController(Object(App\Controllers\Empresa))
 5 SYSTEMPATH\CodeIgniter.php(361): CodeIgniter\CodeIgniter->handleRequest(null, Object(Config\Cache), false)
 6 FCPATH\index.php(79): CodeIgniter\CodeIgniter->run()
INFO - 2025-03-14 23:48:39 --> Session: Class initialized using 'CodeIgniter\Session\Handlers\FileHandler' driver.
WARNING - 2025-03-14 23:48:39 --> [DEPRECATED] Creation of dynamic property App\Controllers\Empresa::$indexdeto is deprecated in APPPATH\Controllers\Empresa.php on line 1177.
 1 APPPATH\Controllers\Empresa.php(1156): App\Controllers\Empresa->_index()
 2 APPPATH\Controllers\Empresa.php(397): App\Controllers\Empresa->_param('2-220101')
 3 SYSTEMPATH\CodeIgniter.php(943): App\Controllers\Empresa->recibirdatos('2-220101', '0', '33--', 'D', '0')
 4 SYSTEMPATH\CodeIgniter.php(503): CodeIgniter\CodeIgniter->runController(Object(App\Controllers\Empresa))
 5 SYSTEMPATH\CodeIgniter.php(361): CodeIgniter\CodeIgniter->handleRequest(null, Object(Config\Cache), false)
 6 FCPATH\index.php(79): CodeIgniter\CodeIgniter->run()
INFO - 2025-03-14 23:49:14 --> Session: Class initialized using 'CodeIgniter\Session\Handlers\FileHandler' driver.
WARNING - 2025-03-14 23:49:14 --> [DEPRECATED] Creation of dynamic property App\Controllers\Empresa::$indexdeto is deprecated in APPPATH\Controllers\Empresa.php on line 1177.
 1 APPPATH\Controllers\Empresa.php(1156): App\Controllers\Empresa->_index()
 2 APPPATH\Controllers\Empresa.php(256): App\Controllers\Empresa->_param('2-220101')
 3 SYSTEMPATH\CodeIgniter.php(943): App\Controllers\Empresa->nuevo('2-220101', '0', '33--', 'D', '0', 'catalogo|33|33--')
 4 SYSTEMPATH\CodeIgniter.php(503): CodeIgniter\CodeIgniter->runController(Object(App\Controllers\Empresa))
 5 SYSTEMPATH\CodeIgniter.php(361): CodeIgniter\CodeIgniter->handleRequest(null, Object(Config\Cache), false)
 6 FCPATH\index.php(79): CodeIgniter\CodeIgniter->run()
INFO - 2025-03-14 23:49:15 --> Session: Class initialized using 'CodeIgniter\Session\Handlers\FileHandler' driver.
INFO - 2025-03-14 23:49:57 --> Session: Class initialized using 'CodeIgniter\Session\Handlers\FileHandler' driver.
WARNING - 2025-03-14 23:49:57 --> [DEPRECATED] Creation of dynamic property App\Controllers\Empresa::$indexdeto is deprecated in APPPATH\Controllers\Empresa.php on line 1177.
 1 APPPATH\Controllers\Empresa.php(1156): App\Controllers\Empresa->_index()
 2 APPPATH\Controllers\Empresa.php(397): App\Controllers\Empresa->_param('2-220101')
 3 SYSTEMPATH\CodeIgniter.php(943): App\Controllers\Empresa->recibirdatos('2-220101', '0', '33--', 'D', '0')
 4 SYSTEMPATH\CodeIgniter.php(503): CodeIgniter\CodeIgniter->runController(Object(App\Controllers\Empresa))
 5 SYSTEMPATH\CodeIgniter.php(361): CodeIgniter\CodeIgniter->handleRequest(null, Object(Config\Cache), false)
 6 FCPATH\index.php(79): CodeIgniter\CodeIgniter->run()
INFO - 2025-03-14 23:50:01 --> Session: Class initialized using 'CodeIgniter\Session\Handlers\FileHandler' driver.
WARNING - 2025-03-14 23:50:01 --> [DEPRECATED] Creation of dynamic property App\Controllers\Empresa::$indexdeto is deprecated in APPPATH\Controllers\Empresa.php on line 1177.
 1 APPPATH\Controllers\Empresa.php(1156): App\Controllers\Empresa->_index()
 2 APPPATH\Controllers\Empresa.php(397): App\Controllers\Empresa->_param('2-220101')
 3 SYSTEMPATH\CodeIgniter.php(943): App\Controllers\Empresa->recibirdatos('2-220101', '0', '33--', 'D', '0')
 4 SYSTEMPATH\CodeIgniter.php(503): CodeIgniter\CodeIgniter->runController(Object(App\Controllers\Empresa))
 5 SYSTEMPATH\CodeIgniter.php(361): CodeIgniter\CodeIgniter->handleRequest(null, Object(Config\Cache), false)
 6 FCPATH\index.php(79): CodeIgniter\CodeIgniter->run()
INFO - 2025-03-14 23:50:05 --> Session: Class initialized using 'CodeIgniter\Session\Handlers\FileHandler' driver.
ERROR - 2025-03-14 23:50:05 --> Sesión expirada por inactividad
INFO - 2025-03-14 23:50:05 --> Session: Class initialized using 'CodeIgniter\Session\Handlers\FileHandler' driver.
INFO - 2025-03-14 23:50:20 --> Session: Class initialized using 'CodeIgniter\Session\Handlers\FileHandler' driver.
INFO - 2025-03-14 23:50:21 --> Session: Class initialized using 'CodeIgniter\Session\Handlers\FileHandler' driver.
INFO - 2025-03-14 23:50:25 --> Session: Class initialized using 'CodeIgniter\Session\Handlers\FileHandler' driver.
CRITICAL - 2025-03-14 23:50:25 --> ErrorException: Undefined array key "idtransaccion"
in APPPATH\Views\empresa\emp_lst.php on line 457.
 1 APPPATH\Views\empresa\emp_lst.php(457): CodeIgniter\Debug\Exceptions->errorHandler(2, 'Undefined array key "idtransaccion"', 'C:\\inetpub\\wwwroot\\HCbpms\\app\\Views\\empresa\\emp_lst.php', 457)
 2 SYSTEMPATH\View\View.php(228): include('C:\\inetpub\\wwwroot\\HCbpms\\app\\Views\\empresa\\emp_lst.php')
 3 SYSTEMPATH\View\View.php(231): CodeIgniter\View\View->CodeIgniter\View\{closure}()
 4 SYSTEMPATH\Common.php(1178): CodeIgniter\View\View->render('empresa/emp_lst', [], true)
 5 APPPATH\Controllers\Empresa.php(67): view('empresa/emp_lst', [...])
 6 APPPATH\Controllers\Empresa.php(42): App\Controllers\Empresa->___index()
 7 SYSTEMPATH\CodeIgniter.php(943): App\Controllers\Empresa->index('1-110301')
 8 SYSTEMPATH\CodeIgniter.php(503): CodeIgniter\CodeIgniter->runController(Object(App\Controllers\Empresa))
 9 SYSTEMPATH\CodeIgniter.php(361): CodeIgniter\CodeIgniter->handleRequest(null, Object(Config\Cache), false)
10 FCPATH\index.php(79): CodeIgniter\CodeIgniter->run()
INFO - 2025-03-14 23:50:25 --> Session: Class initialized using 'CodeIgniter\Session\Handlers\FileHandler' driver.
INFO - 2025-03-14 23:56:10 --> Session: Class initialized using 'CodeIgniter\Session\Handlers\FileHandler' driver.
INFO - 2025-03-14 23:56:10 --> Session: Class initialized using 'CodeIgniter\Session\Handlers\FileHandler' driver.
