INFO - 2025-02-26 01:39:54 --> Session: Class initialized using 'CodeIgniter\Session\Handlers\FileHandler' driver.
INFO - 2025-02-26 01:40:03 --> Session: Class initialized using 'CodeIgniter\Session\Handlers\FileHandler' driver.
INFO - 2025-02-26 01:40:03 --> Session: Class initialized using 'CodeIgniter\Session\Handlers\FileHandler' driver.
INFO - 2025-02-26 01:40:10 --> Session: Class initialized using 'CodeIgniter\Session\Handlers\FileHandler' driver.
INFO - 2025-02-26 01:40:10 --> Session: Class initialized using 'CodeIgniter\Session\Handlers\FileHandler' driver.
INFO - 2025-02-26 01:40:33 --> Session: Class initialized using 'CodeIgniter\Session\Handlers\FileHandler' driver.
CRITICAL - 2025-02-26 01:40:33 --> ErrorException: Undefined property: App\Controllers\Empresa::$uri
in APPPATH\Controllers\Empresa.php on line 175.
 1 APPPATH\Controllers\Empresa.php(175): CodeIgniter\Debug\Exceptions->errorHandler(2, 'Undefined property: App\\Controllers\\Empresa::$uri', 'C:\\inetpub\\wwwroot\\HCbpms\\app\\Controllers\\Empresa.php', 175)
 2 SYSTEMPATH\CodeIgniter.php(943): App\Controllers\Empresa->detalle('clista', '1', '25--')
 3 SYSTEMPATH\CodeIgniter.php(503): CodeIgniter\CodeIgniter->runController(Object(App\Controllers\Empresa))
 4 SYSTEMPATH\CodeIgniter.php(361): CodeIgniter\CodeIgniter->handleRequest(null, Object(Config\Cache), false)
 5 FCPATH\index.php(79): CodeIgniter\CodeIgniter->run()
INFO - 2025-02-26 01:40:35 --> Session: Class initialized using 'CodeIgniter\Session\Handlers\FileHandler' driver.
CRITICAL - 2025-02-26 01:40:35 --> ErrorException: Undefined property: App\Controllers\Empresa::$uri
in APPPATH\Controllers\Empresa.php on line 175.
 1 APPPATH\Controllers\Empresa.php(175): CodeIgniter\Debug\Exceptions->errorHandler(2, 'Undefined property: App\\Controllers\\Empresa::$uri', 'C:\\inetpub\\wwwroot\\HCbpms\\app\\Controllers\\Empresa.php', 175)
 2 SYSTEMPATH\CodeIgniter.php(943): App\Controllers\Empresa->detalle('clista', '1', '25--')
 3 SYSTEMPATH\CodeIgniter.php(503): CodeIgniter\CodeIgniter->runController(Object(App\Controllers\Empresa))
 4 SYSTEMPATH\CodeIgniter.php(361): CodeIgniter\CodeIgniter->handleRequest(null, Object(Config\Cache), false)
 5 FCPATH\index.php(79): CodeIgniter\CodeIgniter->run()
INFO - 2025-02-26 01:40:46 --> Session: Class initialized using 'CodeIgniter\Session\Handlers\FileHandler' driver.
INFO - 2025-02-26 01:40:57 --> Session: Class initialized using 'CodeIgniter\Session\Handlers\FileHandler' driver.
INFO - 2025-02-26 01:40:57 --> Session: Class initialized using 'CodeIgniter\Session\Handlers\FileHandler' driver.
INFO - 2025-02-26 01:41:06 --> Session: Class initialized using 'CodeIgniter\Session\Handlers\FileHandler' driver.
INFO - 2025-02-26 01:41:06 --> Session: Class initialized using 'CodeIgniter\Session\Handlers\FileHandler' driver.
INFO - 2025-02-26 01:41:09 --> Session: Class initialized using 'CodeIgniter\Session\Handlers\FileHandler' driver.
INFO - 2025-02-26 01:41:30 --> Session: Class initialized using 'CodeIgniter\Session\Handlers\FileHandler' driver.
INFO - 2025-02-26 01:41:34 --> Session: Class initialized using 'CodeIgniter\Session\Handlers\FileHandler' driver.
INFO - 2025-02-26 01:41:35 --> Session: Class initialized using 'CodeIgniter\Session\Handlers\FileHandler' driver.
INFO - 2025-02-26 01:41:41 --> Session: Class initialized using 'CodeIgniter\Session\Handlers\FileHandler' driver.
CRITICAL - 2025-02-26 01:41:41 --> ErrorException: Undefined property: App\Controllers\Empresa::$uri
in APPPATH\Controllers\Empresa.php on line 175.
 1 APPPATH\Controllers\Empresa.php(175): CodeIgniter\Debug\Exceptions->errorHandler(2, 'Undefined property: App\\Controllers\\Empresa::$uri', 'C:\\inetpub\\wwwroot\\HCbpms\\app\\Controllers\\Empresa.php', 175)
 2 SYSTEMPATH\CodeIgniter.php(943): App\Controllers\Empresa->detalle('clista', '1', '25--')
 3 SYSTEMPATH\CodeIgniter.php(503): CodeIgniter\CodeIgniter->runController(Object(App\Controllers\Empresa))
 4 SYSTEMPATH\CodeIgniter.php(361): CodeIgniter\CodeIgniter->handleRequest(null, Object(Config\Cache), false)
 5 FCPATH\index.php(79): CodeIgniter\CodeIgniter->run()
INFO - 2025-02-26 01:58:27 --> Session: Class initialized using 'CodeIgniter\Session\Handlers\FileHandler' driver.
INFO - 2025-02-26 01:58:27 --> Session: Class initialized using 'CodeIgniter\Session\Handlers\FileHandler' driver.
INFO - 2025-02-26 02:00:19 --> Session: Class initialized using 'CodeIgniter\Session\Handlers\FileHandler' driver.
INFO - 2025-02-26 02:00:26 --> Session: Class initialized using 'CodeIgniter\Session\Handlers\FileHandler' driver.
INFO - 2025-02-26 02:00:26 --> Session: Class initialized using 'CodeIgniter\Session\Handlers\FileHandler' driver.
INFO - 2025-02-26 02:00:33 --> Session: Class initialized using 'CodeIgniter\Session\Handlers\FileHandler' driver.
INFO - 2025-02-26 02:00:33 --> Session: Class initialized using 'CodeIgniter\Session\Handlers\FileHandler' driver.
INFO - 2025-02-26 02:00:42 --> Session: Class initialized using 'CodeIgniter\Session\Handlers\FileHandler' driver.
INFO - 2025-02-26 02:00:42 --> Session: Class initialized using 'CodeIgniter\Session\Handlers\FileHandler' driver.
INFO - 2025-02-26 02:00:46 --> Session: Class initialized using 'CodeIgniter\Session\Handlers\FileHandler' driver.
INFO - 2025-02-26 02:00:46 --> Session: Class initialized using 'CodeIgniter\Session\Handlers\FileHandler' driver.
INFO - 2025-02-26 02:00:54 --> Session: Class initialized using 'CodeIgniter\Session\Handlers\FileHandler' driver.
INFO - 2025-02-26 02:00:54 --> Session: Class initialized using 'CodeIgniter\Session\Handlers\FileHandler' driver.
INFO - 2025-02-26 02:01:28 --> Session: Class initialized using 'CodeIgniter\Session\Handlers\FileHandler' driver.
CRITICAL - 2025-02-26 02:01:28 --> ErrorException: Undefined array key 1
in APPPATH\Helpers\TransacProducto_helper.php on line 12.
 1 APPPATH\Helpers\TransacProducto_helper.php(12): CodeIgniter\Debug\Exceptions->errorHandler(2, 'Undefined array key 1', 'C:\\inetpub\\wwwroot\\HCbpms\\app\\Helpers\\TransacProducto_helper.php', 12)
 2 APPPATH\Controllers\Empresa.php(435): obtenerConfiguracionTransaccion('_clista')
 3 APPPATH\Controllers\Empresa.php(177): App\Controllers\Empresa->_param('_clista')
 4 SYSTEMPATH\CodeIgniter.php(943): App\Controllers\Empresa->detalle('clista', '1', '25--')
 5 SYSTEMPATH\CodeIgniter.php(503): CodeIgniter\CodeIgniter->runController(Object(App\Controllers\Empresa))
 6 SYSTEMPATH\CodeIgniter.php(361): CodeIgniter\CodeIgniter->handleRequest(null, Object(Config\Cache), false)
 7 FCPATH\index.php(79): CodeIgniter\CodeIgniter->run()
INFO - 2025-02-26 02:07:09 --> Session: Class initialized using 'CodeIgniter\Session\Handlers\FileHandler' driver.
INFO - 2025-02-26 02:07:09 --> Session: Class initialized using 'CodeIgniter\Session\Handlers\FileHandler' driver.
INFO - 2025-02-26 02:07:52 --> Session: Class initialized using 'CodeIgniter\Session\Handlers\FileHandler' driver.
INFO - 2025-02-26 08:27:09 --> Session: Class initialized using 'CodeIgniter\Session\Handlers\FileHandler' driver.
INFO - 2025-02-26 08:27:11 --> Session: Class initialized using 'CodeIgniter\Session\Handlers\FileHandler' driver.
INFO - 2025-02-26 08:27:28 --> Session: Class initialized using 'CodeIgniter\Session\Handlers\FileHandler' driver.
INFO - 2025-02-26 08:27:31 --> Session: Class initialized using 'CodeIgniter\Session\Handlers\FileHandler' driver.
INFO - 2025-02-26 08:27:45 --> Session: Class initialized using 'CodeIgniter\Session\Handlers\FileHandler' driver.
CRITICAL - 2025-02-26 08:27:45 --> ErrorException: Undefined array key 1
in APPPATH\Helpers\TransacProducto_helper.php on line 12.
 1 APPPATH\Helpers\TransacProducto_helper.php(12): CodeIgniter\Debug\Exceptions->errorHandler(2, 'Undefined array key 1', 'C:\\inetpub\\wwwroot\\HCbpms\\app\\Helpers\\TransacProducto_helper.php', 12)
 2 APPPATH\Controllers\Empresa.php(435): obtenerConfiguracionTransaccion('_clista')
 3 APPPATH\Controllers\Empresa.php(177): App\Controllers\Empresa->_param('_clista')
 4 SYSTEMPATH\CodeIgniter.php(943): App\Controllers\Empresa->detalle('clista', '1', '25--')
 5 SYSTEMPATH\CodeIgniter.php(503): CodeIgniter\CodeIgniter->runController(Object(App\Controllers\Empresa))
 6 SYSTEMPATH\CodeIgniter.php(361): CodeIgniter\CodeIgniter->handleRequest(null, Object(Config\Cache), false)
 7 FCPATH\index.php(79): CodeIgniter\CodeIgniter->run()
INFO - 2025-02-26 08:32:46 --> Session: Class initialized using 'CodeIgniter\Session\Handlers\FileHandler' driver.
INFO - 2025-02-26 08:32:47 --> Session: Class initialized using 'CodeIgniter\Session\Handlers\FileHandler' driver.
INFO - 2025-02-26 08:35:31 --> Session: Class initialized using 'CodeIgniter\Session\Handlers\FileHandler' driver.
INFO - 2025-02-26 08:35:31 --> Session: Class initialized using 'CodeIgniter\Session\Handlers\FileHandler' driver.
INFO - 2025-02-26 08:36:01 --> Session: Class initialized using 'CodeIgniter\Session\Handlers\FileHandler' driver.
INFO - 2025-02-26 08:36:01 --> Session: Class initialized using 'CodeIgniter\Session\Handlers\FileHandler' driver.
INFO - 2025-02-26 08:36:09 --> Session: Class initialized using 'CodeIgniter\Session\Handlers\FileHandler' driver.
INFO - 2025-02-26 08:42:48 --> Session: Class initialized using 'CodeIgniter\Session\Handlers\FileHandler' driver.
INFO - 2025-02-26 08:42:48 --> Session: Class initialized using 'CodeIgniter\Session\Handlers\FileHandler' driver.
INFO - 2025-02-26 09:31:25 --> Session: Class initialized using 'CodeIgniter\Session\Handlers\FileHandler' driver.
INFO - 2025-02-26 10:46:59 --> Session: Class initialized using 'CodeIgniter\Session\Handlers\FileHandler' driver.
INFO - 2025-02-26 10:47:13 --> Session: Class initialized using 'CodeIgniter\Session\Handlers\FileHandler' driver.
INFO - 2025-02-26 10:47:14 --> Session: Class initialized using 'CodeIgniter\Session\Handlers\FileHandler' driver.
INFO - 2025-02-26 10:47:21 --> Session: Class initialized using 'CodeIgniter\Session\Handlers\FileHandler' driver.
INFO - 2025-02-26 10:47:21 --> Session: Class initialized using 'CodeIgniter\Session\Handlers\FileHandler' driver.
INFO - 2025-02-26 10:47:29 --> Session: Class initialized using 'CodeIgniter\Session\Handlers\FileHandler' driver.
INFO - 2025-02-26 10:48:03 --> Session: Class initialized using 'CodeIgniter\Session\Handlers\FileHandler' driver.
INFO - 2025-02-26 10:48:08 --> Session: Class initialized using 'CodeIgniter\Session\Handlers\FileHandler' driver.
INFO - 2025-02-26 10:48:08 --> Session: Class initialized using 'CodeIgniter\Session\Handlers\FileHandler' driver.
INFO - 2025-02-26 10:48:16 --> Session: Class initialized using 'CodeIgniter\Session\Handlers\FileHandler' driver.
CRITICAL - 2025-02-26 10:48:16 --> ErrorException: Undefined array key 1
in APPPATH\Helpers\TransacProducto_helper.php on line 12.
 1 APPPATH\Helpers\TransacProducto_helper.php(12): CodeIgniter\Debug\Exceptions->errorHandler(2, 'Undefined array key 1', 'C:\\inetpub\\wwwroot\\HCbpms\\app\\Helpers\\TransacProducto_helper.php', 12)
 2 APPPATH\Controllers\Empresa.php(437): obtenerConfiguracionTransaccion('_clista')
 3 APPPATH\Controllers\Empresa.php(179): App\Controllers\Empresa->_param('_clista')
 4 SYSTEMPATH\CodeIgniter.php(943): App\Controllers\Empresa->detalle('clista', '1', '25--')
 5 SYSTEMPATH\CodeIgniter.php(503): CodeIgniter\CodeIgniter->runController(Object(App\Controllers\Empresa))
 6 SYSTEMPATH\CodeIgniter.php(361): CodeIgniter\CodeIgniter->handleRequest(null, Object(Config\Cache), false)
 7 FCPATH\index.php(79): CodeIgniter\CodeIgniter->run()
INFO - 2025-02-26 10:48:24 --> Session: Class initialized using 'CodeIgniter\Session\Handlers\FileHandler' driver.
INFO - 2025-02-26 10:49:14 --> Session: Class initialized using 'CodeIgniter\Session\Handlers\FileHandler' driver.
INFO - 2025-02-26 10:49:21 --> Session: Class initialized using 'CodeIgniter\Session\Handlers\FileHandler' driver.
INFO - 2025-02-26 10:49:21 --> Session: Class initialized using 'CodeIgniter\Session\Handlers\FileHandler' driver.
INFO - 2025-02-26 10:49:30 --> Session: Class initialized using 'CodeIgniter\Session\Handlers\FileHandler' driver.
INFO - 2025-02-26 10:49:30 --> Session: Class initialized using 'CodeIgniter\Session\Handlers\FileHandler' driver.
INFO - 2025-02-26 10:49:36 --> Session: Class initialized using 'CodeIgniter\Session\Handlers\FileHandler' driver.
INFO - 2025-02-26 10:50:38 --> Session: Class initialized using 'CodeIgniter\Session\Handlers\FileHandler' driver.
INFO - 2025-02-26 10:50:44 --> Session: Class initialized using 'CodeIgniter\Session\Handlers\FileHandler' driver.
INFO - 2025-02-26 10:50:44 --> Session: Class initialized using 'CodeIgniter\Session\Handlers\FileHandler' driver.
INFO - 2025-02-26 10:50:49 --> Session: Class initialized using 'CodeIgniter\Session\Handlers\FileHandler' driver.
CRITICAL - 2025-02-26 10:50:49 --> ErrorException: Undefined property: stdClass::$r_indexdet
in APPPATH\Controllers\Empresa.php on line 218.
 1 APPPATH\Controllers\Empresa.php(218): CodeIgniter\Debug\Exceptions->errorHandler(2, 'Undefined property: stdClass::$r_indexdet', 'C:\\inetpub\\wwwroot\\HCbpms\\app\\Controllers\\Empresa.php', 218)
 2 SYSTEMPATH\CodeIgniter.php(943): App\Controllers\Empresa->detalle('2-220101', '1', '25--')
 3 SYSTEMPATH\CodeIgniter.php(503): CodeIgniter\CodeIgniter->runController(Object(App\Controllers\Empresa))
 4 SYSTEMPATH\CodeIgniter.php(361): CodeIgniter\CodeIgniter->handleRequest(null, Object(Config\Cache), false)
 5 FCPATH\index.php(79): CodeIgniter\CodeIgniter->run()
INFO - 2025-02-26 10:56:53 --> Session: Class initialized using 'CodeIgniter\Session\Handlers\FileHandler' driver.
INFO - 2025-02-26 10:56:53 --> Session: Class initialized using 'CodeIgniter\Session\Handlers\FileHandler' driver.
INFO - 2025-02-26 11:13:42 --> Session: Class initialized using 'CodeIgniter\Session\Handlers\FileHandler' driver.
INFO - 2025-02-26 11:13:47 --> Session: Class initialized using 'CodeIgniter\Session\Handlers\FileHandler' driver.
INFO - 2025-02-26 11:13:48 --> Session: Class initialized using 'CodeIgniter\Session\Handlers\FileHandler' driver.
INFO - 2025-02-26 11:13:56 --> Session: Class initialized using 'CodeIgniter\Session\Handlers\FileHandler' driver.
CRITICAL - 2025-02-26 11:13:56 --> Error: Call to undefined function App\Controllers\_index()
in APPPATH\Controllers\Empresa.php on line 438.
 1 APPPATH\Controllers\Empresa.php(37): App\Controllers\Empresa->_param('2-220101')
 2 SYSTEMPATH\CodeIgniter.php(943): App\Controllers\Empresa->index('2-220101')
 3 SYSTEMPATH\CodeIgniter.php(503): CodeIgniter\CodeIgniter->runController(Object(App\Controllers\Empresa))
 4 SYSTEMPATH\CodeIgniter.php(361): CodeIgniter\CodeIgniter->handleRequest(null, Object(Config\Cache), false)
 5 FCPATH\index.php(79): CodeIgniter\CodeIgniter->run()
INFO - 2025-02-26 11:13:56 --> Session: Class initialized using 'CodeIgniter\Session\Handlers\FileHandler' driver.
INFO - 2025-02-26 11:14:14 --> Session: Class initialized using 'CodeIgniter\Session\Handlers\FileHandler' driver.
CRITICAL - 2025-02-26 11:14:14 --> Error: Call to undefined function App\Controllers\_index()
in APPPATH\Controllers\Empresa.php on line 438.
 1 APPPATH\Controllers\Empresa.php(37): App\Controllers\Empresa->_param('2-220101')
 2 SYSTEMPATH\CodeIgniter.php(943): App\Controllers\Empresa->index('2-220101')
 3 SYSTEMPATH\CodeIgniter.php(503): CodeIgniter\CodeIgniter->runController(Object(App\Controllers\Empresa))
 4 SYSTEMPATH\CodeIgniter.php(361): CodeIgniter\CodeIgniter->handleRequest(null, Object(Config\Cache), false)
 5 FCPATH\index.php(79): CodeIgniter\CodeIgniter->run()
INFO - 2025-02-26 11:14:14 --> Session: Class initialized using 'CodeIgniter\Session\Handlers\FileHandler' driver.
INFO - 2025-02-26 11:14:29 --> Session: Class initialized using 'CodeIgniter\Session\Handlers\FileHandler' driver.
CRITICAL - 2025-02-26 11:14:29 --> Error: Call to undefined function App\Controllers\_index()
in APPPATH\Controllers\Empresa.php on line 438.
 1 APPPATH\Controllers\Empresa.php(37): App\Controllers\Empresa->_param('2-220101')
 2 SYSTEMPATH\CodeIgniter.php(943): App\Controllers\Empresa->index('2-220101')
 3 SYSTEMPATH\CodeIgniter.php(503): CodeIgniter\CodeIgniter->runController(Object(App\Controllers\Empresa))
 4 SYSTEMPATH\CodeIgniter.php(361): CodeIgniter\CodeIgniter->handleRequest(null, Object(Config\Cache), false)
 5 FCPATH\index.php(79): CodeIgniter\CodeIgniter->run()
INFO - 2025-02-26 11:14:29 --> Session: Class initialized using 'CodeIgniter\Session\Handlers\FileHandler' driver.
INFO - 2025-02-26 11:19:50 --> Session: Class initialized using 'CodeIgniter\Session\Handlers\FileHandler' driver.
INFO - 2025-02-26 11:19:50 --> Session: Class initialized using 'CodeIgniter\Session\Handlers\FileHandler' driver.
INFO - 2025-02-26 11:20:11 --> Session: Class initialized using 'CodeIgniter\Session\Handlers\FileHandler' driver.
INFO - 2025-02-26 11:20:12 --> Session: Class initialized using 'CodeIgniter\Session\Handlers\FileHandler' driver.
INFO - 2025-02-26 11:20:17 --> Session: Class initialized using 'CodeIgniter\Session\Handlers\FileHandler' driver.
CRITICAL - 2025-02-26 11:20:17 --> Error: Call to undefined function App\Controllers\_index()
in APPPATH\Controllers\Empresa.php on line 438.
 1 APPPATH\Controllers\Empresa.php(37): App\Controllers\Empresa->_param('2-220101')
 2 SYSTEMPATH\CodeIgniter.php(943): App\Controllers\Empresa->index('2-220101')
 3 SYSTEMPATH\CodeIgniter.php(503): CodeIgniter\CodeIgniter->runController(Object(App\Controllers\Empresa))
 4 SYSTEMPATH\CodeIgniter.php(361): CodeIgniter\CodeIgniter->handleRequest(null, Object(Config\Cache), false)
 5 FCPATH\index.php(79): CodeIgniter\CodeIgniter->run()
INFO - 2025-02-26 11:20:17 --> Session: Class initialized using 'CodeIgniter\Session\Handlers\FileHandler' driver.
INFO - 2025-02-26 11:24:02 --> Session: Class initialized using 'CodeIgniter\Session\Handlers\FileHandler' driver.
INFO - 2025-02-26 11:24:07 --> Session: Class initialized using 'CodeIgniter\Session\Handlers\FileHandler' driver.
WARNING - 2025-02-26 11:24:07 --> [DEPRECATED] Creation of dynamic property App\Controllers\Empresa::$indexdeto is deprecated in APPPATH\Controllers\Empresa.php on line 459.
 1 APPPATH\Controllers\Empresa.php(438): App\Controllers\Empresa->_index()
 2 APPPATH\Controllers\Empresa.php(37): App\Controllers\Empresa->_param('2-220101')
 3 SYSTEMPATH\CodeIgniter.php(943): App\Controllers\Empresa->index('2-220101')
 4 SYSTEMPATH\CodeIgniter.php(503): CodeIgniter\CodeIgniter->runController(Object(App\Controllers\Empresa))
 5 SYSTEMPATH\CodeIgniter.php(361): CodeIgniter\CodeIgniter->handleRequest(null, Object(Config\Cache), false)
 6 FCPATH\index.php(79): CodeIgniter\CodeIgniter->run()
INFO - 2025-02-26 11:24:07 --> Session: Class initialized using 'CodeIgniter\Session\Handlers\FileHandler' driver.
INFO - 2025-02-26 11:24:16 --> Session: Class initialized using 'CodeIgniter\Session\Handlers\FileHandler' driver.
WARNING - 2025-02-26 11:24:16 --> [DEPRECATED] Creation of dynamic property App\Controllers\Empresa::$indexdeto is deprecated in APPPATH\Controllers\Empresa.php on line 459.
 1 APPPATH\Controllers\Empresa.php(438): App\Controllers\Empresa->_index()
 2 APPPATH\Controllers\Empresa.php(179): App\Controllers\Empresa->_param('2-220101')
 3 SYSTEMPATH\CodeIgniter.php(943): App\Controllers\Empresa->detalle('2-220101', '1', '25--')
 4 SYSTEMPATH\CodeIgniter.php(503): CodeIgniter\CodeIgniter->runController(Object(App\Controllers\Empresa))
 5 SYSTEMPATH\CodeIgniter.php(361): CodeIgniter\CodeIgniter->handleRequest(null, Object(Config\Cache), false)
 6 FCPATH\index.php(79): CodeIgniter\CodeIgniter->run()
CRITICAL - 2025-02-26 11:24:16 --> ErrorException: Undefined property: App\Controllers\Empresa::$load
in APPPATH\Controllers\Empresa.php on line 254.
 1 APPPATH\Controllers\Empresa.php(254): CodeIgniter\Debug\Exceptions->errorHandler(2, 'Undefined property: App\\Controllers\\Empresa::$load', 'C:\\inetpub\\wwwroot\\HCbpms\\app\\Controllers\\Empresa.php', 254)
 2 SYSTEMPATH\CodeIgniter.php(943): App\Controllers\Empresa->detalle('2-220101', '1', '25--')
 3 SYSTEMPATH\CodeIgniter.php(503): CodeIgniter\CodeIgniter->runController(Object(App\Controllers\Empresa))
 4 SYSTEMPATH\CodeIgniter.php(361): CodeIgniter\CodeIgniter->handleRequest(null, Object(Config\Cache), false)
 5 FCPATH\index.php(79): CodeIgniter\CodeIgniter->run()
INFO - 2025-02-26 11:28:08 --> Session: Class initialized using 'CodeIgniter\Session\Handlers\FileHandler' driver.
INFO - 2025-02-26 11:28:16 --> Session: Class initialized using 'CodeIgniter\Session\Handlers\FileHandler' driver.
INFO - 2025-02-26 11:28:16 --> Session: Class initialized using 'CodeIgniter\Session\Handlers\FileHandler' driver.
INFO - 2025-02-26 11:28:29 --> Session: Class initialized using 'CodeIgniter\Session\Handlers\FileHandler' driver.
WARNING - 2025-02-26 11:28:29 --> [DEPRECATED] Creation of dynamic property App\Controllers\Empresa::$indexdeto is deprecated in APPPATH\Controllers\Empresa.php on line 459.
 1 APPPATH\Controllers\Empresa.php(438): App\Controllers\Empresa->_index()
 2 APPPATH\Controllers\Empresa.php(37): App\Controllers\Empresa->_param('2-220101')
 3 SYSTEMPATH\CodeIgniter.php(943): App\Controllers\Empresa->index('2-220101')
 4 SYSTEMPATH\CodeIgniter.php(503): CodeIgniter\CodeIgniter->runController(Object(App\Controllers\Empresa))
 5 SYSTEMPATH\CodeIgniter.php(361): CodeIgniter\CodeIgniter->handleRequest(null, Object(Config\Cache), false)
 6 FCPATH\index.php(79): CodeIgniter\CodeIgniter->run()
INFO - 2025-02-26 11:28:30 --> Session: Class initialized using 'CodeIgniter\Session\Handlers\FileHandler' driver.
INFO - 2025-02-26 11:28:35 --> Session: Class initialized using 'CodeIgniter\Session\Handlers\FileHandler' driver.
WARNING - 2025-02-26 11:28:35 --> [DEPRECATED] Creation of dynamic property App\Controllers\Empresa::$indexdeto is deprecated in APPPATH\Controllers\Empresa.php on line 459.
 1 APPPATH\Controllers\Empresa.php(438): App\Controllers\Empresa->_index()
 2 APPPATH\Controllers\Empresa.php(179): App\Controllers\Empresa->_param('2-220101')
 3 SYSTEMPATH\CodeIgniter.php(943): App\Controllers\Empresa->detalle('2-220101', '1', '25--')
 4 SYSTEMPATH\CodeIgniter.php(503): CodeIgniter\CodeIgniter->runController(Object(App\Controllers\Empresa))
 5 SYSTEMPATH\CodeIgniter.php(361): CodeIgniter\CodeIgniter->handleRequest(null, Object(Config\Cache), false)
 6 FCPATH\index.php(79): CodeIgniter\CodeIgniter->run()
CRITICAL - 2025-02-26 11:28:36 --> Error: Call to undefined method Config\View::item()
in APPPATH\Views\empresa\emp_dlst.php on line 10.
 1 SYSTEMPATH\View\View.php(228): include()
 2 SYSTEMPATH\View\View.php(231): CodeIgniter\View\View->CodeIgniter\View\{closure}()
 3 SYSTEMPATH\Common.php(1178): CodeIgniter\View\View->render('empresa/emp_dlst', [], true)
 4 APPPATH\Controllers\Empresa.php(254): view('empresa/emp_dlst', [...])
 5 SYSTEMPATH\CodeIgniter.php(943): App\Controllers\Empresa->detalle('2-220101', '1', '25--')
 6 SYSTEMPATH\CodeIgniter.php(503): CodeIgniter\CodeIgniter->runController(Object(App\Controllers\Empresa))
 7 SYSTEMPATH\CodeIgniter.php(361): CodeIgniter\CodeIgniter->handleRequest(null, Object(Config\Cache), false)
 8 FCPATH\index.php(79): CodeIgniter\CodeIgniter->run()
INFO - 2025-02-26 11:32:24 --> Session: Class initialized using 'CodeIgniter\Session\Handlers\FileHandler' driver.
INFO - 2025-02-26 11:32:30 --> Session: Class initialized using 'CodeIgniter\Session\Handlers\FileHandler' driver.
WARNING - 2025-02-26 11:32:30 --> [DEPRECATED] Creation of dynamic property App\Controllers\Empresa::$indexdeto is deprecated in APPPATH\Controllers\Empresa.php on line 459.
 1 APPPATH\Controllers\Empresa.php(438): App\Controllers\Empresa->_index()
 2 APPPATH\Controllers\Empresa.php(37): App\Controllers\Empresa->_param('2-220101')
 3 SYSTEMPATH\CodeIgniter.php(943): App\Controllers\Empresa->index('2-220101')
 4 SYSTEMPATH\CodeIgniter.php(503): CodeIgniter\CodeIgniter->runController(Object(App\Controllers\Empresa))
 5 SYSTEMPATH\CodeIgniter.php(361): CodeIgniter\CodeIgniter->handleRequest(null, Object(Config\Cache), false)
 6 FCPATH\index.php(79): CodeIgniter\CodeIgniter->run()
INFO - 2025-02-26 11:32:30 --> Session: Class initialized using 'CodeIgniter\Session\Handlers\FileHandler' driver.
INFO - 2025-02-26 11:32:36 --> Session: Class initialized using 'CodeIgniter\Session\Handlers\FileHandler' driver.
WARNING - 2025-02-26 11:32:36 --> [DEPRECATED] Creation of dynamic property App\Controllers\Empresa::$indexdeto is deprecated in APPPATH\Controllers\Empresa.php on line 459.
 1 APPPATH\Controllers\Empresa.php(438): App\Controllers\Empresa->_index()
 2 APPPATH\Controllers\Empresa.php(179): App\Controllers\Empresa->_param('2-220101')
 3 SYSTEMPATH\CodeIgniter.php(943): App\Controllers\Empresa->detalle('2-220101', '1', '25--')
 4 SYSTEMPATH\CodeIgniter.php(503): CodeIgniter\CodeIgniter->runController(Object(App\Controllers\Empresa))
 5 SYSTEMPATH\CodeIgniter.php(361): CodeIgniter\CodeIgniter->handleRequest(null, Object(Config\Cache), false)
 6 FCPATH\index.php(79): CodeIgniter\CodeIgniter->run()
CRITICAL - 2025-02-26 11:32:36 --> ErrorException: Undefined property: Config\View::$r_camposdet
in APPPATH\Views\empresa\emp_dlst.php on line 10.
 1 APPPATH\Views\empresa\emp_dlst.php(10): CodeIgniter\Debug\Exceptions->errorHandler(2, 'Undefined property: Config\\View::$r_camposdet', 'C:\\inetpub\\wwwroot\\HCbpms\\app\\Views\\empresa\\emp_dlst.php', 10)
 2 SYSTEMPATH\View\View.php(228): include('C:\\inetpub\\wwwroot\\HCbpms\\app\\Views\\empresa\\emp_dlst.php')
 3 SYSTEMPATH\View\View.php(231): CodeIgniter\View\View->CodeIgniter\View\{closure}()
 4 SYSTEMPATH\Common.php(1178): CodeIgniter\View\View->render('empresa/emp_dlst', [], true)
 5 APPPATH\Controllers\Empresa.php(254): view('empresa/emp_dlst', [...])
 6 SYSTEMPATH\CodeIgniter.php(943): App\Controllers\Empresa->detalle('2-220101', '1', '25--')
 7 SYSTEMPATH\CodeIgniter.php(503): CodeIgniter\CodeIgniter->runController(Object(App\Controllers\Empresa))
 8 SYSTEMPATH\CodeIgniter.php(361): CodeIgniter\CodeIgniter->handleRequest(null, Object(Config\Cache), false)
 9 FCPATH\index.php(79): CodeIgniter\CodeIgniter->run()
INFO - 2025-02-26 11:33:33 --> Session: Class initialized using 'CodeIgniter\Session\Handlers\FileHandler' driver.
INFO - 2025-02-26 11:33:40 --> Session: Class initialized using 'CodeIgniter\Session\Handlers\FileHandler' driver.
WARNING - 2025-02-26 11:33:40 --> [DEPRECATED] Creation of dynamic property App\Controllers\Empresa::$indexdeto is deprecated in APPPATH\Controllers\Empresa.php on line 459.
 1 APPPATH\Controllers\Empresa.php(438): App\Controllers\Empresa->_index()
 2 APPPATH\Controllers\Empresa.php(37): App\Controllers\Empresa->_param('2-220101')
 3 SYSTEMPATH\CodeIgniter.php(943): App\Controllers\Empresa->index('2-220101')
 4 SYSTEMPATH\CodeIgniter.php(503): CodeIgniter\CodeIgniter->runController(Object(App\Controllers\Empresa))
 5 SYSTEMPATH\CodeIgniter.php(361): CodeIgniter\CodeIgniter->handleRequest(null, Object(Config\Cache), false)
 6 FCPATH\index.php(79): CodeIgniter\CodeIgniter->run()
INFO - 2025-02-26 11:33:40 --> Session: Class initialized using 'CodeIgniter\Session\Handlers\FileHandler' driver.
INFO - 2025-02-26 11:33:45 --> Session: Class initialized using 'CodeIgniter\Session\Handlers\FileHandler' driver.
WARNING - 2025-02-26 11:33:45 --> [DEPRECATED] Creation of dynamic property App\Controllers\Empresa::$indexdeto is deprecated in APPPATH\Controllers\Empresa.php on line 459.
 1 APPPATH\Controllers\Empresa.php(438): App\Controllers\Empresa->_index()
 2 APPPATH\Controllers\Empresa.php(179): App\Controllers\Empresa->_param('2-220101')
 3 SYSTEMPATH\CodeIgniter.php(943): App\Controllers\Empresa->detalle('2-220101', '1', '25--')
 4 SYSTEMPATH\CodeIgniter.php(503): CodeIgniter\CodeIgniter->runController(Object(App\Controllers\Empresa))
 5 SYSTEMPATH\CodeIgniter.php(361): CodeIgniter\CodeIgniter->handleRequest(null, Object(Config\Cache), false)
 6 FCPATH\index.php(79): CodeIgniter\CodeIgniter->run()
CRITICAL - 2025-02-26 11:33:45 --> ErrorException: Undefined variable $config
in APPPATH\Views\empresa\emp_dlst.php on line 10.
 1 APPPATH\Views\empresa\emp_dlst.php(10): CodeIgniter\Debug\Exceptions->errorHandler(2, 'Undefined variable $config', 'C:\\inetpub\\wwwroot\\HCbpms\\app\\Views\\empresa\\emp_dlst.php', 10)
 2 SYSTEMPATH\View\View.php(228): include('C:\\inetpub\\wwwroot\\HCbpms\\app\\Views\\empresa\\emp_dlst.php')
 3 SYSTEMPATH\View\View.php(231): CodeIgniter\View\View->CodeIgniter\View\{closure}()
 4 SYSTEMPATH\Common.php(1178): CodeIgniter\View\View->render('empresa/emp_dlst', [], true)
 5 APPPATH\Controllers\Empresa.php(254): view('empresa/emp_dlst', [...])
 6 SYSTEMPATH\CodeIgniter.php(943): App\Controllers\Empresa->detalle('2-220101', '1', '25--')
 7 SYSTEMPATH\CodeIgniter.php(503): CodeIgniter\CodeIgniter->runController(Object(App\Controllers\Empresa))
 8 SYSTEMPATH\CodeIgniter.php(361): CodeIgniter\CodeIgniter->handleRequest(null, Object(Config\Cache), false)
 9 FCPATH\index.php(79): CodeIgniter\CodeIgniter->run()
INFO - 2025-02-26 11:37:18 --> Session: Class initialized using 'CodeIgniter\Session\Handlers\FileHandler' driver.
INFO - 2025-02-26 11:37:30 --> Session: Class initialized using 'CodeIgniter\Session\Handlers\FileHandler' driver.
INFO - 2025-02-26 11:37:30 --> Session: Class initialized using 'CodeIgniter\Session\Handlers\FileHandler' driver.
INFO - 2025-02-26 11:37:37 --> Session: Class initialized using 'CodeIgniter\Session\Handlers\FileHandler' driver.
INFO - 2025-02-26 11:37:37 --> Session: Class initialized using 'CodeIgniter\Session\Handlers\FileHandler' driver.
INFO - 2025-02-26 11:37:42 --> Session: Class initialized using 'CodeIgniter\Session\Handlers\FileHandler' driver.
WARNING - 2025-02-26 11:37:42 --> [DEPRECATED] Creation of dynamic property App\Controllers\Empresa::$indexdeto is deprecated in APPPATH\Controllers\Empresa.php on line 459.
 1 APPPATH\Controllers\Empresa.php(438): App\Controllers\Empresa->_index()
 2 APPPATH\Controllers\Empresa.php(37): App\Controllers\Empresa->_param('2-220101')
 3 SYSTEMPATH\CodeIgniter.php(943): App\Controllers\Empresa->index('2-220101')
 4 SYSTEMPATH\CodeIgniter.php(503): CodeIgniter\CodeIgniter->runController(Object(App\Controllers\Empresa))
 5 SYSTEMPATH\CodeIgniter.php(361): CodeIgniter\CodeIgniter->handleRequest(null, Object(Config\Cache), false)
 6 FCPATH\index.php(79): CodeIgniter\CodeIgniter->run()
INFO - 2025-02-26 11:37:42 --> Session: Class initialized using 'CodeIgniter\Session\Handlers\FileHandler' driver.
INFO - 2025-02-26 11:37:48 --> Session: Class initialized using 'CodeIgniter\Session\Handlers\FileHandler' driver.
WARNING - 2025-02-26 11:37:48 --> [DEPRECATED] Creation of dynamic property App\Controllers\Empresa::$indexdeto is deprecated in APPPATH\Controllers\Empresa.php on line 459.
 1 APPPATH\Controllers\Empresa.php(438): App\Controllers\Empresa->_index()
 2 APPPATH\Controllers\Empresa.php(179): App\Controllers\Empresa->_param('2-220101')
 3 SYSTEMPATH\CodeIgniter.php(943): App\Controllers\Empresa->detalle('2-220101', '1', '25--')
 4 SYSTEMPATH\CodeIgniter.php(503): CodeIgniter\CodeIgniter->runController(Object(App\Controllers\Empresa))
 5 SYSTEMPATH\CodeIgniter.php(361): CodeIgniter\CodeIgniter->handleRequest(null, Object(Config\Cache), false)
 6 FCPATH\index.php(79): CodeIgniter\CodeIgniter->run()
INFO - 2025-02-26 11:43:07 --> Session: Class initialized using 'CodeIgniter\Session\Handlers\FileHandler' driver.
INFO - 2025-02-26 11:43:07 --> Session: Class initialized using 'CodeIgniter\Session\Handlers\FileHandler' driver.
INFO - 2025-02-26 11:43:34 --> Session: Class initialized using 'CodeIgniter\Session\Handlers\FileHandler' driver.
INFO - 2025-02-26 11:43:41 --> Session: Class initialized using 'CodeIgniter\Session\Handlers\FileHandler' driver.
INFO - 2025-02-26 11:43:41 --> Session: Class initialized using 'CodeIgniter\Session\Handlers\FileHandler' driver.
INFO - 2025-02-26 11:43:47 --> Session: Class initialized using 'CodeIgniter\Session\Handlers\FileHandler' driver.
WARNING - 2025-02-26 11:43:47 --> [DEPRECATED] Creation of dynamic property App\Controllers\Empresa::$indexdeto is deprecated in APPPATH\Controllers\Empresa.php on line 459.
 1 APPPATH\Controllers\Empresa.php(438): App\Controllers\Empresa->_index()
 2 APPPATH\Controllers\Empresa.php(37): App\Controllers\Empresa->_param('2-220101')
 3 SYSTEMPATH\CodeIgniter.php(943): App\Controllers\Empresa->index('2-220101')
 4 SYSTEMPATH\CodeIgniter.php(503): CodeIgniter\CodeIgniter->runController(Object(App\Controllers\Empresa))
 5 SYSTEMPATH\CodeIgniter.php(361): CodeIgniter\CodeIgniter->handleRequest(null, Object(Config\Cache), false)
 6 FCPATH\index.php(79): CodeIgniter\CodeIgniter->run()
INFO - 2025-02-26 11:43:47 --> Session: Class initialized using 'CodeIgniter\Session\Handlers\FileHandler' driver.
INFO - 2025-02-26 11:43:54 --> Session: Class initialized using 'CodeIgniter\Session\Handlers\FileHandler' driver.
WARNING - 2025-02-26 11:43:54 --> [DEPRECATED] Creation of dynamic property App\Controllers\Empresa::$indexdeto is deprecated in APPPATH\Controllers\Empresa.php on line 459.
 1 APPPATH\Controllers\Empresa.php(438): App\Controllers\Empresa->_index()
 2 APPPATH\Controllers\Empresa.php(179): App\Controllers\Empresa->_param('2-220101')
 3 SYSTEMPATH\CodeIgniter.php(943): App\Controllers\Empresa->detalle('2-220101', '1', '25--')
 4 SYSTEMPATH\CodeIgniter.php(503): CodeIgniter\CodeIgniter->runController(Object(App\Controllers\Empresa))
 5 SYSTEMPATH\CodeIgniter.php(361): CodeIgniter\CodeIgniter->handleRequest(null, Object(Config\Cache), false)
 6 FCPATH\index.php(79): CodeIgniter\CodeIgniter->run()
INFO - 2025-02-26 11:48:57 --> Session: Class initialized using 'CodeIgniter\Session\Handlers\FileHandler' driver.
INFO - 2025-02-26 11:48:57 --> Session: Class initialized using 'CodeIgniter\Session\Handlers\FileHandler' driver.
INFO - 2025-02-26 14:12:04 --> Session: Class initialized using 'CodeIgniter\Session\Handlers\FileHandler' driver.
INFO - 2025-02-26 14:12:05 --> Session: Class initialized using 'CodeIgniter\Session\Handlers\FileHandler' driver.
INFO - 2025-02-26 14:12:12 --> Session: Class initialized using 'CodeIgniter\Session\Handlers\FileHandler' driver.
WARNING - 2025-02-26 14:12:12 --> [DEPRECATED] Creation of dynamic property App\Controllers\Empresa::$indexdeto is deprecated in APPPATH\Controllers\Empresa.php on line 459.
 1 APPPATH\Controllers\Empresa.php(438): App\Controllers\Empresa->_index()
 2 APPPATH\Controllers\Empresa.php(37): App\Controllers\Empresa->_param('2-220101')
 3 SYSTEMPATH\CodeIgniter.php(943): App\Controllers\Empresa->index('2-220101')
 4 SYSTEMPATH\CodeIgniter.php(503): CodeIgniter\CodeIgniter->runController(Object(App\Controllers\Empresa))
 5 SYSTEMPATH\CodeIgniter.php(361): CodeIgniter\CodeIgniter->handleRequest(null, Object(Config\Cache), false)
 6 FCPATH\index.php(79): CodeIgniter\CodeIgniter->run()
INFO - 2025-02-26 14:12:12 --> Session: Class initialized using 'CodeIgniter\Session\Handlers\FileHandler' driver.
INFO - 2025-02-26 14:12:18 --> Session: Class initialized using 'CodeIgniter\Session\Handlers\FileHandler' driver.
WARNING - 2025-02-26 14:12:18 --> [DEPRECATED] Creation of dynamic property App\Controllers\Empresa::$indexdeto is deprecated in APPPATH\Controllers\Empresa.php on line 459.
 1 APPPATH\Controllers\Empresa.php(438): App\Controllers\Empresa->_index()
 2 APPPATH\Controllers\Empresa.php(179): App\Controllers\Empresa->_param('2-220101')
 3 SYSTEMPATH\CodeIgniter.php(943): App\Controllers\Empresa->detalle('2-220101', '1', '25--')
 4 SYSTEMPATH\CodeIgniter.php(503): CodeIgniter\CodeIgniter->runController(Object(App\Controllers\Empresa))
 5 SYSTEMPATH\CodeIgniter.php(361): CodeIgniter\CodeIgniter->handleRequest(null, Object(Config\Cache), false)
 6 FCPATH\index.php(79): CodeIgniter\CodeIgniter->run()
INFO - 2025-02-26 14:15:14 --> Session: Class initialized using 'CodeIgniter\Session\Handlers\FileHandler' driver.
INFO - 2025-02-26 14:15:19 --> Session: Class initialized using 'CodeIgniter\Session\Handlers\FileHandler' driver.
WARNING - 2025-02-26 14:15:19 --> [DEPRECATED] Creation of dynamic property App\Controllers\Empresa::$indexdeto is deprecated in APPPATH\Controllers\Empresa.php on line 459.
 1 APPPATH\Controllers\Empresa.php(438): App\Controllers\Empresa->_index()
 2 APPPATH\Controllers\Empresa.php(37): App\Controllers\Empresa->_param('2-220101')
 3 SYSTEMPATH\CodeIgniter.php(943): App\Controllers\Empresa->index('2-220101')
 4 SYSTEMPATH\CodeIgniter.php(503): CodeIgniter\CodeIgniter->runController(Object(App\Controllers\Empresa))
 5 SYSTEMPATH\CodeIgniter.php(361): CodeIgniter\CodeIgniter->handleRequest(null, Object(Config\Cache), false)
 6 FCPATH\index.php(79): CodeIgniter\CodeIgniter->run()
INFO - 2025-02-26 14:15:19 --> Session: Class initialized using 'CodeIgniter\Session\Handlers\FileHandler' driver.
INFO - 2025-02-26 14:20:22 --> Session: Class initialized using 'CodeIgniter\Session\Handlers\FileHandler' driver.
INFO - 2025-02-26 14:20:23 --> Session: Class initialized using 'CodeIgniter\Session\Handlers\FileHandler' driver.
CRITICAL - 2025-02-26 14:20:23 --> ErrorException: unlink(C:\inetpub\wwwroot\HCbpms\writable\debugbar/debugbar_1740587613.328444.json): No such file or directory
in SYSTEMPATH\Debug\Toolbar\Collectors\History.php on line 80.
 1 [internal function]: CodeIgniter\Debug\Exceptions->errorHandler(2, 'unlink(C:\\inetpub\\wwwroot\\HCbpms\\writable\\debugbar/debugbar_1740587613.328444.json): No such file or directory', 'C:\\inetpub\\wwwroot\\HCbpms\\system\\Debug\\Toolbar\\Collectors\\History.php', 80)
 2 SYSTEMPATH\Debug\Toolbar\Collectors\History.php(80): unlink('C:\\inetpub\\wwwroot\\HCbpms\\writable\\debugbar/debugbar_1740587613.328444.json')
 3 SYSTEMPATH\Debug\Toolbar.php(496): CodeIgniter\Debug\Toolbar\Collectors\History->setFiles('1740597622.838438', 20)
 4 SYSTEMPATH\Debug\Toolbar.php(475): CodeIgniter\Debug\Toolbar->format([...], 'html')
 5 APPPATH\Config\Events.php(47): CodeIgniter\Debug\Toolbar->respond()
 6 SYSTEMPATH\Events\Events.php(154): CodeIgniter\Events\Events::Config\{closure}()
 7 SYSTEMPATH\CodeIgniter.php(442): CodeIgniter\Events\Events::trigger('pre_system')
 8 SYSTEMPATH\CodeIgniter.php(361): CodeIgniter\CodeIgniter->handleRequest(null, Object(Config\Cache), false)
 9 FCPATH\index.php(79): CodeIgniter\CodeIgniter->run()
INFO - 2025-02-26 14:29:58 --> Session: Class initialized using 'CodeIgniter\Session\Handlers\FileHandler' driver.
INFO - 2025-02-26 14:29:58 --> Session: Class initialized using 'CodeIgniter\Session\Handlers\FileHandler' driver.
INFO - 2025-02-26 14:30:06 --> Session: Class initialized using 'CodeIgniter\Session\Handlers\FileHandler' driver.
WARNING - 2025-02-26 14:30:06 --> [DEPRECATED] Creation of dynamic property App\Controllers\Empresa::$indexdeto is deprecated in APPPATH\Controllers\Empresa.php on line 459.
 1 APPPATH\Controllers\Empresa.php(438): App\Controllers\Empresa->_index()
 2 APPPATH\Controllers\Empresa.php(37): App\Controllers\Empresa->_param('2-220101')
 3 SYSTEMPATH\CodeIgniter.php(943): App\Controllers\Empresa->index('2-220101')
 4 SYSTEMPATH\CodeIgniter.php(503): CodeIgniter\CodeIgniter->runController(Object(App\Controllers\Empresa))
 5 SYSTEMPATH\CodeIgniter.php(361): CodeIgniter\CodeIgniter->handleRequest(null, Object(Config\Cache), false)
 6 FCPATH\index.php(79): CodeIgniter\CodeIgniter->run()
INFO - 2025-02-26 14:30:08 --> Session: Class initialized using 'CodeIgniter\Session\Handlers\FileHandler' driver.
INFO - 2025-02-26 14:31:57 --> Session: Class initialized using 'CodeIgniter\Session\Handlers\FileHandler' driver.
WARNING - 2025-02-26 14:31:57 --> [DEPRECATED] Creation of dynamic property App\Controllers\Empresa::$indexdeto is deprecated in APPPATH\Controllers\Empresa.php on line 459.
 1 APPPATH\Controllers\Empresa.php(438): App\Controllers\Empresa->_index()
 2 APPPATH\Controllers\Empresa.php(37): App\Controllers\Empresa->_param('2-220101')
 3 SYSTEMPATH\CodeIgniter.php(943): App\Controllers\Empresa->index('2-220101')
 4 SYSTEMPATH\CodeIgniter.php(503): CodeIgniter\CodeIgniter->runController(Object(App\Controllers\Empresa))
 5 SYSTEMPATH\CodeIgniter.php(361): CodeIgniter\CodeIgniter->handleRequest(null, Object(Config\Cache), false)
 6 FCPATH\index.php(79): CodeIgniter\CodeIgniter->run()
INFO - 2025-02-26 14:31:57 --> Session: Class initialized using 'CodeIgniter\Session\Handlers\FileHandler' driver.
INFO - 2025-02-26 14:32:02 --> Session: Class initialized using 'CodeIgniter\Session\Handlers\FileHandler' driver.
WARNING - 2025-02-26 14:32:02 --> [DEPRECATED] Creation of dynamic property App\Controllers\Empresa::$indexdeto is deprecated in APPPATH\Controllers\Empresa.php on line 459.
 1 APPPATH\Controllers\Empresa.php(438): App\Controllers\Empresa->_index()
 2 APPPATH\Controllers\Empresa.php(179): App\Controllers\Empresa->_param('2-220101')
 3 SYSTEMPATH\CodeIgniter.php(943): App\Controllers\Empresa->detalle('2-220101', '1', '25--')
 4 SYSTEMPATH\CodeIgniter.php(503): CodeIgniter\CodeIgniter->runController(Object(App\Controllers\Empresa))
 5 SYSTEMPATH\CodeIgniter.php(361): CodeIgniter\CodeIgniter->handleRequest(null, Object(Config\Cache), false)
 6 FCPATH\index.php(79): CodeIgniter\CodeIgniter->run()
INFO - 2025-02-26 14:33:05 --> Session: Class initialized using 'CodeIgniter\Session\Handlers\FileHandler' driver.
INFO - 2025-02-26 14:33:30 --> Session: Class initialized using 'CodeIgniter\Session\Handlers\FileHandler' driver.
INFO - 2025-02-26 14:33:38 --> Session: Class initialized using 'CodeIgniter\Session\Handlers\FileHandler' driver.
INFO - 2025-02-26 14:33:39 --> Session: Class initialized using 'CodeIgniter\Session\Handlers\FileHandler' driver.
INFO - 2025-02-26 14:33:44 --> Session: Class initialized using 'CodeIgniter\Session\Handlers\FileHandler' driver.
WARNING - 2025-02-26 14:33:44 --> [DEPRECATED] Creation of dynamic property App\Controllers\Empresa::$indexdeto is deprecated in APPPATH\Controllers\Empresa.php on line 459.
 1 APPPATH\Controllers\Empresa.php(438): App\Controllers\Empresa->_index()
 2 APPPATH\Controllers\Empresa.php(37): App\Controllers\Empresa->_param('2-220101')
 3 SYSTEMPATH\CodeIgniter.php(943): App\Controllers\Empresa->index('2-220101')
 4 SYSTEMPATH\CodeIgniter.php(503): CodeIgniter\CodeIgniter->runController(Object(App\Controllers\Empresa))
 5 SYSTEMPATH\CodeIgniter.php(361): CodeIgniter\CodeIgniter->handleRequest(null, Object(Config\Cache), false)
 6 FCPATH\index.php(79): CodeIgniter\CodeIgniter->run()
INFO - 2025-02-26 14:33:44 --> Session: Class initialized using 'CodeIgniter\Session\Handlers\FileHandler' driver.
INFO - 2025-02-26 14:35:23 --> Session: Class initialized using 'CodeIgniter\Session\Handlers\FileHandler' driver.
WARNING - 2025-02-26 14:35:23 --> [DEPRECATED] Creation of dynamic property App\Controllers\Empresa::$indexdeto is deprecated in APPPATH\Controllers\Empresa.php on line 459.
 1 APPPATH\Controllers\Empresa.php(438): App\Controllers\Empresa->_index()
 2 APPPATH\Controllers\Empresa.php(179): App\Controllers\Empresa->_param('2-220101')
 3 SYSTEMPATH\CodeIgniter.php(943): App\Controllers\Empresa->detalle('2-220101', '1', '25--')
 4 SYSTEMPATH\CodeIgniter.php(503): CodeIgniter\CodeIgniter->runController(Object(App\Controllers\Empresa))
 5 SYSTEMPATH\CodeIgniter.php(361): CodeIgniter\CodeIgniter->handleRequest(null, Object(Config\Cache), false)
 6 FCPATH\index.php(79): CodeIgniter\CodeIgniter->run()
INFO - 2025-02-26 14:40:31 --> Session: Class initialized using 'CodeIgniter\Session\Handlers\FileHandler' driver.
INFO - 2025-02-26 14:40:32 --> Session: Class initialized using 'CodeIgniter\Session\Handlers\FileHandler' driver.
INFO - 2025-02-26 17:14:04 --> Session: Class initialized using 'CodeIgniter\Session\Handlers\FileHandler' driver.
INFO - 2025-02-26 17:14:04 --> Session: Class initialized using 'CodeIgniter\Session\Handlers\FileHandler' driver.
INFO - 2025-02-26 17:14:12 --> Session: Class initialized using 'CodeIgniter\Session\Handlers\FileHandler' driver.
WARNING - 2025-02-26 17:14:12 --> [DEPRECATED] Creation of dynamic property App\Controllers\Empresa::$indexdeto is deprecated in APPPATH\Controllers\Empresa.php on line 459.
 1 APPPATH\Controllers\Empresa.php(438): App\Controllers\Empresa->_index()
 2 APPPATH\Controllers\Empresa.php(37): App\Controllers\Empresa->_param('2-220101')
 3 SYSTEMPATH\CodeIgniter.php(943): App\Controllers\Empresa->index('2-220101')
 4 SYSTEMPATH\CodeIgniter.php(503): CodeIgniter\CodeIgniter->runController(Object(App\Controllers\Empresa))
 5 SYSTEMPATH\CodeIgniter.php(361): CodeIgniter\CodeIgniter->handleRequest(null, Object(Config\Cache), false)
 6 FCPATH\index.php(79): CodeIgniter\CodeIgniter->run()
INFO - 2025-02-26 17:14:12 --> Session: Class initialized using 'CodeIgniter\Session\Handlers\FileHandler' driver.
INFO - 2025-02-26 17:14:19 --> Session: Class initialized using 'CodeIgniter\Session\Handlers\FileHandler' driver.
WARNING - 2025-02-26 17:14:19 --> [DEPRECATED] Creation of dynamic property App\Controllers\Empresa::$indexdeto is deprecated in APPPATH\Controllers\Empresa.php on line 459.
 1 APPPATH\Controllers\Empresa.php(438): App\Controllers\Empresa->_index()
 2 APPPATH\Controllers\Empresa.php(179): App\Controllers\Empresa->_param('2-220101')
 3 SYSTEMPATH\CodeIgniter.php(943): App\Controllers\Empresa->detalle('2-220101', '1', '25--')
 4 SYSTEMPATH\CodeIgniter.php(503): CodeIgniter\CodeIgniter->runController(Object(App\Controllers\Empresa))
 5 SYSTEMPATH\CodeIgniter.php(361): CodeIgniter\CodeIgniter->handleRequest(null, Object(Config\Cache), false)
 6 FCPATH\index.php(79): CodeIgniter\CodeIgniter->run()
INFO - 2025-02-26 17:15:39 --> Session: Class initialized using 'CodeIgniter\Session\Handlers\FileHandler' driver.
INFO - 2025-02-26 17:15:47 --> Session: Class initialized using 'CodeIgniter\Session\Handlers\FileHandler' driver.
WARNING - 2025-02-26 17:15:47 --> [DEPRECATED] Creation of dynamic property App\Controllers\Empresa::$indexdeto is deprecated in APPPATH\Controllers\Empresa.php on line 459.
 1 APPPATH\Controllers\Empresa.php(438): App\Controllers\Empresa->_index()
 2 APPPATH\Controllers\Empresa.php(37): App\Controllers\Empresa->_param('2-220101')
 3 SYSTEMPATH\CodeIgniter.php(943): App\Controllers\Empresa->index('2-220101')
 4 SYSTEMPATH\CodeIgniter.php(503): CodeIgniter\CodeIgniter->runController(Object(App\Controllers\Empresa))
 5 SYSTEMPATH\CodeIgniter.php(361): CodeIgniter\CodeIgniter->handleRequest(null, Object(Config\Cache), false)
 6 FCPATH\index.php(79): CodeIgniter\CodeIgniter->run()
INFO - 2025-02-26 17:15:47 --> Session: Class initialized using 'CodeIgniter\Session\Handlers\FileHandler' driver.
INFO - 2025-02-26 17:15:54 --> Session: Class initialized using 'CodeIgniter\Session\Handlers\FileHandler' driver.
WARNING - 2025-02-26 17:15:54 --> [DEPRECATED] Creation of dynamic property App\Controllers\Empresa::$indexdeto is deprecated in APPPATH\Controllers\Empresa.php on line 459.
 1 APPPATH\Controllers\Empresa.php(438): App\Controllers\Empresa->_index()
 2 APPPATH\Controllers\Empresa.php(179): App\Controllers\Empresa->_param('2-220101')
 3 SYSTEMPATH\CodeIgniter.php(943): App\Controllers\Empresa->detalle('2-220101', '3', '23--')
 4 SYSTEMPATH\CodeIgniter.php(503): CodeIgniter\CodeIgniter->runController(Object(App\Controllers\Empresa))
 5 SYSTEMPATH\CodeIgniter.php(361): CodeIgniter\CodeIgniter->handleRequest(null, Object(Config\Cache), false)
 6 FCPATH\index.php(79): CodeIgniter\CodeIgniter->run()
INFO - 2025-02-26 17:20:02 --> Session: Class initialized using 'CodeIgniter\Session\Handlers\FileHandler' driver.
WARNING - 2025-02-26 17:20:02 --> [DEPRECATED] Creation of dynamic property App\Controllers\Empresa::$indexdeto is deprecated in APPPATH\Controllers\Empresa.php on line 459.
 1 APPPATH\Controllers\Empresa.php(438): App\Controllers\Empresa->_index()
 2 APPPATH\Controllers\Empresa.php(179): App\Controllers\Empresa->_param('2-220101')
 3 SYSTEMPATH\CodeIgniter.php(943): App\Controllers\Empresa->detalle('2-220101', '7', '2--')
 4 SYSTEMPATH\CodeIgniter.php(503): CodeIgniter\CodeIgniter->runController(Object(App\Controllers\Empresa))
 5 SYSTEMPATH\CodeIgniter.php(361): CodeIgniter\CodeIgniter->handleRequest(null, Object(Config\Cache), false)
 6 FCPATH\index.php(79): CodeIgniter\CodeIgniter->run()
INFO - 2025-02-26 17:20:32 --> Session: Class initialized using 'CodeIgniter\Session\Handlers\FileHandler' driver.
INFO - 2025-02-26 17:20:49 --> Session: Class initialized using 'CodeIgniter\Session\Handlers\FileHandler' driver.
ERROR - 2025-02-26 17:20:49 --> Sesión expirada por inactividad
INFO - 2025-02-26 17:20:50 --> Session: Class initialized using 'CodeIgniter\Session\Handlers\FileHandler' driver.
INFO - 2025-02-26 17:20:59 --> Session: Class initialized using 'CodeIgniter\Session\Handlers\FileHandler' driver.
INFO - 2025-02-26 17:20:59 --> Session: Class initialized using 'CodeIgniter\Session\Handlers\FileHandler' driver.
INFO - 2025-02-26 17:21:13 --> Session: Class initialized using 'CodeIgniter\Session\Handlers\FileHandler' driver.
WARNING - 2025-02-26 17:21:13 --> [DEPRECATED] Creation of dynamic property App\Controllers\Empresa::$indexdeto is deprecated in APPPATH\Controllers\Empresa.php on line 459.
 1 APPPATH\Controllers\Empresa.php(438): App\Controllers\Empresa->_index()
 2 APPPATH\Controllers\Empresa.php(37): App\Controllers\Empresa->_param('2-220101')
 3 SYSTEMPATH\CodeIgniter.php(943): App\Controllers\Empresa->index('2-220101')
 4 SYSTEMPATH\CodeIgniter.php(503): CodeIgniter\CodeIgniter->runController(Object(App\Controllers\Empresa))
 5 SYSTEMPATH\CodeIgniter.php(361): CodeIgniter\CodeIgniter->handleRequest(null, Object(Config\Cache), false)
 6 FCPATH\index.php(79): CodeIgniter\CodeIgniter->run()
INFO - 2025-02-26 17:21:14 --> Session: Class initialized using 'CodeIgniter\Session\Handlers\FileHandler' driver.
INFO - 2025-02-26 17:21:23 --> Session: Class initialized using 'CodeIgniter\Session\Handlers\FileHandler' driver.
WARNING - 2025-02-26 17:21:23 --> [DEPRECATED] Creation of dynamic property App\Controllers\Empresa::$indexdeto is deprecated in APPPATH\Controllers\Empresa.php on line 459.
 1 APPPATH\Controllers\Empresa.php(438): App\Controllers\Empresa->_index()
 2 APPPATH\Controllers\Empresa.php(179): App\Controllers\Empresa->_param('2-220101')
 3 SYSTEMPATH\CodeIgniter.php(943): App\Controllers\Empresa->detalle('2-220101', '7', '2--')
 4 SYSTEMPATH\CodeIgniter.php(503): CodeIgniter\CodeIgniter->runController(Object(App\Controllers\Empresa))
 5 SYSTEMPATH\CodeIgniter.php(361): CodeIgniter\CodeIgniter->handleRequest(null, Object(Config\Cache), false)
 6 FCPATH\index.php(79): CodeIgniter\CodeIgniter->run()
INFO - 2025-02-26 17:21:42 --> Session: Class initialized using 'CodeIgniter\Session\Handlers\FileHandler' driver.
INFO - 2025-02-26 17:26:46 --> Session: Class initialized using 'CodeIgniter\Session\Handlers\FileHandler' driver.
INFO - 2025-02-26 17:26:46 --> Session: Class initialized using 'CodeIgniter\Session\Handlers\FileHandler' driver.
INFO - 2025-02-26 17:26:54 --> Session: Class initialized using 'CodeIgniter\Session\Handlers\FileHandler' driver.
INFO - 2025-02-26 17:27:04 --> Session: Class initialized using 'CodeIgniter\Session\Handlers\FileHandler' driver.
INFO - 2025-02-26 17:27:04 --> Session: Class initialized using 'CodeIgniter\Session\Handlers\FileHandler' driver.
INFO - 2025-02-26 17:27:10 --> Session: Class initialized using 'CodeIgniter\Session\Handlers\FileHandler' driver.
WARNING - 2025-02-26 17:27:10 --> [DEPRECATED] Creation of dynamic property App\Controllers\Empresa::$indexdeto is deprecated in APPPATH\Controllers\Empresa.php on line 444.
 1 APPPATH\Controllers\Empresa.php(423): App\Controllers\Empresa->_index()
 2 APPPATH\Controllers\Empresa.php(37): App\Controllers\Empresa->_param('2-220101')
 3 SYSTEMPATH\CodeIgniter.php(943): App\Controllers\Empresa->index('2-220101')
 4 SYSTEMPATH\CodeIgniter.php(503): CodeIgniter\CodeIgniter->runController(Object(App\Controllers\Empresa))
 5 SYSTEMPATH\CodeIgniter.php(361): CodeIgniter\CodeIgniter->handleRequest(null, Object(Config\Cache), false)
 6 FCPATH\index.php(79): CodeIgniter\CodeIgniter->run()
INFO - 2025-02-26 17:27:11 --> Session: Class initialized using 'CodeIgniter\Session\Handlers\FileHandler' driver.
INFO - 2025-02-26 17:27:15 --> Session: Class initialized using 'CodeIgniter\Session\Handlers\FileHandler' driver.
WARNING - 2025-02-26 17:27:15 --> [DEPRECATED] Creation of dynamic property App\Controllers\Empresa::$indexdeto is deprecated in APPPATH\Controllers\Empresa.php on line 444.
 1 APPPATH\Controllers\Empresa.php(423): App\Controllers\Empresa->_index()
 2 APPPATH\Controllers\Empresa.php(37): App\Controllers\Empresa->_param('2-220101')
 3 SYSTEMPATH\CodeIgniter.php(943): App\Controllers\Empresa->index('2-220101')
 4 SYSTEMPATH\CodeIgniter.php(503): CodeIgniter\CodeIgniter->runController(Object(App\Controllers\Empresa))
 5 SYSTEMPATH\CodeIgniter.php(361): CodeIgniter\CodeIgniter->handleRequest(null, Object(Config\Cache), false)
 6 FCPATH\index.php(79): CodeIgniter\CodeIgniter->run()
INFO - 2025-02-26 17:27:16 --> Session: Class initialized using 'CodeIgniter\Session\Handlers\FileHandler' driver.
INFO - 2025-02-26 17:27:29 --> Session: Class initialized using 'CodeIgniter\Session\Handlers\FileHandler' driver.
CRITICAL - 2025-02-26 17:27:29 --> TypeError: explode(): Argument #2 ($string) must be of type string, array given
in APPPATH\Controllers\Empresa.php on line 181.
 1 APPPATH\Controllers\Empresa.php(181): explode('|', [])
 2 SYSTEMPATH\CodeIgniter.php(943): App\Controllers\Empresa->detalle('2-220101', '1', '25--')
 3 SYSTEMPATH\CodeIgniter.php(503): CodeIgniter\CodeIgniter->runController(Object(App\Controllers\Empresa))
 4 SYSTEMPATH\CodeIgniter.php(361): CodeIgniter\CodeIgniter->handleRequest(null, Object(Config\Cache), false)
 5 FCPATH\index.php(79): CodeIgniter\CodeIgniter->run()
INFO - 2025-02-26 17:32:36 --> Session: Class initialized using 'CodeIgniter\Session\Handlers\FileHandler' driver.
INFO - 2025-02-26 17:32:36 --> Session: Class initialized using 'CodeIgniter\Session\Handlers\FileHandler' driver.
INFO - 2025-02-26 17:37:50 --> Session: Class initialized using 'CodeIgniter\Session\Handlers\FileHandler' driver.
INFO - 2025-02-26 17:37:57 --> Session: Class initialized using 'CodeIgniter\Session\Handlers\FileHandler' driver.
INFO - 2025-02-26 17:37:57 --> Session: Class initialized using 'CodeIgniter\Session\Handlers\FileHandler' driver.
INFO - 2025-02-26 17:38:04 --> Session: Class initialized using 'CodeIgniter\Session\Handlers\FileHandler' driver.
INFO - 2025-02-26 17:38:04 --> Session: Class initialized using 'CodeIgniter\Session\Handlers\FileHandler' driver.
INFO - 2025-02-26 17:38:15 --> Session: Class initialized using 'CodeIgniter\Session\Handlers\FileHandler' driver.
WARNING - 2025-02-26 17:38:15 --> [DEPRECATED] Creation of dynamic property App\Controllers\Empresa::$indexdeto is deprecated in APPPATH\Controllers\Empresa.php on line 445.
 1 APPPATH\Controllers\Empresa.php(424): App\Controllers\Empresa->_index()
 2 APPPATH\Controllers\Empresa.php(37): App\Controllers\Empresa->_param('2-220101')
 3 SYSTEMPATH\CodeIgniter.php(943): App\Controllers\Empresa->index('2-220101')
 4 SYSTEMPATH\CodeIgniter.php(503): CodeIgniter\CodeIgniter->runController(Object(App\Controllers\Empresa))
 5 SYSTEMPATH\CodeIgniter.php(361): CodeIgniter\CodeIgniter->handleRequest(null, Object(Config\Cache), false)
 6 FCPATH\index.php(79): CodeIgniter\CodeIgniter->run()
INFO - 2025-02-26 17:38:15 --> Session: Class initialized using 'CodeIgniter\Session\Handlers\FileHandler' driver.
INFO - 2025-02-26 17:38:20 --> Session: Class initialized using 'CodeIgniter\Session\Handlers\FileHandler' driver.
WARNING - 2025-02-26 17:38:20 --> [DEPRECATED] Creation of dynamic property App\Controllers\Empresa::$indexdeto is deprecated in APPPATH\Controllers\Empresa.php on line 445.
 1 APPPATH\Controllers\Empresa.php(424): App\Controllers\Empresa->_index()
 2 APPPATH\Controllers\Empresa.php(176): App\Controllers\Empresa->_param('2-220101')
 3 SYSTEMPATH\CodeIgniter.php(943): App\Controllers\Empresa->detalle('2-220101', '1', '25--')
 4 SYSTEMPATH\CodeIgniter.php(503): CodeIgniter\CodeIgniter->runController(Object(App\Controllers\Empresa))
 5 SYSTEMPATH\CodeIgniter.php(361): CodeIgniter\CodeIgniter->handleRequest(null, Object(Config\Cache), false)
 6 FCPATH\index.php(79): CodeIgniter\CodeIgniter->run()
INFO - 2025-02-26 17:39:00 --> Session: Class initialized using 'CodeIgniter\Session\Handlers\FileHandler' driver.
WARNING - 2025-02-26 17:39:00 --> [DEPRECATED] Creation of dynamic property App\Controllers\Empresa::$indexdeto is deprecated in APPPATH\Controllers\Empresa.php on line 445.
 1 APPPATH\Controllers\Empresa.php(424): App\Controllers\Empresa->_index()
 2 APPPATH\Controllers\Empresa.php(176): App\Controllers\Empresa->_param('2-220101')
 3 SYSTEMPATH\CodeIgniter.php(943): App\Controllers\Empresa->detalle('2-220101', '6', '1--')
 4 SYSTEMPATH\CodeIgniter.php(503): CodeIgniter\CodeIgniter->runController(Object(App\Controllers\Empresa))
 5 SYSTEMPATH\CodeIgniter.php(361): CodeIgniter\CodeIgniter->handleRequest(null, Object(Config\Cache), false)
 6 FCPATH\index.php(79): CodeIgniter\CodeIgniter->run()
INFO - 2025-02-26 17:39:53 --> Session: Class initialized using 'CodeIgniter\Session\Handlers\FileHandler' driver.
INFO - 2025-02-26 17:40:09 --> Session: Class initialized using 'CodeIgniter\Session\Handlers\FileHandler' driver.
INFO - 2025-02-26 17:45:19 --> Session: Class initialized using 'CodeIgniter\Session\Handlers\FileHandler' driver.
INFO - 2025-02-26 17:45:19 --> Session: Class initialized using 'CodeIgniter\Session\Handlers\FileHandler' driver.
INFO - 2025-02-26 23:57:43 --> Session: Class initialized using 'CodeIgniter\Session\Handlers\FileHandler' driver.
