INFO - 2025-05-06 16:32:04 --> Session: Class initialized using 'CodeIgniter\Session\Handlers\FileHandler' driver.
ERROR - 2025-05-06 16:32:04 --> Sesión expirada por inactividad
INFO - 2025-05-06 16:32:04 --> Session: Class initialized using 'CodeIgniter\Session\Handlers\FileHandler' driver.
INFO - 2025-05-06 16:32:07 --> Session: Class initialized using 'CodeIgniter\Session\Handlers\FileHandler' driver.
INFO - 2025-05-06 16:32:07 --> Session: Class initialized using 'CodeIgniter\Session\Handlers\FileHandler' driver.
INFO - 2025-05-06 16:32:20 --> Session: Class initialized using 'CodeIgniter\Session\Handlers\FileHandler' driver.
INFO - 2025-05-06 16:32:20 --> Session: Class initialized using 'CodeIgniter\Session\Handlers\FileHandler' driver.
INFO - 2025-05-06 16:32:56 --> Session: Class initialized using 'CodeIgniter\Session\Handlers\FileHandler' driver.
CRITICAL - 2025-05-06 16:32:56 --> ErrorException: Undefined array key "prm"
in APPPATH\Controllers\Empresa.php on line 797.
 1 APPPATH\Controllers\Empresa.php(797): CodeIgniter\Debug\Exceptions->errorHandler(2, 'Undefined array key "prm"', 'C:\\inetpub\\wwwroot\\HCbpms\\app\\Controllers\\Empresa.php', 797)
 2 APPPATH\Controllers\Empresa.php(616): App\Controllers\Empresa->getCamposConfig('0', '0')
 3 SYSTEMPATH\CodeIgniter.php(943): App\Controllers\Empresa->actualizar('1-110301', '1', '110101--')
 4 SYSTEMPATH\CodeIgniter.php(503): CodeIgniter\CodeIgniter->runController(Object(App\Controllers\Empresa))
 5 SYSTEMPATH\CodeIgniter.php(361): CodeIgniter\CodeIgniter->handleRequest(null, Object(Config\Cache), false)
 6 FCPATH\index.php(79): CodeIgniter\CodeIgniter->run()
INFO - 2025-05-06 16:32:58 --> Session: Class initialized using 'CodeIgniter\Session\Handlers\FileHandler' driver.
INFO - 2025-05-06 16:39:34 --> Session: Class initialized using 'CodeIgniter\Session\Handlers\FileHandler' driver.
INFO - 2025-05-06 16:39:34 --> Session: Class initialized using 'CodeIgniter\Session\Handlers\FileHandler' driver.
INFO - 2025-05-06 16:39:54 --> Session: Class initialized using 'CodeIgniter\Session\Handlers\FileHandler' driver.
INFO - 2025-05-06 16:39:54 --> Session: Class initialized using 'CodeIgniter\Session\Handlers\FileHandler' driver.
INFO - 2025-05-06 16:40:03 --> Session: Class initialized using 'CodeIgniter\Session\Handlers\FileHandler' driver.
INFO - 2025-05-06 16:40:03 --> Session: Class initialized using 'CodeIgniter\Session\Handlers\FileHandler' driver.
INFO - 2025-05-06 16:40:15 --> Session: Class initialized using 'CodeIgniter\Session\Handlers\FileHandler' driver.
CRITICAL - 2025-05-06 16:40:15 --> ErrorException: Undefined array key "prm"
in APPPATH\Controllers\Empresa.php on line 797.
 1 APPPATH\Controllers\Empresa.php(797): CodeIgniter\Debug\Exceptions->errorHandler(2, 'Undefined array key "prm"', 'C:\\inetpub\\wwwroot\\HCbpms\\app\\Controllers\\Empresa.php', 797)
 2 APPPATH\Controllers\Empresa.php(616): App\Controllers\Empresa->getCamposConfig('0', '0')
 3 SYSTEMPATH\CodeIgniter.php(943): App\Controllers\Empresa->actualizar('1-110301', '1', '110101--')
 4 SYSTEMPATH\CodeIgniter.php(503): CodeIgniter\CodeIgniter->runController(Object(App\Controllers\Empresa))
 5 SYSTEMPATH\CodeIgniter.php(361): CodeIgniter\CodeIgniter->handleRequest(null, Object(Config\Cache), false)
 6 FCPATH\index.php(79): CodeIgniter\CodeIgniter->run()
INFO - 2025-05-06 16:40:17 --> Session: Class initialized using 'CodeIgniter\Session\Handlers\FileHandler' driver.
INFO - 2025-05-06 16:40:34 --> Session: Class initialized using 'CodeIgniter\Session\Handlers\FileHandler' driver.
INFO - 2025-05-06 16:40:50 --> Session: Class initialized using 'CodeIgniter\Session\Handlers\FileHandler' driver.
INFO - 2025-05-06 16:40:54 --> Session: Class initialized using 'CodeIgniter\Session\Handlers\FileHandler' driver.
INFO - 2025-05-06 16:41:02 --> Session: Class initialized using 'CodeIgniter\Session\Handlers\FileHandler' driver.
INFO - 2025-05-06 16:41:03 --> Session: Class initialized using 'CodeIgniter\Session\Handlers\FileHandler' driver.
INFO - 2025-05-06 16:41:12 --> Session: Class initialized using 'CodeIgniter\Session\Handlers\FileHandler' driver.
INFO - 2025-05-06 16:41:13 --> Session: Class initialized using 'CodeIgniter\Session\Handlers\FileHandler' driver.
INFO - 2025-05-06 16:41:27 --> Session: Class initialized using 'CodeIgniter\Session\Handlers\FileHandler' driver.
CRITICAL - 2025-05-06 16:41:27 --> ErrorException: Undefined array key "prm"
in APPPATH\Controllers\Empresa.php on line 797.
 1 APPPATH\Controllers\Empresa.php(797): CodeIgniter\Debug\Exceptions->errorHandler(2, 'Undefined array key "prm"', 'C:\\inetpub\\wwwroot\\HCbpms\\app\\Controllers\\Empresa.php', 797)
 2 APPPATH\Controllers\Empresa.php(616): App\Controllers\Empresa->getCamposConfig('0', '0')
 3 SYSTEMPATH\CodeIgniter.php(943): App\Controllers\Empresa->actualizar('1-110301', '1', '110101--')
 4 SYSTEMPATH\CodeIgniter.php(503): CodeIgniter\CodeIgniter->runController(Object(App\Controllers\Empresa))
 5 SYSTEMPATH\CodeIgniter.php(361): CodeIgniter\CodeIgniter->handleRequest(null, Object(Config\Cache), false)
 6 FCPATH\index.php(79): CodeIgniter\CodeIgniter->run()
INFO - 2025-05-06 16:41:29 --> Session: Class initialized using 'CodeIgniter\Session\Handlers\FileHandler' driver.
INFO - 2025-05-06 16:42:59 --> Session: Class initialized using 'CodeIgniter\Session\Handlers\FileHandler' driver.
INFO - 2025-05-06 16:43:08 --> Session: Class initialized using 'CodeIgniter\Session\Handlers\FileHandler' driver.
INFO - 2025-05-06 16:43:08 --> Session: Class initialized using 'CodeIgniter\Session\Handlers\FileHandler' driver.
INFO - 2025-05-06 16:43:20 --> Session: Class initialized using 'CodeIgniter\Session\Handlers\FileHandler' driver.
CRITICAL - 2025-05-06 16:43:20 --> ValueError: array_combine(): Argument #1 ($keys) and argument #2 ($values) must have the same number of elements
in APPPATH\Controllers\Empresa.php on line 624.
 1 APPPATH\Controllers\Empresa.php(624): array_combine([], [...])
 2 SYSTEMPATH\CodeIgniter.php(943): App\Controllers\Empresa->actualizar('1-110301', '1', '110101--')
 3 SYSTEMPATH\CodeIgniter.php(503): CodeIgniter\CodeIgniter->runController(Object(App\Controllers\Empresa))
 4 SYSTEMPATH\CodeIgniter.php(361): CodeIgniter\CodeIgniter->handleRequest(null, Object(Config\Cache), false)
 5 FCPATH\index.php(79): CodeIgniter\CodeIgniter->run()
INFO - 2025-05-06 16:43:22 --> Session: Class initialized using 'CodeIgniter\Session\Handlers\FileHandler' driver.
INFO - 2025-05-06 16:48:24 --> Session: Class initialized using 'CodeIgniter\Session\Handlers\FileHandler' driver.
INFO - 2025-05-06 16:48:24 --> Session: Class initialized using 'CodeIgniter\Session\Handlers\FileHandler' driver.
