CRITICAL - 2025-02-28 12:18:36 --> TypeError: CodeIgniter\Validation\Validation::run(): Argument #2 ($group) must be of type ?string, array given, called in C:\inetpub\wwwroot\HCbpms\app\Controllers\Empresa.php on line 458
in SYSTEMPATH\Validation\Validation.php on line 135.
 1 APPPATH\Controllers\Empresa.php(458): CodeIgniter\Validation\Validation->run([...], [...])
 2 SYSTEMPATH\CodeIgniter.php(943): App\Controllers\Empresa->recibirdatos('2-220101', '0', '0', '0', '0')
 3 SYSTEMPATH\CodeIgniter.php(503): CodeIgniter\CodeIgniter->runController(Object(App\Controllers\Empresa))
 4 SYSTEMPATH\CodeIgniter.php(361): CodeIgniter\CodeIgniter->handleRequest(null, Object(Config\Cache), false)
 5 FCPATH\index.php(79): CodeIgniter\CodeIgniter->run()
CRITICAL - 2025-02-28 12:25:01 --> TypeError: CodeIgniter\Validation\Validation::run(): Argument #2 ($group) must be of type ?string, array given, called in C:\inetpub\wwwroot\HCbpms\app\Controllers\Empresa.php on line 458
in SYSTEMPATH\Validation\Validation.php on line 135.
 1 APPPATH\Controllers\Empresa.php(458): CodeIgniter\Validation\Validation->run([...], [...])
 2 SYSTEMPATH\CodeIgniter.php(943): App\Controllers\Empresa->recibirdatos('2-220101', '0', '0', '0', '0')
 3 SYSTEMPATH\CodeIgniter.php(503): CodeIgniter\CodeIgniter->runController(Object(App\Controllers\Empresa))
 4 SYSTEMPATH\CodeIgniter.php(361): CodeIgniter\CodeIgniter->handleRequest(null, Object(Config\Cache), false)
 5 FCPATH\index.php(79): CodeIgniter\CodeIgniter->run()
INFO - 2025-02-28 13:54:22 --> Session: Class initialized using 'CodeIgniter\Session\Handlers\FileHandler' driver.
INFO - 2025-02-28 13:54:26 --> Session: Class initialized using 'CodeIgniter\Session\Handlers\FileHandler' driver.
INFO - 2025-02-28 13:54:33 --> Session: Class initialized using 'CodeIgniter\Session\Handlers\FileHandler' driver.
INFO - 2025-02-28 13:54:33 --> Session: Class initialized using 'CodeIgniter\Session\Handlers\FileHandler' driver.
INFO - 2025-02-28 13:54:39 --> Session: Class initialized using 'CodeIgniter\Session\Handlers\FileHandler' driver.
WARNING - 2025-02-28 13:54:39 --> [DEPRECATED] Creation of dynamic property App\Controllers\Empresa::$indexdeto is deprecated in APPPATH\Controllers\Empresa.php on line 1097.
 1 APPPATH\Controllers\Empresa.php(1076): App\Controllers\Empresa->_index()
 2 APPPATH\Controllers\Empresa.php(38): App\Controllers\Empresa->_param('2-220101')
 3 SYSTEMPATH\CodeIgniter.php(943): App\Controllers\Empresa->index('2-220101')
 4 SYSTEMPATH\CodeIgniter.php(503): CodeIgniter\CodeIgniter->runController(Object(App\Controllers\Empresa))
 5 SYSTEMPATH\CodeIgniter.php(361): CodeIgniter\CodeIgniter->handleRequest(null, Object(Config\Cache), false)
 6 FCPATH\index.php(79): CodeIgniter\CodeIgniter->run()
INFO - 2025-02-28 13:54:39 --> Session: Class initialized using 'CodeIgniter\Session\Handlers\FileHandler' driver.
INFO - 2025-02-28 13:54:47 --> Session: Class initialized using 'CodeIgniter\Session\Handlers\FileHandler' driver.
WARNING - 2025-02-28 13:54:47 --> [DEPRECATED] Creation of dynamic property App\Controllers\Empresa::$indexdeto is deprecated in APPPATH\Controllers\Empresa.php on line 1097.
 1 APPPATH\Controllers\Empresa.php(1076): App\Controllers\Empresa->_index()
 2 APPPATH\Controllers\Empresa.php(254): App\Controllers\Empresa->_param('2-220101')
 3 SYSTEMPATH\CodeIgniter.php(943): App\Controllers\Empresa->nuevo('2-220101')
 4 SYSTEMPATH\CodeIgniter.php(503): CodeIgniter\CodeIgniter->runController(Object(App\Controllers\Empresa))
 5 SYSTEMPATH\CodeIgniter.php(361): CodeIgniter\CodeIgniter->handleRequest(null, Object(Config\Cache), false)
 6 FCPATH\index.php(79): CodeIgniter\CodeIgniter->run()
INFO - 2025-02-28 13:54:48 --> Session: Class initialized using 'CodeIgniter\Session\Handlers\FileHandler' driver.
INFO - 2025-02-28 13:54:58 --> Session: Class initialized using 'CodeIgniter\Session\Handlers\FileHandler' driver.
WARNING - 2025-02-28 13:54:58 --> [DEPRECATED] Creation of dynamic property App\Controllers\Empresa::$indexdeto is deprecated in APPPATH\Controllers\Empresa.php on line 1097.
 1 APPPATH\Controllers\Empresa.php(1076): App\Controllers\Empresa->_index()
 2 APPPATH\Controllers\Empresa.php(394): App\Controllers\Empresa->_param('2-220101')
 3 SYSTEMPATH\CodeIgniter.php(943): App\Controllers\Empresa->recibirdatos('2-220101', '0', '0', '0', '0')
 4 SYSTEMPATH\CodeIgniter.php(503): CodeIgniter\CodeIgniter->runController(Object(App\Controllers\Empresa))
 5 SYSTEMPATH\CodeIgniter.php(361): CodeIgniter\CodeIgniter->handleRequest(null, Object(Config\Cache), false)
 6 FCPATH\index.php(79): CodeIgniter\CodeIgniter->run()
INFO - 2025-02-28 13:59:59 --> Session: Class initialized using 'CodeIgniter\Session\Handlers\FileHandler' driver.
INFO - 2025-02-28 13:59:59 --> Session: Class initialized using 'CodeIgniter\Session\Handlers\FileHandler' driver.
INFO - 2025-02-28 14:36:27 --> Session: Class initialized using 'CodeIgniter\Session\Handlers\FileHandler' driver.
INFO - 2025-02-28 14:36:28 --> Session: Class initialized using 'CodeIgniter\Session\Handlers\FileHandler' driver.
CRITICAL - 2025-02-28 14:36:28 --> ErrorException: unlink(C:\inetpub\wwwroot\HCbpms\writable\debugbar/debugbar_1740725354.890109.json): No such file or directory
in SYSTEMPATH\Debug\Toolbar\Collectors\History.php on line 80.
 1 [internal function]: CodeIgniter\Debug\Exceptions->errorHandler(2, 'unlink(C:\\inetpub\\wwwroot\\HCbpms\\writable\\debugbar/debugbar_1740725354.890109.json): No such file or directory', 'C:\\inetpub\\wwwroot\\HCbpms\\system\\Debug\\Toolbar\\Collectors\\History.php', 80)
 2 SYSTEMPATH\Debug\Toolbar\Collectors\History.php(80): unlink('C:\\inetpub\\wwwroot\\HCbpms\\writable\\debugbar/debugbar_1740725354.890109.json')
 3 SYSTEMPATH\Debug\Toolbar.php(496): CodeIgniter\Debug\Toolbar\Collectors\History->setFiles('1740771388.200376', 20)
 4 SYSTEMPATH\Debug\Toolbar.php(475): CodeIgniter\Debug\Toolbar->format([...], 'html')
 5 APPPATH\Config\Events.php(47): CodeIgniter\Debug\Toolbar->respond()
 6 SYSTEMPATH\Events\Events.php(154): CodeIgniter\Events\Events::Config\{closure}()
 7 SYSTEMPATH\CodeIgniter.php(442): CodeIgniter\Events\Events::trigger('pre_system')
 8 SYSTEMPATH\CodeIgniter.php(361): CodeIgniter\CodeIgniter->handleRequest(null, Object(Config\Cache), false)
 9 FCPATH\index.php(79): CodeIgniter\CodeIgniter->run()
INFO - 2025-02-28 14:36:33 --> Session: Class initialized using 'CodeIgniter\Session\Handlers\FileHandler' driver.
WARNING - 2025-02-28 14:36:33 --> [DEPRECATED] Creation of dynamic property App\Controllers\Empresa::$indexdeto is deprecated in APPPATH\Controllers\Empresa.php on line 1097.
 1 APPPATH\Controllers\Empresa.php(1076): App\Controllers\Empresa->_index()
 2 APPPATH\Controllers\Empresa.php(38): App\Controllers\Empresa->_param('2-220101')
 3 SYSTEMPATH\CodeIgniter.php(943): App\Controllers\Empresa->index('2-220101')
 4 SYSTEMPATH\CodeIgniter.php(503): CodeIgniter\CodeIgniter->runController(Object(App\Controllers\Empresa))
 5 SYSTEMPATH\CodeIgniter.php(361): CodeIgniter\CodeIgniter->handleRequest(null, Object(Config\Cache), false)
 6 FCPATH\index.php(79): CodeIgniter\CodeIgniter->run()
INFO - 2025-02-28 14:36:35 --> Session: Class initialized using 'CodeIgniter\Session\Handlers\FileHandler' driver.
INFO - 2025-02-28 14:36:41 --> Session: Class initialized using 'CodeIgniter\Session\Handlers\FileHandler' driver.
WARNING - 2025-02-28 14:36:41 --> [DEPRECATED] Creation of dynamic property App\Controllers\Empresa::$indexdeto is deprecated in APPPATH\Controllers\Empresa.php on line 1097.
 1 APPPATH\Controllers\Empresa.php(1076): App\Controllers\Empresa->_index()
 2 APPPATH\Controllers\Empresa.php(38): App\Controllers\Empresa->_param('2-220101')
 3 SYSTEMPATH\CodeIgniter.php(943): App\Controllers\Empresa->index('2-220101')
 4 SYSTEMPATH\CodeIgniter.php(503): CodeIgniter\CodeIgniter->runController(Object(App\Controllers\Empresa))
 5 SYSTEMPATH\CodeIgniter.php(361): CodeIgniter\CodeIgniter->handleRequest(null, Object(Config\Cache), false)
 6 FCPATH\index.php(79): CodeIgniter\CodeIgniter->run()
INFO - 2025-02-28 14:36:42 --> Session: Class initialized using 'CodeIgniter\Session\Handlers\FileHandler' driver.
INFO - 2025-02-28 14:36:50 --> Session: Class initialized using 'CodeIgniter\Session\Handlers\FileHandler' driver.
WARNING - 2025-02-28 14:36:50 --> [DEPRECATED] Creation of dynamic property App\Controllers\Empresa::$indexdeto is deprecated in APPPATH\Controllers\Empresa.php on line 1097.
 1 APPPATH\Controllers\Empresa.php(1076): App\Controllers\Empresa->_index()
 2 APPPATH\Controllers\Empresa.php(254): App\Controllers\Empresa->_param('2-220101')
 3 SYSTEMPATH\CodeIgniter.php(943): App\Controllers\Empresa->nuevo('2-220101')
 4 SYSTEMPATH\CodeIgniter.php(503): CodeIgniter\CodeIgniter->runController(Object(App\Controllers\Empresa))
 5 SYSTEMPATH\CodeIgniter.php(361): CodeIgniter\CodeIgniter->handleRequest(null, Object(Config\Cache), false)
 6 FCPATH\index.php(79): CodeIgniter\CodeIgniter->run()
INFO - 2025-02-28 14:36:51 --> Session: Class initialized using 'CodeIgniter\Session\Handlers\FileHandler' driver.
INFO - 2025-02-28 14:37:03 --> Session: Class initialized using 'CodeIgniter\Session\Handlers\FileHandler' driver.
WARNING - 2025-02-28 14:37:03 --> [DEPRECATED] Creation of dynamic property App\Controllers\Empresa::$indexdeto is deprecated in APPPATH\Controllers\Empresa.php on line 1097.
 1 APPPATH\Controllers\Empresa.php(1076): App\Controllers\Empresa->_index()
 2 APPPATH\Controllers\Empresa.php(394): App\Controllers\Empresa->_param('2-220101')
 3 SYSTEMPATH\CodeIgniter.php(943): App\Controllers\Empresa->recibirdatos('2-220101', '0', '0', '0', '0')
 4 SYSTEMPATH\CodeIgniter.php(503): CodeIgniter\CodeIgniter->runController(Object(App\Controllers\Empresa))
 5 SYSTEMPATH\CodeIgniter.php(361): CodeIgniter\CodeIgniter->handleRequest(null, Object(Config\Cache), false)
 6 FCPATH\index.php(79): CodeIgniter\CodeIgniter->run()
INFO - 2025-02-28 14:42:04 --> Session: Class initialized using 'CodeIgniter\Session\Handlers\FileHandler' driver.
INFO - 2025-02-28 14:42:04 --> Session: Class initialized using 'CodeIgniter\Session\Handlers\FileHandler' driver.
INFO - 2025-02-28 15:06:54 --> Session: Class initialized using 'CodeIgniter\Session\Handlers\FileHandler' driver.
INFO - 2025-02-28 15:06:54 --> Session: Class initialized using 'CodeIgniter\Session\Handlers\FileHandler' driver.
INFO - 2025-02-28 15:07:00 --> Session: Class initialized using 'CodeIgniter\Session\Handlers\FileHandler' driver.
WARNING - 2025-02-28 15:07:00 --> [DEPRECATED] Creation of dynamic property App\Controllers\Empresa::$indexdeto is deprecated in APPPATH\Controllers\Empresa.php on line 1097.
 1 APPPATH\Controllers\Empresa.php(1076): App\Controllers\Empresa->_index()
 2 APPPATH\Controllers\Empresa.php(38): App\Controllers\Empresa->_param('2-220101')
 3 SYSTEMPATH\CodeIgniter.php(943): App\Controllers\Empresa->index('2-220101')
 4 SYSTEMPATH\CodeIgniter.php(503): CodeIgniter\CodeIgniter->runController(Object(App\Controllers\Empresa))
 5 SYSTEMPATH\CodeIgniter.php(361): CodeIgniter\CodeIgniter->handleRequest(null, Object(Config\Cache), false)
 6 FCPATH\index.php(79): CodeIgniter\CodeIgniter->run()
INFO - 2025-02-28 15:07:00 --> Session: Class initialized using 'CodeIgniter\Session\Handlers\FileHandler' driver.
INFO - 2025-02-28 15:12:05 --> Session: Class initialized using 'CodeIgniter\Session\Handlers\FileHandler' driver.
INFO - 2025-02-28 15:12:05 --> Session: Class initialized using 'CodeIgniter\Session\Handlers\FileHandler' driver.
INFO - 2025-02-28 15:12:55 --> Session: Class initialized using 'CodeIgniter\Session\Handlers\FileHandler' driver.
INFO - 2025-02-28 15:12:55 --> Session: Class initialized using 'CodeIgniter\Session\Handlers\FileHandler' driver.
INFO - 2025-02-28 15:13:05 --> Session: Class initialized using 'CodeIgniter\Session\Handlers\FileHandler' driver.
WARNING - 2025-02-28 15:13:05 --> [DEPRECATED] Creation of dynamic property App\Controllers\Empresa::$indexdeto is deprecated in APPPATH\Controllers\Empresa.php on line 1097.
 1 APPPATH\Controllers\Empresa.php(1076): App\Controllers\Empresa->_index()
 2 APPPATH\Controllers\Empresa.php(38): App\Controllers\Empresa->_param('2-220101')
 3 SYSTEMPATH\CodeIgniter.php(943): App\Controllers\Empresa->index('2-220101')
 4 SYSTEMPATH\CodeIgniter.php(503): CodeIgniter\CodeIgniter->runController(Object(App\Controllers\Empresa))
 5 SYSTEMPATH\CodeIgniter.php(361): CodeIgniter\CodeIgniter->handleRequest(null, Object(Config\Cache), false)
 6 FCPATH\index.php(79): CodeIgniter\CodeIgniter->run()
INFO - 2025-02-28 15:13:05 --> Session: Class initialized using 'CodeIgniter\Session\Handlers\FileHandler' driver.
INFO - 2025-02-28 15:13:15 --> Session: Class initialized using 'CodeIgniter\Session\Handlers\FileHandler' driver.
WARNING - 2025-02-28 15:13:15 --> [DEPRECATED] Creation of dynamic property App\Controllers\Empresa::$indexdeto is deprecated in APPPATH\Controllers\Empresa.php on line 1097.
 1 APPPATH\Controllers\Empresa.php(1076): App\Controllers\Empresa->_index()
 2 APPPATH\Controllers\Empresa.php(254): App\Controllers\Empresa->_param('2-220101')
 3 SYSTEMPATH\CodeIgniter.php(943): App\Controllers\Empresa->nuevo('2-220101')
 4 SYSTEMPATH\CodeIgniter.php(503): CodeIgniter\CodeIgniter->runController(Object(App\Controllers\Empresa))
 5 SYSTEMPATH\CodeIgniter.php(361): CodeIgniter\CodeIgniter->handleRequest(null, Object(Config\Cache), false)
 6 FCPATH\index.php(79): CodeIgniter\CodeIgniter->run()
INFO - 2025-02-28 15:13:16 --> Session: Class initialized using 'CodeIgniter\Session\Handlers\FileHandler' driver.
INFO - 2025-02-28 15:15:20 --> Session: Class initialized using 'CodeIgniter\Session\Handlers\FileHandler' driver.
WARNING - 2025-02-28 15:15:20 --> [DEPRECATED] Creation of dynamic property App\Controllers\Empresa::$indexdeto is deprecated in APPPATH\Controllers\Empresa.php on line 1097.
 1 APPPATH\Controllers\Empresa.php(1076): App\Controllers\Empresa->_index()
 2 APPPATH\Controllers\Empresa.php(394): App\Controllers\Empresa->_param('2-220101')
 3 SYSTEMPATH\CodeIgniter.php(943): App\Controllers\Empresa->recibirdatos('2-220101', '0', '0', '0', '0')
 4 SYSTEMPATH\CodeIgniter.php(503): CodeIgniter\CodeIgniter->runController(Object(App\Controllers\Empresa))
 5 SYSTEMPATH\CodeIgniter.php(361): CodeIgniter\CodeIgniter->handleRequest(null, Object(Config\Cache), false)
 6 FCPATH\index.php(79): CodeIgniter\CodeIgniter->run()
INFO - 2025-02-28 15:20:21 --> Session: Class initialized using 'CodeIgniter\Session\Handlers\FileHandler' driver.
INFO - 2025-02-28 15:20:21 --> Session: Class initialized using 'CodeIgniter\Session\Handlers\FileHandler' driver.
INFO - 2025-02-28 15:27:49 --> Session: Class initialized using 'CodeIgniter\Session\Handlers\FileHandler' driver.
INFO - 2025-02-28 15:27:49 --> Session: Class initialized using 'CodeIgniter\Session\Handlers\FileHandler' driver.
INFO - 2025-02-28 15:27:54 --> Session: Class initialized using 'CodeIgniter\Session\Handlers\FileHandler' driver.
WARNING - 2025-02-28 15:27:54 --> [DEPRECATED] Creation of dynamic property App\Controllers\Empresa::$indexdeto is deprecated in APPPATH\Controllers\Empresa.php on line 1099.
 1 APPPATH\Controllers\Empresa.php(1078): App\Controllers\Empresa->_index()
 2 APPPATH\Controllers\Empresa.php(38): App\Controllers\Empresa->_param('2-220101')
 3 SYSTEMPATH\CodeIgniter.php(943): App\Controllers\Empresa->index('2-220101')
 4 SYSTEMPATH\CodeIgniter.php(503): CodeIgniter\CodeIgniter->runController(Object(App\Controllers\Empresa))
 5 SYSTEMPATH\CodeIgniter.php(361): CodeIgniter\CodeIgniter->handleRequest(null, Object(Config\Cache), false)
 6 FCPATH\index.php(79): CodeIgniter\CodeIgniter->run()
INFO - 2025-02-28 15:27:55 --> Session: Class initialized using 'CodeIgniter\Session\Handlers\FileHandler' driver.
INFO - 2025-02-28 15:28:01 --> Session: Class initialized using 'CodeIgniter\Session\Handlers\FileHandler' driver.
WARNING - 2025-02-28 15:28:01 --> [DEPRECATED] Creation of dynamic property App\Controllers\Empresa::$indexdeto is deprecated in APPPATH\Controllers\Empresa.php on line 1099.
 1 APPPATH\Controllers\Empresa.php(1078): App\Controllers\Empresa->_index()
 2 APPPATH\Controllers\Empresa.php(254): App\Controllers\Empresa->_param('2-220101')
 3 SYSTEMPATH\CodeIgniter.php(943): App\Controllers\Empresa->nuevo('2-220101')
 4 SYSTEMPATH\CodeIgniter.php(503): CodeIgniter\CodeIgniter->runController(Object(App\Controllers\Empresa))
 5 SYSTEMPATH\CodeIgniter.php(361): CodeIgniter\CodeIgniter->handleRequest(null, Object(Config\Cache), false)
 6 FCPATH\index.php(79): CodeIgniter\CodeIgniter->run()
INFO - 2025-02-28 15:28:02 --> Session: Class initialized using 'CodeIgniter\Session\Handlers\FileHandler' driver.
INFO - 2025-02-28 15:33:07 --> Session: Class initialized using 'CodeIgniter\Session\Handlers\FileHandler' driver.
INFO - 2025-02-28 15:33:07 --> Session: Class initialized using 'CodeIgniter\Session\Handlers\FileHandler' driver.
INFO - 2025-02-28 15:34:51 --> Session: Class initialized using 'CodeIgniter\Session\Handlers\FileHandler' driver.
INFO - 2025-02-28 15:34:52 --> Session: Class initialized using 'CodeIgniter\Session\Handlers\FileHandler' driver.
INFO - 2025-02-28 15:34:58 --> Session: Class initialized using 'CodeIgniter\Session\Handlers\FileHandler' driver.
WARNING - 2025-02-28 15:34:58 --> [DEPRECATED] Creation of dynamic property App\Controllers\Empresa::$indexdeto is deprecated in APPPATH\Controllers\Empresa.php on line 1099.
 1 APPPATH\Controllers\Empresa.php(1078): App\Controllers\Empresa->_index()
 2 APPPATH\Controllers\Empresa.php(38): App\Controllers\Empresa->_param('2-220101')
 3 SYSTEMPATH\CodeIgniter.php(943): App\Controllers\Empresa->index('2-220101')
 4 SYSTEMPATH\CodeIgniter.php(503): CodeIgniter\CodeIgniter->runController(Object(App\Controllers\Empresa))
 5 SYSTEMPATH\CodeIgniter.php(361): CodeIgniter\CodeIgniter->handleRequest(null, Object(Config\Cache), false)
 6 FCPATH\index.php(79): CodeIgniter\CodeIgniter->run()
INFO - 2025-02-28 15:34:58 --> Session: Class initialized using 'CodeIgniter\Session\Handlers\FileHandler' driver.
INFO - 2025-02-28 15:35:05 --> Session: Class initialized using 'CodeIgniter\Session\Handlers\FileHandler' driver.
WARNING - 2025-02-28 15:35:05 --> [DEPRECATED] Creation of dynamic property App\Controllers\Empresa::$indexdeto is deprecated in APPPATH\Controllers\Empresa.php on line 1099.
 1 APPPATH\Controllers\Empresa.php(1078): App\Controllers\Empresa->_index()
 2 APPPATH\Controllers\Empresa.php(254): App\Controllers\Empresa->_param('2-220101')
 3 SYSTEMPATH\CodeIgniter.php(943): App\Controllers\Empresa->nuevo('2-220101')
 4 SYSTEMPATH\CodeIgniter.php(503): CodeIgniter\CodeIgniter->runController(Object(App\Controllers\Empresa))
 5 SYSTEMPATH\CodeIgniter.php(361): CodeIgniter\CodeIgniter->handleRequest(null, Object(Config\Cache), false)
 6 FCPATH\index.php(79): CodeIgniter\CodeIgniter->run()
INFO - 2025-02-28 15:35:07 --> Session: Class initialized using 'CodeIgniter\Session\Handlers\FileHandler' driver.
INFO - 2025-02-28 15:37:19 --> Session: Class initialized using 'CodeIgniter\Session\Handlers\FileHandler' driver.
WARNING - 2025-02-28 15:37:19 --> [DEPRECATED] Creation of dynamic property App\Controllers\Empresa::$indexdeto is deprecated in APPPATH\Controllers\Empresa.php on line 1099.
 1 APPPATH\Controllers\Empresa.php(1078): App\Controllers\Empresa->_index()
 2 APPPATH\Controllers\Empresa.php(394): App\Controllers\Empresa->_param('2-220101')
 3 SYSTEMPATH\CodeIgniter.php(943): App\Controllers\Empresa->recibirdatos('2-220101', '0', '0', '0', '0')
 4 SYSTEMPATH\CodeIgniter.php(503): CodeIgniter\CodeIgniter->runController(Object(App\Controllers\Empresa))
 5 SYSTEMPATH\CodeIgniter.php(361): CodeIgniter\CodeIgniter->handleRequest(null, Object(Config\Cache), false)
 6 FCPATH\index.php(79): CodeIgniter\CodeIgniter->run()
WARNING - 2025-02-28 15:37:19 --> [DEPRECATED] trim(): Passing null to parameter #1 ($string) of type string is deprecated in SYSTEMPATH\Validation\Validation.php on line 315.
 1 SYSTEMPATH\Validation\Validation.php(315): trim(null)
 2 SYSTEMPATH\Validation\Validation.php(200): CodeIgniter\Validation\Validation->processRules('0', 'Nombre', null, [...], [...])
 3 APPPATH\Controllers\Empresa.php(461): CodeIgniter\Validation\Validation->run([...], null)
 4 SYSTEMPATH\CodeIgniter.php(943): App\Controllers\Empresa->recibirdatos('2-220101', '0', '0', '0', '0')
 5 SYSTEMPATH\CodeIgniter.php(503): CodeIgniter\CodeIgniter->runController(Object(App\Controllers\Empresa))
 6 SYSTEMPATH\CodeIgniter.php(361): CodeIgniter\CodeIgniter->handleRequest(null, Object(Config\Cache), false)
 7 FCPATH\index.php(79): CodeIgniter\CodeIgniter->run()
WARNING - 2025-02-28 15:37:19 --> [DEPRECATED] trim(): Passing null to parameter #1 ($string) of type string is deprecated in SYSTEMPATH\Validation\Validation.php on line 315.
 1 SYSTEMPATH\Validation\Validation.php(315): trim(null)
 2 SYSTEMPATH\Validation\Validation.php(200): CodeIgniter\Validation\Validation->processRules('1', 'Descripcion', null, [...], [...])
 3 APPPATH\Controllers\Empresa.php(461): CodeIgniter\Validation\Validation->run([...], null)
 4 SYSTEMPATH\CodeIgniter.php(943): App\Controllers\Empresa->recibirdatos('2-220101', '0', '0', '0', '0')
 5 SYSTEMPATH\CodeIgniter.php(503): CodeIgniter\CodeIgniter->runController(Object(App\Controllers\Empresa))
 6 SYSTEMPATH\CodeIgniter.php(361): CodeIgniter\CodeIgniter->handleRequest(null, Object(Config\Cache), false)
 7 FCPATH\index.php(79): CodeIgniter\CodeIgniter->run()
WARNING - 2025-02-28 15:37:19 --> [DEPRECATED] trim(): Passing null to parameter #1 ($string) of type string is deprecated in SYSTEMPATH\Validation\Validation.php on line 315.
 1 SYSTEMPATH\Validation\Validation.php(315): trim(null)
 2 SYSTEMPATH\Validation\Validation.php(200): CodeIgniter\Validation\Validation->processRules('2', 'Estado', null, [...], [...])
 3 APPPATH\Controllers\Empresa.php(461): CodeIgniter\Validation\Validation->run([...], null)
 4 SYSTEMPATH\CodeIgniter.php(943): App\Controllers\Empresa->recibirdatos('2-220101', '0', '0', '0', '0')
 5 SYSTEMPATH\CodeIgniter.php(503): CodeIgniter\CodeIgniter->runController(Object(App\Controllers\Empresa))
 6 SYSTEMPATH\CodeIgniter.php(361): CodeIgniter\CodeIgniter->handleRequest(null, Object(Config\Cache), false)
 7 FCPATH\index.php(79): CodeIgniter\CodeIgniter->run()
INFO - 2025-02-28 15:42:20 --> Session: Class initialized using 'CodeIgniter\Session\Handlers\FileHandler' driver.
INFO - 2025-02-28 15:42:20 --> Session: Class initialized using 'CodeIgniter\Session\Handlers\FileHandler' driver.
INFO - 2025-02-28 15:47:07 --> Session: Class initialized using 'CodeIgniter\Session\Handlers\FileHandler' driver.
INFO - 2025-02-28 15:47:07 --> Session: Class initialized using 'CodeIgniter\Session\Handlers\FileHandler' driver.
INFO - 2025-02-28 15:47:14 --> Session: Class initialized using 'CodeIgniter\Session\Handlers\FileHandler' driver.
WARNING - 2025-02-28 15:47:14 --> [DEPRECATED] Creation of dynamic property App\Controllers\Empresa::$indexdeto is deprecated in APPPATH\Controllers\Empresa.php on line 1099.
 1 APPPATH\Controllers\Empresa.php(1078): App\Controllers\Empresa->_index()
 2 APPPATH\Controllers\Empresa.php(38): App\Controllers\Empresa->_param('2-220101')
 3 SYSTEMPATH\CodeIgniter.php(943): App\Controllers\Empresa->index('2-220101')
 4 SYSTEMPATH\CodeIgniter.php(503): CodeIgniter\CodeIgniter->runController(Object(App\Controllers\Empresa))
 5 SYSTEMPATH\CodeIgniter.php(361): CodeIgniter\CodeIgniter->handleRequest(null, Object(Config\Cache), false)
 6 FCPATH\index.php(79): CodeIgniter\CodeIgniter->run()
INFO - 2025-02-28 15:47:14 --> Session: Class initialized using 'CodeIgniter\Session\Handlers\FileHandler' driver.
INFO - 2025-02-28 15:47:21 --> Session: Class initialized using 'CodeIgniter\Session\Handlers\FileHandler' driver.
WARNING - 2025-02-28 15:47:21 --> [DEPRECATED] Creation of dynamic property App\Controllers\Empresa::$indexdeto is deprecated in APPPATH\Controllers\Empresa.php on line 1099.
 1 APPPATH\Controllers\Empresa.php(1078): App\Controllers\Empresa->_index()
 2 APPPATH\Controllers\Empresa.php(254): App\Controllers\Empresa->_param('2-220101')
 3 SYSTEMPATH\CodeIgniter.php(943): App\Controllers\Empresa->nuevo('2-220101')
 4 SYSTEMPATH\CodeIgniter.php(503): CodeIgniter\CodeIgniter->runController(Object(App\Controllers\Empresa))
 5 SYSTEMPATH\CodeIgniter.php(361): CodeIgniter\CodeIgniter->handleRequest(null, Object(Config\Cache), false)
 6 FCPATH\index.php(79): CodeIgniter\CodeIgniter->run()
INFO - 2025-02-28 15:47:23 --> Session: Class initialized using 'CodeIgniter\Session\Handlers\FileHandler' driver.
INFO - 2025-02-28 15:47:34 --> Session: Class initialized using 'CodeIgniter\Session\Handlers\FileHandler' driver.
WARNING - 2025-02-28 15:47:34 --> [DEPRECATED] Creation of dynamic property App\Controllers\Empresa::$indexdeto is deprecated in APPPATH\Controllers\Empresa.php on line 1099.
 1 APPPATH\Controllers\Empresa.php(1078): App\Controllers\Empresa->_index()
 2 APPPATH\Controllers\Empresa.php(394): App\Controllers\Empresa->_param('2-220101')
 3 SYSTEMPATH\CodeIgniter.php(943): App\Controllers\Empresa->recibirdatos('2-220101', '0', '0', '0', '0')
 4 SYSTEMPATH\CodeIgniter.php(503): CodeIgniter\CodeIgniter->runController(Object(App\Controllers\Empresa))
 5 SYSTEMPATH\CodeIgniter.php(361): CodeIgniter\CodeIgniter->handleRequest(null, Object(Config\Cache), false)
 6 FCPATH\index.php(79): CodeIgniter\CodeIgniter->run()
WARNING - 2025-02-28 15:47:34 --> [DEPRECATED] trim(): Passing null to parameter #1 ($string) of type string is deprecated in SYSTEMPATH\Validation\Validation.php on line 315.
 1 SYSTEMPATH\Validation\Validation.php(315): trim(null)
 2 SYSTEMPATH\Validation\Validation.php(200): CodeIgniter\Validation\Validation->processRules('0', 'Nombre', null, [...], [...])
 3 APPPATH\Controllers\Empresa.php(461): CodeIgniter\Validation\Validation->run([...], null)
 4 SYSTEMPATH\CodeIgniter.php(943): App\Controllers\Empresa->recibirdatos('2-220101', '0', '0', '0', '0')
 5 SYSTEMPATH\CodeIgniter.php(503): CodeIgniter\CodeIgniter->runController(Object(App\Controllers\Empresa))
 6 SYSTEMPATH\CodeIgniter.php(361): CodeIgniter\CodeIgniter->handleRequest(null, Object(Config\Cache), false)
 7 FCPATH\index.php(79): CodeIgniter\CodeIgniter->run()
WARNING - 2025-02-28 15:47:34 --> [DEPRECATED] trim(): Passing null to parameter #1 ($string) of type string is deprecated in SYSTEMPATH\Validation\Validation.php on line 315.
 1 SYSTEMPATH\Validation\Validation.php(315): trim(null)
 2 SYSTEMPATH\Validation\Validation.php(200): CodeIgniter\Validation\Validation->processRules('1', 'Descripcion', null, [...], [...])
 3 APPPATH\Controllers\Empresa.php(461): CodeIgniter\Validation\Validation->run([...], null)
 4 SYSTEMPATH\CodeIgniter.php(943): App\Controllers\Empresa->recibirdatos('2-220101', '0', '0', '0', '0')
 5 SYSTEMPATH\CodeIgniter.php(503): CodeIgniter\CodeIgniter->runController(Object(App\Controllers\Empresa))
 6 SYSTEMPATH\CodeIgniter.php(361): CodeIgniter\CodeIgniter->handleRequest(null, Object(Config\Cache), false)
 7 FCPATH\index.php(79): CodeIgniter\CodeIgniter->run()
WARNING - 2025-02-28 15:47:34 --> [DEPRECATED] trim(): Passing null to parameter #1 ($string) of type string is deprecated in SYSTEMPATH\Validation\Validation.php on line 315.
 1 SYSTEMPATH\Validation\Validation.php(315): trim(null)
 2 SYSTEMPATH\Validation\Validation.php(200): CodeIgniter\Validation\Validation->processRules('2', 'Estado', null, [...], [...])
 3 APPPATH\Controllers\Empresa.php(461): CodeIgniter\Validation\Validation->run([...], null)
 4 SYSTEMPATH\CodeIgniter.php(943): App\Controllers\Empresa->recibirdatos('2-220101', '0', '0', '0', '0')
 5 SYSTEMPATH\CodeIgniter.php(503): CodeIgniter\CodeIgniter->runController(Object(App\Controllers\Empresa))
 6 SYSTEMPATH\CodeIgniter.php(361): CodeIgniter\CodeIgniter->handleRequest(null, Object(Config\Cache), false)
 7 FCPATH\index.php(79): CodeIgniter\CodeIgniter->run()
INFO - 2025-02-28 15:52:58 --> Session: Class initialized using 'CodeIgniter\Session\Handlers\FileHandler' driver.
INFO - 2025-02-28 15:52:58 --> Session: Class initialized using 'CodeIgniter\Session\Handlers\FileHandler' driver.
INFO - 2025-02-28 15:53:37 --> Session: Class initialized using 'CodeIgniter\Session\Handlers\FileHandler' driver.
INFO - 2025-02-28 15:53:38 --> Session: Class initialized using 'CodeIgniter\Session\Handlers\FileHandler' driver.
INFO - 2025-02-28 15:53:43 --> Session: Class initialized using 'CodeIgniter\Session\Handlers\FileHandler' driver.
WARNING - 2025-02-28 15:53:43 --> [DEPRECATED] Creation of dynamic property App\Controllers\Empresa::$indexdeto is deprecated in APPPATH\Controllers\Empresa.php on line 1099.
 1 APPPATH\Controllers\Empresa.php(1078): App\Controllers\Empresa->_index()
 2 APPPATH\Controllers\Empresa.php(38): App\Controllers\Empresa->_param('2-220101')
 3 SYSTEMPATH\CodeIgniter.php(943): App\Controllers\Empresa->index('2-220101')
 4 SYSTEMPATH\CodeIgniter.php(503): CodeIgniter\CodeIgniter->runController(Object(App\Controllers\Empresa))
 5 SYSTEMPATH\CodeIgniter.php(361): CodeIgniter\CodeIgniter->handleRequest(null, Object(Config\Cache), false)
 6 FCPATH\index.php(79): CodeIgniter\CodeIgniter->run()
INFO - 2025-02-28 15:53:43 --> Session: Class initialized using 'CodeIgniter\Session\Handlers\FileHandler' driver.
INFO - 2025-02-28 15:53:49 --> Session: Class initialized using 'CodeIgniter\Session\Handlers\FileHandler' driver.
WARNING - 2025-02-28 15:53:49 --> [DEPRECATED] Creation of dynamic property App\Controllers\Empresa::$indexdeto is deprecated in APPPATH\Controllers\Empresa.php on line 1099.
 1 APPPATH\Controllers\Empresa.php(1078): App\Controllers\Empresa->_index()
 2 APPPATH\Controllers\Empresa.php(254): App\Controllers\Empresa->_param('2-220101')
 3 SYSTEMPATH\CodeIgniter.php(943): App\Controllers\Empresa->nuevo('2-220101')
 4 SYSTEMPATH\CodeIgniter.php(503): CodeIgniter\CodeIgniter->runController(Object(App\Controllers\Empresa))
 5 SYSTEMPATH\CodeIgniter.php(361): CodeIgniter\CodeIgniter->handleRequest(null, Object(Config\Cache), false)
 6 FCPATH\index.php(79): CodeIgniter\CodeIgniter->run()
INFO - 2025-02-28 15:53:50 --> Session: Class initialized using 'CodeIgniter\Session\Handlers\FileHandler' driver.
INFO - 2025-02-28 15:53:59 --> Session: Class initialized using 'CodeIgniter\Session\Handlers\FileHandler' driver.
WARNING - 2025-02-28 15:53:59 --> [DEPRECATED] Creation of dynamic property App\Controllers\Empresa::$indexdeto is deprecated in APPPATH\Controllers\Empresa.php on line 1099.
 1 APPPATH\Controllers\Empresa.php(1078): App\Controllers\Empresa->_index()
 2 APPPATH\Controllers\Empresa.php(394): App\Controllers\Empresa->_param('2-220101')
 3 SYSTEMPATH\CodeIgniter.php(943): App\Controllers\Empresa->recibirdatos('2-220101', '0', '0', '0', '0')
 4 SYSTEMPATH\CodeIgniter.php(503): CodeIgniter\CodeIgniter->runController(Object(App\Controllers\Empresa))
 5 SYSTEMPATH\CodeIgniter.php(361): CodeIgniter\CodeIgniter->handleRequest(null, Object(Config\Cache), false)
 6 FCPATH\index.php(79): CodeIgniter\CodeIgniter->run()
WARNING - 2025-02-28 15:53:59 --> [DEPRECATED] trim(): Passing null to parameter #1 ($string) of type string is deprecated in SYSTEMPATH\Validation\Validation.php on line 315.
 1 SYSTEMPATH\Validation\Validation.php(315): trim(null)
 2 SYSTEMPATH\Validation\Validation.php(200): CodeIgniter\Validation\Validation->processRules('0', 'Nombre', null, [...], [...])
 3 APPPATH\Controllers\Empresa.php(461): CodeIgniter\Validation\Validation->run([...], null)
 4 SYSTEMPATH\CodeIgniter.php(943): App\Controllers\Empresa->recibirdatos('2-220101', '0', '0', '0', '0')
 5 SYSTEMPATH\CodeIgniter.php(503): CodeIgniter\CodeIgniter->runController(Object(App\Controllers\Empresa))
 6 SYSTEMPATH\CodeIgniter.php(361): CodeIgniter\CodeIgniter->handleRequest(null, Object(Config\Cache), false)
 7 FCPATH\index.php(79): CodeIgniter\CodeIgniter->run()
WARNING - 2025-02-28 15:53:59 --> [DEPRECATED] trim(): Passing null to parameter #1 ($string) of type string is deprecated in SYSTEMPATH\Validation\Validation.php on line 315.
 1 SYSTEMPATH\Validation\Validation.php(315): trim(null)
 2 SYSTEMPATH\Validation\Validation.php(200): CodeIgniter\Validation\Validation->processRules('1', 'Descripcion', null, [...], [...])
 3 APPPATH\Controllers\Empresa.php(461): CodeIgniter\Validation\Validation->run([...], null)
 4 SYSTEMPATH\CodeIgniter.php(943): App\Controllers\Empresa->recibirdatos('2-220101', '0', '0', '0', '0')
 5 SYSTEMPATH\CodeIgniter.php(503): CodeIgniter\CodeIgniter->runController(Object(App\Controllers\Empresa))
 6 SYSTEMPATH\CodeIgniter.php(361): CodeIgniter\CodeIgniter->handleRequest(null, Object(Config\Cache), false)
 7 FCPATH\index.php(79): CodeIgniter\CodeIgniter->run()
WARNING - 2025-02-28 15:53:59 --> [DEPRECATED] trim(): Passing null to parameter #1 ($string) of type string is deprecated in SYSTEMPATH\Validation\Validation.php on line 315.
 1 SYSTEMPATH\Validation\Validation.php(315): trim(null)
 2 SYSTEMPATH\Validation\Validation.php(200): CodeIgniter\Validation\Validation->processRules('2', 'Estado', null, [...], [...])
 3 APPPATH\Controllers\Empresa.php(461): CodeIgniter\Validation\Validation->run([...], null)
 4 SYSTEMPATH\CodeIgniter.php(943): App\Controllers\Empresa->recibirdatos('2-220101', '0', '0', '0', '0')
 5 SYSTEMPATH\CodeIgniter.php(503): CodeIgniter\CodeIgniter->runController(Object(App\Controllers\Empresa))
 6 SYSTEMPATH\CodeIgniter.php(361): CodeIgniter\CodeIgniter->handleRequest(null, Object(Config\Cache), false)
 7 FCPATH\index.php(79): CodeIgniter\CodeIgniter->run()
INFO - 2025-02-28 15:57:16 --> Session: Class initialized using 'CodeIgniter\Session\Handlers\FileHandler' driver.
INFO - 2025-02-28 15:57:21 --> Session: Class initialized using 'CodeIgniter\Session\Handlers\FileHandler' driver.
WARNING - 2025-02-28 15:57:22 --> [DEPRECATED] Creation of dynamic property App\Controllers\Empresa::$indexdeto is deprecated in APPPATH\Controllers\Empresa.php on line 1099.
 1 APPPATH\Controllers\Empresa.php(1078): App\Controllers\Empresa->_index()
 2 APPPATH\Controllers\Empresa.php(38): App\Controllers\Empresa->_param('2-220101')
 3 SYSTEMPATH\CodeIgniter.php(943): App\Controllers\Empresa->index('2-220101')
 4 SYSTEMPATH\CodeIgniter.php(503): CodeIgniter\CodeIgniter->runController(Object(App\Controllers\Empresa))
 5 SYSTEMPATH\CodeIgniter.php(361): CodeIgniter\CodeIgniter->handleRequest(null, Object(Config\Cache), false)
 6 FCPATH\index.php(79): CodeIgniter\CodeIgniter->run()
INFO - 2025-02-28 15:57:22 --> Session: Class initialized using 'CodeIgniter\Session\Handlers\FileHandler' driver.
INFO - 2025-02-28 15:57:28 --> Session: Class initialized using 'CodeIgniter\Session\Handlers\FileHandler' driver.
WARNING - 2025-02-28 15:57:28 --> [DEPRECATED] Creation of dynamic property App\Controllers\Empresa::$indexdeto is deprecated in APPPATH\Controllers\Empresa.php on line 1099.
 1 APPPATH\Controllers\Empresa.php(1078): App\Controllers\Empresa->_index()
 2 APPPATH\Controllers\Empresa.php(254): App\Controllers\Empresa->_param('2-220101')
 3 SYSTEMPATH\CodeIgniter.php(943): App\Controllers\Empresa->nuevo('2-220101')
 4 SYSTEMPATH\CodeIgniter.php(503): CodeIgniter\CodeIgniter->runController(Object(App\Controllers\Empresa))
 5 SYSTEMPATH\CodeIgniter.php(361): CodeIgniter\CodeIgniter->handleRequest(null, Object(Config\Cache), false)
 6 FCPATH\index.php(79): CodeIgniter\CodeIgniter->run()
INFO - 2025-02-28 15:57:30 --> Session: Class initialized using 'CodeIgniter\Session\Handlers\FileHandler' driver.
INFO - 2025-02-28 15:57:38 --> Session: Class initialized using 'CodeIgniter\Session\Handlers\FileHandler' driver.
WARNING - 2025-02-28 15:57:38 --> [DEPRECATED] Creation of dynamic property App\Controllers\Empresa::$indexdeto is deprecated in APPPATH\Controllers\Empresa.php on line 1099.
 1 APPPATH\Controllers\Empresa.php(1078): App\Controllers\Empresa->_index()
 2 APPPATH\Controllers\Empresa.php(394): App\Controllers\Empresa->_param('2-220101')
 3 SYSTEMPATH\CodeIgniter.php(943): App\Controllers\Empresa->recibirdatos('2-220101', '0', '0', '0', '0')
 4 SYSTEMPATH\CodeIgniter.php(503): CodeIgniter\CodeIgniter->runController(Object(App\Controllers\Empresa))
 5 SYSTEMPATH\CodeIgniter.php(361): CodeIgniter\CodeIgniter->handleRequest(null, Object(Config\Cache), false)
 6 FCPATH\index.php(79): CodeIgniter\CodeIgniter->run()
WARNING - 2025-02-28 15:57:38 --> [DEPRECATED] trim(): Passing null to parameter #1 ($string) of type string is deprecated in SYSTEMPATH\Validation\Validation.php on line 315.
 1 SYSTEMPATH\Validation\Validation.php(315): trim(null)
 2 SYSTEMPATH\Validation\Validation.php(200): CodeIgniter\Validation\Validation->processRules('0', 'Nombre', null, [...], [...])
 3 APPPATH\Controllers\Empresa.php(461): CodeIgniter\Validation\Validation->run()
 4 SYSTEMPATH\CodeIgniter.php(943): App\Controllers\Empresa->recibirdatos('2-220101', '0', '0', '0', '0')
 5 SYSTEMPATH\CodeIgniter.php(503): CodeIgniter\CodeIgniter->runController(Object(App\Controllers\Empresa))
 6 SYSTEMPATH\CodeIgniter.php(361): CodeIgniter\CodeIgniter->handleRequest(null, Object(Config\Cache), false)
 7 FCPATH\index.php(79): CodeIgniter\CodeIgniter->run()
WARNING - 2025-02-28 15:57:38 --> [DEPRECATED] trim(): Passing null to parameter #1 ($string) of type string is deprecated in SYSTEMPATH\Validation\Validation.php on line 315.
 1 SYSTEMPATH\Validation\Validation.php(315): trim(null)
 2 SYSTEMPATH\Validation\Validation.php(200): CodeIgniter\Validation\Validation->processRules('1', 'Descripcion', null, [...], [...])
 3 APPPATH\Controllers\Empresa.php(461): CodeIgniter\Validation\Validation->run()
 4 SYSTEMPATH\CodeIgniter.php(943): App\Controllers\Empresa->recibirdatos('2-220101', '0', '0', '0', '0')
 5 SYSTEMPATH\CodeIgniter.php(503): CodeIgniter\CodeIgniter->runController(Object(App\Controllers\Empresa))
 6 SYSTEMPATH\CodeIgniter.php(361): CodeIgniter\CodeIgniter->handleRequest(null, Object(Config\Cache), false)
 7 FCPATH\index.php(79): CodeIgniter\CodeIgniter->run()
WARNING - 2025-02-28 15:57:38 --> [DEPRECATED] trim(): Passing null to parameter #1 ($string) of type string is deprecated in SYSTEMPATH\Validation\Validation.php on line 315.
 1 SYSTEMPATH\Validation\Validation.php(315): trim(null)
 2 SYSTEMPATH\Validation\Validation.php(200): CodeIgniter\Validation\Validation->processRules('2', 'Estado', null, [...], [...])
 3 APPPATH\Controllers\Empresa.php(461): CodeIgniter\Validation\Validation->run()
 4 SYSTEMPATH\CodeIgniter.php(943): App\Controllers\Empresa->recibirdatos('2-220101', '0', '0', '0', '0')
 5 SYSTEMPATH\CodeIgniter.php(503): CodeIgniter\CodeIgniter->runController(Object(App\Controllers\Empresa))
 6 SYSTEMPATH\CodeIgniter.php(361): CodeIgniter\CodeIgniter->handleRequest(null, Object(Config\Cache), false)
 7 FCPATH\index.php(79): CodeIgniter\CodeIgniter->run()
INFO - 2025-02-28 16:02:47 --> Session: Class initialized using 'CodeIgniter\Session\Handlers\FileHandler' driver.
INFO - 2025-02-28 16:02:47 --> Session: Class initialized using 'CodeIgniter\Session\Handlers\FileHandler' driver.
INFO - 2025-02-28 16:30:51 --> Session: Class initialized using 'CodeIgniter\Session\Handlers\FileHandler' driver.
INFO - 2025-02-28 16:30:51 --> Session: Class initialized using 'CodeIgniter\Session\Handlers\FileHandler' driver.
INFO - 2025-02-28 16:36:04 --> Session: Class initialized using 'CodeIgniter\Session\Handlers\FileHandler' driver.
INFO - 2025-02-28 16:36:04 --> Session: Class initialized using 'CodeIgniter\Session\Handlers\FileHandler' driver.
INFO - 2025-02-28 16:46:37 --> Session: Class initialized using 'CodeIgniter\Session\Handlers\FileHandler' driver.
INFO - 2025-02-28 16:46:37 --> Session: Class initialized using 'CodeIgniter\Session\Handlers\FileHandler' driver.
INFO - 2025-02-28 16:46:42 --> Session: Class initialized using 'CodeIgniter\Session\Handlers\FileHandler' driver.
WARNING - 2025-02-28 16:46:42 --> [DEPRECATED] Creation of dynamic property App\Controllers\Empresa::$indexdeto is deprecated in APPPATH\Controllers\Empresa.php on line 1099.
 1 APPPATH\Controllers\Empresa.php(1078): App\Controllers\Empresa->_index()
 2 APPPATH\Controllers\Empresa.php(38): App\Controllers\Empresa->_param('2-220101')
 3 SYSTEMPATH\CodeIgniter.php(943): App\Controllers\Empresa->index('2-220101')
 4 SYSTEMPATH\CodeIgniter.php(503): CodeIgniter\CodeIgniter->runController(Object(App\Controllers\Empresa))
 5 SYSTEMPATH\CodeIgniter.php(361): CodeIgniter\CodeIgniter->handleRequest(null, Object(Config\Cache), false)
 6 FCPATH\index.php(79): CodeIgniter\CodeIgniter->run()
INFO - 2025-02-28 16:46:42 --> Session: Class initialized using 'CodeIgniter\Session\Handlers\FileHandler' driver.
INFO - 2025-02-28 16:47:15 --> Session: Class initialized using 'CodeIgniter\Session\Handlers\FileHandler' driver.
WARNING - 2025-02-28 16:47:15 --> [DEPRECATED] Creation of dynamic property App\Controllers\Empresa::$indexdeto is deprecated in APPPATH\Controllers\Empresa.php on line 1099.
 1 APPPATH\Controllers\Empresa.php(1078): App\Controllers\Empresa->_index()
 2 APPPATH\Controllers\Empresa.php(254): App\Controllers\Empresa->_param('2-220101')
 3 SYSTEMPATH\CodeIgniter.php(943): App\Controllers\Empresa->nuevo('2-220101')
 4 SYSTEMPATH\CodeIgniter.php(503): CodeIgniter\CodeIgniter->runController(Object(App\Controllers\Empresa))
 5 SYSTEMPATH\CodeIgniter.php(361): CodeIgniter\CodeIgniter->handleRequest(null, Object(Config\Cache), false)
 6 FCPATH\index.php(79): CodeIgniter\CodeIgniter->run()
INFO - 2025-02-28 16:47:20 --> Session: Class initialized using 'CodeIgniter\Session\Handlers\FileHandler' driver.
INFO - 2025-02-28 16:47:29 --> Session: Class initialized using 'CodeIgniter\Session\Handlers\FileHandler' driver.
WARNING - 2025-02-28 16:47:29 --> [DEPRECATED] Creation of dynamic property App\Controllers\Empresa::$indexdeto is deprecated in APPPATH\Controllers\Empresa.php on line 1099.
 1 APPPATH\Controllers\Empresa.php(1078): App\Controllers\Empresa->_index()
 2 APPPATH\Controllers\Empresa.php(394): App\Controllers\Empresa->_param('2-220101')
 3 SYSTEMPATH\CodeIgniter.php(943): App\Controllers\Empresa->recibirdatos('2-220101', '0', '0', '0', '0')
 4 SYSTEMPATH\CodeIgniter.php(503): CodeIgniter\CodeIgniter->runController(Object(App\Controllers\Empresa))
 5 SYSTEMPATH\CodeIgniter.php(361): CodeIgniter\CodeIgniter->handleRequest(null, Object(Config\Cache), false)
 6 FCPATH\index.php(79): CodeIgniter\CodeIgniter->run()
WARNING - 2025-02-28 16:47:29 --> [DEPRECATED] trim(): Passing null to parameter #1 ($string) of type string is deprecated in SYSTEMPATH\Validation\Validation.php on line 315.
 1 SYSTEMPATH\Validation\Validation.php(315): trim(null)
 2 SYSTEMPATH\Validation\Validation.php(200): CodeIgniter\Validation\Validation->processRules('0', 'Nombre', null, [...], [...])
 3 APPPATH\Controllers\Empresa.php(461): CodeIgniter\Validation\Validation->run([...], null)
 4 SYSTEMPATH\CodeIgniter.php(943): App\Controllers\Empresa->recibirdatos('2-220101', '0', '0', '0', '0')
 5 SYSTEMPATH\CodeIgniter.php(503): CodeIgniter\CodeIgniter->runController(Object(App\Controllers\Empresa))
 6 SYSTEMPATH\CodeIgniter.php(361): CodeIgniter\CodeIgniter->handleRequest(null, Object(Config\Cache), false)
 7 FCPATH\index.php(79): CodeIgniter\CodeIgniter->run()
WARNING - 2025-02-28 16:47:29 --> [DEPRECATED] trim(): Passing null to parameter #1 ($string) of type string is deprecated in SYSTEMPATH\Validation\Validation.php on line 315.
 1 SYSTEMPATH\Validation\Validation.php(315): trim(null)
 2 SYSTEMPATH\Validation\Validation.php(200): CodeIgniter\Validation\Validation->processRules('1', 'Descripcion', null, [...], [...])
 3 APPPATH\Controllers\Empresa.php(461): CodeIgniter\Validation\Validation->run([...], null)
 4 SYSTEMPATH\CodeIgniter.php(943): App\Controllers\Empresa->recibirdatos('2-220101', '0', '0', '0', '0')
 5 SYSTEMPATH\CodeIgniter.php(503): CodeIgniter\CodeIgniter->runController(Object(App\Controllers\Empresa))
 6 SYSTEMPATH\CodeIgniter.php(361): CodeIgniter\CodeIgniter->handleRequest(null, Object(Config\Cache), false)
 7 FCPATH\index.php(79): CodeIgniter\CodeIgniter->run()
WARNING - 2025-02-28 16:47:29 --> [DEPRECATED] trim(): Passing null to parameter #1 ($string) of type string is deprecated in SYSTEMPATH\Validation\Validation.php on line 315.
 1 SYSTEMPATH\Validation\Validation.php(315): trim(null)
 2 SYSTEMPATH\Validation\Validation.php(200): CodeIgniter\Validation\Validation->processRules('2', 'Estado', null, [...], [...])
 3 APPPATH\Controllers\Empresa.php(461): CodeIgniter\Validation\Validation->run([...], null)
 4 SYSTEMPATH\CodeIgniter.php(943): App\Controllers\Empresa->recibirdatos('2-220101', '0', '0', '0', '0')
 5 SYSTEMPATH\CodeIgniter.php(503): CodeIgniter\CodeIgniter->runController(Object(App\Controllers\Empresa))
 6 SYSTEMPATH\CodeIgniter.php(361): CodeIgniter\CodeIgniter->handleRequest(null, Object(Config\Cache), false)
 7 FCPATH\index.php(79): CodeIgniter\CodeIgniter->run()
INFO - 2025-02-28 16:50:50 --> Session: Class initialized using 'CodeIgniter\Session\Handlers\FileHandler' driver.
WARNING - 2025-02-28 16:50:50 --> [DEPRECATED] Creation of dynamic property App\Controllers\Empresa::$indexdeto is deprecated in APPPATH\Controllers\Empresa.php on line 1100.
 1 APPPATH\Controllers\Empresa.php(1079): App\Controllers\Empresa->_index()
 2 APPPATH\Controllers\Empresa.php(394): App\Controllers\Empresa->_param('2-220101')
 3 SYSTEMPATH\CodeIgniter.php(943): App\Controllers\Empresa->recibirdatos('2-220101', '0', '0', '0', '0')
 4 SYSTEMPATH\CodeIgniter.php(503): CodeIgniter\CodeIgniter->runController(Object(App\Controllers\Empresa))
 5 SYSTEMPATH\CodeIgniter.php(361): CodeIgniter\CodeIgniter->handleRequest(null, Object(Config\Cache), false)
 6 FCPATH\index.php(79): CodeIgniter\CodeIgniter->run()
INFO - 2025-02-28 16:50:59 --> Session: Class initialized using 'CodeIgniter\Session\Handlers\FileHandler' driver.
INFO - 2025-02-28 16:51:04 --> Session: Class initialized using 'CodeIgniter\Session\Handlers\FileHandler' driver.
WARNING - 2025-02-28 16:51:04 --> [DEPRECATED] Creation of dynamic property App\Controllers\Empresa::$indexdeto is deprecated in APPPATH\Controllers\Empresa.php on line 1100.
 1 APPPATH\Controllers\Empresa.php(1079): App\Controllers\Empresa->_index()
 2 APPPATH\Controllers\Empresa.php(38): App\Controllers\Empresa->_param('2-220101')
 3 SYSTEMPATH\CodeIgniter.php(943): App\Controllers\Empresa->index('2-220101')
 4 SYSTEMPATH\CodeIgniter.php(503): CodeIgniter\CodeIgniter->runController(Object(App\Controllers\Empresa))
 5 SYSTEMPATH\CodeIgniter.php(361): CodeIgniter\CodeIgniter->handleRequest(null, Object(Config\Cache), false)
 6 FCPATH\index.php(79): CodeIgniter\CodeIgniter->run()
INFO - 2025-02-28 16:51:04 --> Session: Class initialized using 'CodeIgniter\Session\Handlers\FileHandler' driver.
INFO - 2025-02-28 16:51:13 --> Session: Class initialized using 'CodeIgniter\Session\Handlers\FileHandler' driver.
WARNING - 2025-02-28 16:51:13 --> [DEPRECATED] Creation of dynamic property App\Controllers\Empresa::$indexdeto is deprecated in APPPATH\Controllers\Empresa.php on line 1100.
 1 APPPATH\Controllers\Empresa.php(1079): App\Controllers\Empresa->_index()
 2 APPPATH\Controllers\Empresa.php(254): App\Controllers\Empresa->_param('2-220101')
 3 SYSTEMPATH\CodeIgniter.php(943): App\Controllers\Empresa->nuevo('2-220101')
 4 SYSTEMPATH\CodeIgniter.php(503): CodeIgniter\CodeIgniter->runController(Object(App\Controllers\Empresa))
 5 SYSTEMPATH\CodeIgniter.php(361): CodeIgniter\CodeIgniter->handleRequest(null, Object(Config\Cache), false)
 6 FCPATH\index.php(79): CodeIgniter\CodeIgniter->run()
INFO - 2025-02-28 16:51:14 --> Session: Class initialized using 'CodeIgniter\Session\Handlers\FileHandler' driver.
INFO - 2025-02-28 16:53:19 --> Session: Class initialized using 'CodeIgniter\Session\Handlers\FileHandler' driver.
WARNING - 2025-02-28 16:53:19 --> [DEPRECATED] Creation of dynamic property App\Controllers\Empresa::$indexdeto is deprecated in APPPATH\Controllers\Empresa.php on line 1100.
 1 APPPATH\Controllers\Empresa.php(1079): App\Controllers\Empresa->_index()
 2 APPPATH\Controllers\Empresa.php(394): App\Controllers\Empresa->_param('2-220101')
 3 SYSTEMPATH\CodeIgniter.php(943): App\Controllers\Empresa->recibirdatos('2-220101', '0', '0', '0', '0')
 4 SYSTEMPATH\CodeIgniter.php(503): CodeIgniter\CodeIgniter->runController(Object(App\Controllers\Empresa))
 5 SYSTEMPATH\CodeIgniter.php(361): CodeIgniter\CodeIgniter->handleRequest(null, Object(Config\Cache), false)
 6 FCPATH\index.php(79): CodeIgniter\CodeIgniter->run()
INFO - 2025-02-28 17:00:14 --> Session: Class initialized using 'CodeIgniter\Session\Handlers\FileHandler' driver.
INFO - 2025-02-28 17:00:14 --> Session: Class initialized using 'CodeIgniter\Session\Handlers\FileHandler' driver.
INFO - 2025-02-28 17:01:42 --> Session: Class initialized using 'CodeIgniter\Session\Handlers\FileHandler' driver.
INFO - 2025-02-28 17:02:21 --> Session: Class initialized using 'CodeIgniter\Session\Handlers\FileHandler' driver.
INFO - 2025-02-28 17:02:22 --> Session: Class initialized using 'CodeIgniter\Session\Handlers\FileHandler' driver.
INFO - 2025-02-28 17:05:02 --> Session: Class initialized using 'CodeIgniter\Session\Handlers\FileHandler' driver.
WARNING - 2025-02-28 17:05:02 --> [DEPRECATED] Creation of dynamic property App\Controllers\Empresa::$indexdeto is deprecated in APPPATH\Controllers\Empresa.php on line 1102.
 1 APPPATH\Controllers\Empresa.php(1081): App\Controllers\Empresa->_index()
 2 APPPATH\Controllers\Empresa.php(38): App\Controllers\Empresa->_param('2-220101')
 3 SYSTEMPATH\CodeIgniter.php(943): App\Controllers\Empresa->index('2-220101')
 4 SYSTEMPATH\CodeIgniter.php(503): CodeIgniter\CodeIgniter->runController(Object(App\Controllers\Empresa))
 5 SYSTEMPATH\CodeIgniter.php(361): CodeIgniter\CodeIgniter->handleRequest(null, Object(Config\Cache), false)
 6 FCPATH\index.php(79): CodeIgniter\CodeIgniter->run()
INFO - 2025-02-28 17:05:03 --> Session: Class initialized using 'CodeIgniter\Session\Handlers\FileHandler' driver.
INFO - 2025-02-28 17:05:13 --> Session: Class initialized using 'CodeIgniter\Session\Handlers\FileHandler' driver.
WARNING - 2025-02-28 17:05:13 --> [DEPRECATED] Creation of dynamic property App\Controllers\Empresa::$indexdeto is deprecated in APPPATH\Controllers\Empresa.php on line 1102.
 1 APPPATH\Controllers\Empresa.php(1081): App\Controllers\Empresa->_index()
 2 APPPATH\Controllers\Empresa.php(254): App\Controllers\Empresa->_param('2-220101')
 3 SYSTEMPATH\CodeIgniter.php(943): App\Controllers\Empresa->nuevo('2-220101')
 4 SYSTEMPATH\CodeIgniter.php(503): CodeIgniter\CodeIgniter->runController(Object(App\Controllers\Empresa))
 5 SYSTEMPATH\CodeIgniter.php(361): CodeIgniter\CodeIgniter->handleRequest(null, Object(Config\Cache), false)
 6 FCPATH\index.php(79): CodeIgniter\CodeIgniter->run()
INFO - 2025-02-28 17:05:15 --> Session: Class initialized using 'CodeIgniter\Session\Handlers\FileHandler' driver.
INFO - 2025-02-28 17:05:28 --> Session: Class initialized using 'CodeIgniter\Session\Handlers\FileHandler' driver.
WARNING - 2025-02-28 17:05:28 --> [DEPRECATED] Creation of dynamic property App\Controllers\Empresa::$indexdeto is deprecated in APPPATH\Controllers\Empresa.php on line 1102.
 1 APPPATH\Controllers\Empresa.php(1081): App\Controllers\Empresa->_index()
 2 APPPATH\Controllers\Empresa.php(394): App\Controllers\Empresa->_param('2-220101')
 3 SYSTEMPATH\CodeIgniter.php(943): App\Controllers\Empresa->recibirdatos('2-220101', '0', '0', '0', '0')
 4 SYSTEMPATH\CodeIgniter.php(503): CodeIgniter\CodeIgniter->runController(Object(App\Controllers\Empresa))
 5 SYSTEMPATH\CodeIgniter.php(361): CodeIgniter\CodeIgniter->handleRequest(null, Object(Config\Cache), false)
 6 FCPATH\index.php(79): CodeIgniter\CodeIgniter->run()
INFO - 2025-02-28 17:10:29 --> Session: Class initialized using 'CodeIgniter\Session\Handlers\FileHandler' driver.
INFO - 2025-02-28 17:10:29 --> Session: Class initialized using 'CodeIgniter\Session\Handlers\FileHandler' driver.
INFO - 2025-02-28 22:02:59 --> Session: Class initialized using 'CodeIgniter\Session\Handlers\FileHandler' driver.
INFO - 2025-02-28 22:03:01 --> Session: Class initialized using 'CodeIgniter\Session\Handlers\FileHandler' driver.
CRITICAL - 2025-02-28 22:03:01 --> ErrorException: unlink(C:\inetpub\wwwroot\HCbpms\writable\debugbar/debugbar_1740778251.657964.json): No such file or directory
in SYSTEMPATH\Debug\Toolbar\Collectors\History.php on line 80.
 1 [internal function]: CodeIgniter\Debug\Exceptions->errorHandler(2, 'unlink(C:\\inetpub\\wwwroot\\HCbpms\\writable\\debugbar/debugbar_1740778251.657964.json): No such file or directory', 'C:\\inetpub\\wwwroot\\HCbpms\\system\\Debug\\Toolbar\\Collectors\\History.php', 80)
 2 SYSTEMPATH\Debug\Toolbar\Collectors\History.php(80): unlink('C:\\inetpub\\wwwroot\\HCbpms\\writable\\debugbar/debugbar_1740778251.657964.json')
 3 SYSTEMPATH\Debug\Toolbar.php(496): CodeIgniter\Debug\Toolbar\Collectors\History->setFiles('1740798180.532970', 20)
 4 SYSTEMPATH\Debug\Toolbar.php(475): CodeIgniter\Debug\Toolbar->format([...], 'html')
 5 APPPATH\Config\Events.php(47): CodeIgniter\Debug\Toolbar->respond()
 6 SYSTEMPATH\Events\Events.php(154): CodeIgniter\Events\Events::Config\{closure}()
 7 SYSTEMPATH\CodeIgniter.php(442): CodeIgniter\Events\Events::trigger('pre_system')
 8 SYSTEMPATH\CodeIgniter.php(361): CodeIgniter\CodeIgniter->handleRequest(null, Object(Config\Cache), false)
 9 FCPATH\index.php(79): CodeIgniter\CodeIgniter->run()
INFO - 2025-02-28 22:03:07 --> Session: Class initialized using 'CodeIgniter\Session\Handlers\FileHandler' driver.
WARNING - 2025-02-28 22:03:07 --> [DEPRECATED] Creation of dynamic property App\Controllers\Empresa::$indexdeto is deprecated in APPPATH\Controllers\Empresa.php on line 1102.
 1 APPPATH\Controllers\Empresa.php(1081): App\Controllers\Empresa->_index()
 2 APPPATH\Controllers\Empresa.php(38): App\Controllers\Empresa->_param('2-220101')
 3 SYSTEMPATH\CodeIgniter.php(943): App\Controllers\Empresa->index('2-220101')
 4 SYSTEMPATH\CodeIgniter.php(503): CodeIgniter\CodeIgniter->runController(Object(App\Controllers\Empresa))
 5 SYSTEMPATH\CodeIgniter.php(361): CodeIgniter\CodeIgniter->handleRequest(null, Object(Config\Cache), false)
 6 FCPATH\index.php(79): CodeIgniter\CodeIgniter->run()
INFO - 2025-02-28 22:03:09 --> Session: Class initialized using 'CodeIgniter\Session\Handlers\FileHandler' driver.
INFO - 2025-02-28 22:09:42 --> Session: Class initialized using 'CodeIgniter\Session\Handlers\FileHandler' driver.
INFO - 2025-02-28 22:09:42 --> Session: Class initialized using 'CodeIgniter\Session\Handlers\FileHandler' driver.
