INFO - 2025-02-18 00:01:46 --> Session: Class initialized using 'CodeIgniter\Session\Handlers\FileHandler' driver.
INFO - 2025-02-18 00:01:50 --> Session: Class initialized using 'CodeIgniter\Session\Handlers\FileHandler' driver.
INFO - 2025-02-18 00:08:09 --> Session: Class initialized using 'CodeIgniter\Session\Handlers\FileHandler' driver.
INFO - 2025-02-18 00:08:10 --> Session: Class initialized using 'CodeIgniter\Session\Handlers\FileHandler' driver.
INFO - 2025-02-18 00:18:46 --> Session: Class initialized using 'CodeIgniter\Session\Handlers\FileHandler' driver.
INFO - 2025-02-18 00:18:46 --> Session: Class initialized using 'CodeIgniter\Session\Handlers\FileHandler' driver.
INFO - 2025-02-18 00:19:09 --> Session: Class initialized using 'CodeIgniter\Session\Handlers\FileHandler' driver.
CRITICAL - 2025-02-18 00:19:09 --> ErrorException: Undefined array key 0
in APPPATH\Helpers\TransacProducto_helper.php on line 35.
 1 APPPATH\Helpers\TransacProducto_helper.php(35): CodeIgniter\Debug\Exceptions->errorHandler(2, 'Undefined array key 0', 'C:\\inetpub\\wwwroot\\HCbpms\\app\\Helpers\\TransacProducto_helper.php', 35)
 2 APPPATH\Controllers\Empresa.php(313): obtenerConfiguracionTransaccion(0)
 3 APPPATH\Controllers\Empresa.php(37): App\Controllers\Empresa->_param('4-440101')
 4 SYSTEMPATH\CodeIgniter.php(943): App\Controllers\Empresa->index('4-440101')
 5 SYSTEMPATH\CodeIgniter.php(503): CodeIgniter\CodeIgniter->runController(Object(App\Controllers\Empresa))
 6 SYSTEMPATH\CodeIgniter.php(361): CodeIgniter\CodeIgniter->handleRequest(null, Object(Config\Cache), false)
 7 FCPATH\index.php(79): CodeIgniter\CodeIgniter->run()
INFO - 2025-02-18 00:20:23 --> Session: Class initialized using 'CodeIgniter\Session\Handlers\FileHandler' driver.
INFO - 2025-02-18 00:20:27 --> Session: Class initialized using 'CodeIgniter\Session\Handlers\FileHandler' driver.
INFO - 2025-02-18 00:22:11 --> Session: Class initialized using 'CodeIgniter\Session\Handlers\FileHandler' driver.
INFO - 2025-02-18 00:22:14 --> Session: Class initialized using 'CodeIgniter\Session\Handlers\FileHandler' driver.
CRITICAL - 2025-02-18 00:22:15 --> ErrorException: Undefined array key "prm"
in APPPATH\Views\empresa\emp_lst.php on line 9.
 1 APPPATH\Views\empresa\emp_lst.php(9): CodeIgniter\Debug\Exceptions->errorHandler(2, 'Undefined array key "prm"', 'C:\\inetpub\\wwwroot\\HCbpms\\app\\Views\\empresa\\emp_lst.php', 9)
 2 SYSTEMPATH\View\View.php(228): include('C:\\inetpub\\wwwroot\\HCbpms\\app\\Views\\empresa\\emp_lst.php')
 3 SYSTEMPATH\View\View.php(231): CodeIgniter\View\View->CodeIgniter\View\{closure}()
 4 SYSTEMPATH\Common.php(1178): CodeIgniter\View\View->render('empresa/emp_lst', [], true)
 5 APPPATH\Controllers\Empresa.php(64): view('empresa/emp_lst', [...])
 6 APPPATH\Controllers\Empresa.php(39): App\Controllers\Empresa->___index()
 7 SYSTEMPATH\CodeIgniter.php(943): App\Controllers\Empresa->index('4-440101')
 8 SYSTEMPATH\CodeIgniter.php(503): CodeIgniter\CodeIgniter->runController(Object(App\Controllers\Empresa))
 9 SYSTEMPATH\CodeIgniter.php(361): CodeIgniter\CodeIgniter->handleRequest(null, Object(Config\Cache), false)
10 FCPATH\index.php(79): CodeIgniter\CodeIgniter->run()
INFO - 2025-02-18 00:27:19 --> Session: Class initialized using 'CodeIgniter\Session\Handlers\FileHandler' driver.
INFO - 2025-02-18 00:27:19 --> Session: Class initialized using 'CodeIgniter\Session\Handlers\FileHandler' driver.
